#
# There is insufficient memory for the Java Runtime Environment to continue.
# Native memory allocation (mmap) failed to map 68157440 bytes for Failed to commit area from 0x0000000094100000 to 0x0000000098200000 of length 68157440.
# Possible reasons:
#   The system is out of physical RAM or swap space
#   The process is running with CompressedOops enabled, and the Java Heap may be blocking the growth of the native heap
# Possible solutions:
#   Reduce memory load on the system
#   Increase physical memory or swap space
#   Check if swap backing store is full
#   Decrease Java heap size (-Xmx/-Xms)
#   Decrease number of Java threads
#   Decrease Java thread stack sizes (-Xss)
#   Set larger code cache with -XX:ReservedCodeCacheSize=
#   JVM is running with Unscaled Compressed Oops mode in which the Java heap is
#     placed in the first 4GB address space. The Java Heap base address is the
#     maximum limit for the native heap growth. Please use -XX:HeapBaseMinAddress
#     to set the Java Heap base and to place the Java Heap above 4GB virtual address.
# This output file may be truncated or incomplete.
#
#  Out of Memory Error (src/hotspot/os/windows/os_windows.cpp:3627), pid=11720, tid=13608
#
# JRE version: OpenJDK Runtime Environment (11.0.15) (build 11.0.15+0-b2043.56-9505619)
# Java VM: OpenJDK 64-Bit Server VM (11.0.15+0-b2043.56-9505619, mixed mode, tiered, compressed oops, g1 gc, windows-amd64)
# No core dump will be written. Minidumps are not enabled by default on client versions of Windows
#

---------------  S U M M A R Y ------------

Command Line: --add-opens=java.base/java.util=ALL-UNNAMED --add-opens=java.base/java.lang=ALL-UNNAMED --add-opens=java.base/java.lang.invoke=ALL-UNNAMED --add-opens=java.base/java.util=ALL-UNNAMED --add-opens=java.prefs/java.util.prefs=ALL-UNNAMED --add-opens=java.prefs/java.util.prefs=ALL-UNNAMED --add-opens=java.base/java.nio.charset=ALL-UNNAMED --add-opens=java.base/java.net=ALL-UNNAMED --add-opens=java.base/java.util.concurrent.atomic=ALL-UNNAMED -Xmx2048m -Dfile.encoding=UTF-8 -Duser.country=ID -Duser.language=en -Duser.variant org.gradle.launcher.daemon.bootstrap.GradleDaemon 7.5

Host: Intel(R) Core(TM) i5-7200U CPU @ 2.50GHz, 4 cores, 7G,  Windows 10 , 64 bit Build 19041 (10.0.19041.3031)
Time: Wed Jun 21 20:30:37 2023 SE Asia Standard Time elapsed time: 590.606088 seconds (0d 0h 9m 50s)

---------------  T H R E A D  ---------------

Current thread (0x000001a5ff656800):  VMThread "VM Thread" [stack: 0x000000861de00000,0x000000861df00000] [id=13608]

Stack: [0x000000861de00000,0x000000861df00000]
[error occurred during error reporting (printing stack bounds), id 0xc0000005, EXCEPTION_ACCESS_VIOLATION (0xc0000005) at pc=0x000001a58000112d]

Native frames: (J=compiled Java code, j=interpreted, Vv=VM code, C=native code)
V  [jvm.dll+0x64135a]
V  [jvm.dll+0x7d39f9]
V  [jvm.dll+0x7d51b9]
V  [jvm.dll+0x7d5805]
V  [jvm.dll+0x7d57bb]
V  [jvm.dll+0x640655]
V  [jvm.dll+0x640d68]
C  [ntdll.dll+0xa247f]
C  [ntdll.dll+0x514f4]
C  [ntdll.dll+0xa0f8e]
C  0x000001a58000112d

VM_Operation (0x00000086236fc680): G1CollectForAllocation, mode: safepoint, requested by thread 0x000001a5972ac800


---------------  P R O C E S S  ---------------

Threads class SMR info:
_java_thread_list=0x000001a593999d50, length=89, elements={
0x000001a5f6a33000, 0x000001a5ff659000, 0x000001a5ff65a000, 0x000001a5ff672000,
0x000001a5ff673000, 0x000001a5ff675000, 0x000001a5ff678800, 0x000001a5ff67c800,
0x000001a5ff686800, 0x000001a591193800, 0x000001a592793800, 0x000001a592787800,
0x000001a592997000, 0x000001a591ec5800, 0x000001a591ec8800, 0x000001a591ec6000,
0x000001a591ec7000, 0x000001a591ec9800, 0x000001a591ec8000, 0x000001a591eca800,
0x000001a591ec4800, 0x000001a591ecb000, 0x000001a5917b6800, 0x000001a5917bd000,
0x000001a5930d7000, 0x000001a5930ce800, 0x000001a5930cf800, 0x000001a5930d0000,
0x000001a5930d1000, 0x000001a5930cb800, 0x000001a5930ce000, 0x000001a5930d2000,
0x000001a5930cc000, 0x000001a5930d2800, 0x000001a5930cd000, 0x000001a5930d7800,
0x000001a5930d4800, 0x000001a5930d5000, 0x000001a5930d6000, 0x000001a5930d8800,
0x000001a5930d9000, 0x000001a5930d3800, 0x000001a5930da000, 0x000001a5917ba000,
0x000001a5917b9000, 0x000001a5917bb800, 0x000001a5917b5800, 0x000001a5917bc800,
0x000001a5917b7800, 0x000001a5917be000, 0x000001a5917b8000, 0x000001a5917c0800,
0x000001a5917be800, 0x000001a5917c3000, 0x000001a5917c2000, 0x000001a5917c3800,
0x000001a5917c4800, 0x000001a5917bf800, 0x000001a5917c1000, 0x000001a5a00b4800,
0x000001a5a00b1000, 0x000001a5a00b2000, 0x000001a5a00b8800, 0x000001a5a00b3000,
0x000001a5a00b6000, 0x000001a5a00b9800, 0x000001a5a00b3800, 0x000001a5a00b5800,
0x000001a5a00bc000, 0x000001a5a00ba000, 0x000001a5a00bb000, 0x000001a5a00bc800,
0x000001a5a00b7000, 0x000001a5a00bd800, 0x000001a5a00b7800, 0x000001a5a00bf000,
0x000001a5a00be000, 0x000001a5a00c0000, 0x000001a5972a7000, 0x000001a5972ab000,
0x000001a5972ab800, 0x000001a5972a9800, 0x000001a5972ad800, 0x000001a5972aa000,
0x000001a5972ac800, 0x000001a5a0a0f000, 0x000001a5972a7800, 0x000001a59a846000,
0x000001a59a847800
}

Java Threads: ( => current thread )
  0x000001a5f6a33000 JavaThread "main" [_thread_blocked, id=528, stack(0x000000861d800000,0x000000861d900000)]
  0x000001a5ff659000 JavaThread "Reference Handler" daemon [_thread_blocked, id=11876, stack(0x000000861df00000,0x000000861e000000)]
  0x000001a5ff65a000 JavaThread "Finalizer" daemon [_thread_blocked, id=4816, stack(0x000000861e000000,0x000000861e100000)]
  0x000001a5ff672000 JavaThread "Signal Dispatcher" daemon [_thread_blocked, id=5444, stack(0x000000861e100000,0x000000861e200000)]
  0x000001a5ff673000 JavaThread "Attach Listener" daemon [_thread_blocked, id=4100, stack(0x000000861e200000,0x000000861e300000)]
  0x000001a5ff675000 JavaThread "Service Thread" daemon [_thread_blocked, id=4532, stack(0x000000861e300000,0x000000861e400000)]
  0x000001a5ff678800 JavaThread "C2 CompilerThread0" daemon [_thread_blocked, id=2792, stack(0x000000861e400000,0x000000861e500000)]
  0x000001a5ff67c800 JavaThread "C1 CompilerThread0" daemon [_thread_blocked, id=13744, stack(0x000000861e500000,0x000000861e600000)]
  0x000001a5ff686800 JavaThread "Sweeper thread" daemon [_thread_blocked, id=4320, stack(0x000000861e600000,0x000000861e700000)]
  0x000001a591193800 JavaThread "Common-Cleaner" daemon [_thread_blocked, id=13768, stack(0x000000861e700000,0x000000861e800000)]
  0x000001a592793800 JavaThread "Daemon health stats" [_thread_blocked, id=10976, stack(0x000000861e900000,0x000000861ea00000)]
  0x000001a592787800 JavaThread "Incoming local TCP Connector on port 55631" [_thread_in_native, id=14016, stack(0x000000861ec00000,0x000000861ed00000)]
  0x000001a592997000 JavaThread "Daemon periodic checks" [_thread_blocked, id=11176, stack(0x000000861ed00000,0x000000861ee00000)]
  0x000001a591ec5800 JavaThread "Cache worker for journal cache (C:\Users\HIDAYAT\.gradle\caches\journal-1)" [_thread_blocked, id=6728, stack(0x000000861f600000,0x000000861f700000)]
  0x000001a591ec8800 JavaThread "File lock request listener" [_thread_in_native, id=15012, stack(0x000000861f700000,0x000000861f800000)]
  0x000001a591ec6000 JavaThread "Cache worker for file hash cache (C:\Users\HIDAYAT\.gradle\caches\7.5\fileHashes)" [_thread_blocked, id=12272, stack(0x000000861f800000,0x000000861f900000)]
  0x000001a591ec7000 JavaThread "File watcher server" daemon [_thread_blocked, id=5340, stack(0x000000861f900000,0x000000861fa00000)]
  0x000001a591ec9800 JavaThread "File watcher consumer" daemon [_thread_blocked, id=14764, stack(0x000000861fa00000,0x000000861fb00000)]
  0x000001a591ec8000 JavaThread "jar transforms" [_thread_blocked, id=10944, stack(0x000000861fc00000,0x000000861fd00000)]
  0x000001a591eca800 JavaThread "jar transforms Thread 2" [_thread_blocked, id=6200, stack(0x000000861fd00000,0x000000861fe00000)]
  0x000001a591ec4800 JavaThread "jar transforms Thread 3" [_thread_blocked, id=7308, stack(0x000000861fe00000,0x000000861ff00000)]
  0x000001a591ecb000 JavaThread "jar transforms Thread 4" [_thread_blocked, id=1328, stack(0x000000861ff00000,0x0000008620000000)]
  0x000001a5917b6800 JavaThread "Cache worker for file content cache (C:\Users\HIDAYAT\.gradle\caches\7.5\fileContent)" [_thread_blocked, id=1272, stack(0x0000008620200000,0x0000008620300000)]
  0x000001a5917bd000 JavaThread "Cache worker for execution history cache (C:\Users\HIDAYAT\.gradle\caches\7.5\executionHistory)" [_thread_blocked, id=3764, stack(0x0000008620500000,0x0000008620600000)]
  0x000001a5930d7000 JavaThread "Memory manager" [_thread_blocked, id=5980, stack(0x0000008623000000,0x0000008623100000)]
  0x000001a5930ce800 JavaThread "Daemon Thread 3" [_thread_blocked, id=6276, stack(0x000000861d500000,0x000000861d600000)]
  0x000001a5930cf800 JavaThread "Handler for socket connection from /127.0.0.1:55631 to /127.0.0.1:56399" [_thread_in_native, id=676, stack(0x000000861d600000,0x000000861d700000)]
  0x000001a5930d0000 JavaThread "Cancel handler" [_thread_blocked, id=13936, stack(0x000000861d700000,0x000000861d800000)]
  0x000001a5930d1000 JavaThread "Daemon worker Thread 3" [_thread_blocked, id=312, stack(0x000000861ee00000,0x000000861ef00000)]
  0x000001a5930cb800 JavaThread "Asynchronous log dispatcher for DefaultDaemonConnection: socket connection from /127.0.0.1:55631 to /127.0.0.1:56399" [_thread_blocked, id=1308, stack(0x000000861ef00000,0x000000861f000000)]
  0x000001a5930ce000 JavaThread "Stdin handler" [_thread_blocked, id=10848, stack(0x000000861f000000,0x000000861f100000)]
  0x000001a5930d2000 JavaThread "Daemon client event forwarder" [_thread_blocked, id=8344, stack(0x000000861f100000,0x000000861f200000)]
  0x000001a5930cc000 JavaThread "Cache worker for checksums cache (D:\Perkuliahan\Semester6\AKB\NearbyResto\.gradle\7.5\checksums)" [_thread_blocked, id=4172, stack(0x000000861f200000,0x000000861f300000)]
  0x000001a5930d2800 JavaThread "Cache worker for cache directory md-rule (C:\Users\HIDAYAT\.gradle\caches\7.5\md-rule)" [_thread_blocked, id=6832, stack(0x000000861f300000,0x000000861f400000)]
  0x000001a5930cd000 JavaThread "Cache worker for file hash cache (D:\Perkuliahan\Semester6\AKB\NearbyResto\.gradle\7.5\fileHashes)" [_thread_blocked, id=14548, stack(0x000000861f400000,0x000000861f500000)]
  0x000001a5930d7800 JavaThread "Cache worker for cache directory md-supplier (C:\Users\HIDAYAT\.gradle\caches\7.5\md-supplier)" [_thread_blocked, id=996, stack(0x000000861fb00000,0x000000861fc00000)]
  0x000001a5930d4800 JavaThread "Cache worker for dependencies-accessors (D:\Perkuliahan\Semester6\AKB\NearbyResto\.gradle\7.5\dependencies-accessors)" [_thread_blocked, id=14000, stack(0x0000008620000000,0x0000008620100000)]
  0x000001a5930d5000 JavaThread "Cache worker for Build Output Cleanup Cache (D:\Perkuliahan\Semester6\AKB\NearbyResto\.gradle\buildOutputCleanup)" [_thread_blocked, id=2512, stack(0x0000008620300000,0x0000008620400000)]
  0x000001a5930d6000 JavaThread "Unconstrained build operations" [_thread_blocked, id=14736, stack(0x0000008620400000,0x0000008620500000)]
  0x000001a5930d8800 JavaThread "Unconstrained build operations Thread 2" [_thread_blocked, id=2672, stack(0x0000008620600000,0x0000008620700000)]
  0x000001a5930d9000 JavaThread "Unconstrained build operations Thread 3" [_thread_blocked, id=5112, stack(0x0000008620700000,0x0000008620800000)]
  0x000001a5930d3800 JavaThread "Unconstrained build operations Thread 4" [_thread_blocked, id=14192, stack(0x0000008620800000,0x0000008620900000)]
  0x000001a5930da000 JavaThread "Unconstrained build operations Thread 5" [_thread_blocked, id=8776, stack(0x0000008620900000,0x0000008620a00000)]
  0x000001a5917ba000 JavaThread "Unconstrained build operations Thread 6" [_thread_blocked, id=15192, stack(0x0000008620a00000,0x0000008620b00000)]
  0x000001a5917b9000 JavaThread "Unconstrained build operations Thread 7" [_thread_blocked, id=2404, stack(0x0000008620b00000,0x0000008620c00000)]
  0x000001a5917bb800 JavaThread "Unconstrained build operations Thread 8" [_thread_blocked, id=8464, stack(0x0000008620c00000,0x0000008620d00000)]
  0x000001a5917b5800 JavaThread "Unconstrained build operations Thread 9" [_thread_blocked, id=12864, stack(0x0000008620d00000,0x0000008620e00000)]
  0x000001a5917bc800 JavaThread "Unconstrained build operations Thread 10" [_thread_blocked, id=5516, stack(0x0000008620e00000,0x0000008620f00000)]
  0x000001a5917b7800 JavaThread "Unconstrained build operations Thread 11" [_thread_blocked, id=7132, stack(0x0000008620f00000,0x0000008621000000)]
  0x000001a5917be000 JavaThread "Unconstrained build operations Thread 12" [_thread_blocked, id=1868, stack(0x0000008621000000,0x0000008621100000)]
  0x000001a5917b8000 JavaThread "Unconstrained build operations Thread 13" [_thread_blocked, id=11448, stack(0x0000008621100000,0x0000008621200000)]
  0x000001a5917c0800 JavaThread "Unconstrained build operations Thread 14" [_thread_blocked, id=2840, stack(0x0000008621200000,0x0000008621300000)]
  0x000001a5917be800 JavaThread "Unconstrained build operations Thread 15" [_thread_blocked, id=10444, stack(0x0000008621300000,0x0000008621400000)]
  0x000001a5917c3000 JavaThread "Unconstrained build operations Thread 16" [_thread_blocked, id=2436, stack(0x0000008621400000,0x0000008621500000)]
  0x000001a5917c2000 JavaThread "Unconstrained build operations Thread 17" [_thread_blocked, id=4952, stack(0x0000008621500000,0x0000008621600000)]
  0x000001a5917c3800 JavaThread "Unconstrained build operations Thread 18" [_thread_blocked, id=3920, stack(0x0000008621600000,0x0000008621700000)]
  0x000001a5917c4800 JavaThread "Unconstrained build operations Thread 19" [_thread_blocked, id=1332, stack(0x0000008621700000,0x0000008621800000)]
  0x000001a5917bf800 JavaThread "Unconstrained build operations Thread 20" [_thread_blocked, id=1612, stack(0x0000008621800000,0x0000008621900000)]
  0x000001a5917c1000 JavaThread "Unconstrained build operations Thread 21" [_thread_blocked, id=5064, stack(0x0000008621900000,0x0000008621a00000)]
  0x000001a5a00b4800 JavaThread "Unconstrained build operations Thread 22" [_thread_blocked, id=14408, stack(0x0000008621a00000,0x0000008621b00000)]
  0x000001a5a00b1000 JavaThread "Unconstrained build operations Thread 23" [_thread_blocked, id=7928, stack(0x0000008621b00000,0x0000008621c00000)]
  0x000001a5a00b2000 JavaThread "Unconstrained build operations Thread 24" [_thread_blocked, id=3204, stack(0x0000008621c00000,0x0000008621d00000)]
  0x000001a5a00b8800 JavaThread "Unconstrained build operations Thread 25" [_thread_blocked, id=11888, stack(0x0000008621d00000,0x0000008621e00000)]
  0x000001a5a00b3000 JavaThread "Unconstrained build operations Thread 26" [_thread_blocked, id=11228, stack(0x0000008621e00000,0x0000008621f00000)]
  0x000001a5a00b6000 JavaThread "Unconstrained build operations Thread 27" [_thread_blocked, id=1280, stack(0x0000008621f00000,0x0000008622000000)]
  0x000001a5a00b9800 JavaThread "Unconstrained build operations Thread 28" [_thread_blocked, id=9516, stack(0x0000008622000000,0x0000008622100000)]
  0x000001a5a00b3800 JavaThread "Unconstrained build operations Thread 29" [_thread_blocked, id=10028, stack(0x0000008622100000,0x0000008622200000)]
  0x000001a5a00b5800 JavaThread "Unconstrained build operations Thread 30" [_thread_blocked, id=3480, stack(0x0000008622200000,0x0000008622300000)]
  0x000001a5a00bc000 JavaThread "Unconstrained build operations Thread 31" [_thread_blocked, id=272, stack(0x0000008622300000,0x0000008622400000)]
  0x000001a5a00ba000 JavaThread "Unconstrained build operations Thread 32" [_thread_blocked, id=11480, stack(0x0000008622400000,0x0000008622500000)]
  0x000001a5a00bb000 JavaThread "Unconstrained build operations Thread 33" [_thread_blocked, id=3496, stack(0x0000008622500000,0x0000008622600000)]
  0x000001a5a00bc800 JavaThread "Unconstrained build operations Thread 34" [_thread_blocked, id=11200, stack(0x0000008622600000,0x0000008622700000)]
  0x000001a5a00b7000 JavaThread "Unconstrained build operations Thread 35" [_thread_blocked, id=13024, stack(0x0000008622700000,0x0000008622800000)]
  0x000001a5a00bd800 JavaThread "Unconstrained build operations Thread 36" [_thread_blocked, id=2956, stack(0x0000008622800000,0x0000008622900000)]
  0x000001a5a00b7800 JavaThread "Unconstrained build operations Thread 37" [_thread_blocked, id=11660, stack(0x0000008622900000,0x0000008622a00000)]
  0x000001a5a00bf000 JavaThread "Unconstrained build operations Thread 38" [_thread_blocked, id=476, stack(0x0000008622a00000,0x0000008622b00000)]
  0x000001a5a00be000 JavaThread "Unconstrained build operations Thread 39" [_thread_blocked, id=4564, stack(0x0000008622b00000,0x0000008622c00000)]
  0x000001a5a00c0000 JavaThread "Unconstrained build operations Thread 40" [_thread_blocked, id=1636, stack(0x0000008622c00000,0x0000008622d00000)]
  0x000001a5972a7000 JavaThread "build event listener" [_thread_blocked, id=12176, stack(0x0000008622d00000,0x0000008622e00000)]
  0x000001a5972ab000 JavaThread "included builds" [_thread_blocked, id=12168, stack(0x0000008622e00000,0x0000008622f00000)]
  0x000001a5972ab800 JavaThread "Execution worker" [_thread_blocked, id=9620, stack(0x0000008622f00000,0x0000008623000000)]
  0x000001a5972a9800 JavaThread "Execution worker Thread 2" [_thread_blocked, id=7892, stack(0x0000008623300000,0x0000008623400000)]
  0x000001a5972ad800 JavaThread "Execution worker Thread 3" [_thread_blocked, id=5564, stack(0x0000008623400000,0x0000008623500000)]
  0x000001a5972aa000 JavaThread "Cache worker for execution history cache (D:\Perkuliahan\Semester6\AKB\NearbyResto\.gradle\7.5\executionHistory)" [_thread_blocked, id=10864, stack(0x0000008623500000,0x0000008623600000)]
  0x000001a5972ac800 JavaThread "WorkerExecutor Queue" [_thread_blocked, id=7624, stack(0x0000008623600000,0x0000008623700000)]
  0x000001a5a0a0f000 JavaThread "C2 CompilerThread1" daemon [_thread_blocked, id=11032, stack(0x0000008620100000,0x0000008620200000)]
  0x000001a5972a7800 JavaThread "WorkerExecutor Queue Thread 2" [_thread_blocked, id=120, stack(0x0000008623800000,0x0000008623900000)]
  0x000001a59a846000 JavaThread "WorkerExecutor Queue Thread 3" [_thread_blocked, id=3208, stack(0x0000008623a00000,0x0000008623b00000)]
  0x000001a59a847800 JavaThread "WorkerExecutor Queue Thread 4" [_thread_blocked, id=12484, stack(0x0000008623b00000,0x0000008623c00000)]

Other Threads:
=>0x000001a5ff656800 VMThread "VM Thread" [stack: 0x000000861de00000,0x000000861df00000] [id=13608]
  0x000001a5911be800 WatcherThread [stack: 0x000000861e800000,0x000000861e900000] [id=10560]
  0x000001a5f6a4b800 GCTaskThread "GC Thread#0" [stack: 0x000000861d900000,0x000000861da00000] [id=4496]
  0x000001a591814000 GCTaskThread "GC Thread#1" [stack: 0x000000861ea00000,0x000000861eb00000] [id=12576]
  0x000001a591b89800 GCTaskThread "GC Thread#2" [stack: 0x000000861eb00000,0x000000861ec00000] [id=11524]
  0x000001a591ece800 GCTaskThread "GC Thread#3" [stack: 0x000000861f500000,0x000000861f600000] [id=13088]
  0x000001a5f6a7f800 ConcurrentGCThread "G1 Main Marker" [stack: 0x000000861da00000,0x000000861db00000] [id=7156]
  0x000001a5f6a81000 ConcurrentGCThread "G1 Conc#0" [stack: 0x000000861db00000,0x000000861dc00000] [id=4868]
  0x000001a5ff4b0800 ConcurrentGCThread "G1 Refine#0" [stack: 0x000000861dc00000,0x000000861dd00000] [id=13280]
  0x000001a5ff4b1000 ConcurrentGCThread "G1 Young RemSet Sampling" [stack: 0x000000861dd00000,0x000000861de00000] [id=13876]

Threads with active compile tasks:
C2 CompilerThread0   590661 19987       4       com.sun.xml.internal.stream.events.XMLEventAllocatorImpl::getXMLEvent (634 bytes)
C1 CompilerThread0   590661 20043       2       org.gradle.internal.snapshot.VfsRelativePath::compareToFirstSegment (203 bytes)
C2 CompilerThread1   590661 20038       4       com.sun.org.apache.xerces.internal.impl.XMLEntityScanner::normalizeNewlines (498 bytes)

VM state:at safepoint (normal execution)

VM Mutex/Monitor currently owned by a thread:  ([mutex/lock_event])
[0x000001a5f6a2f920] Threads_lock - owner thread: 0x000001a5ff656800
[0x000001a5f6a30b20] Heap_lock - owner thread: 0x000001a5972ac800

Heap address: 0x0000000080000000, size: 2048 MB, Compressed Oops mode: 32-bit
Narrow klass base: 0x0000000000000000, Narrow klass shift: 3
Compressed class space size: 1073741824 Address: 0x0000000100000000

Heap:
 garbage-first heap   total 395264K, used 216201K [0x0000000080000000, 0x0000000100000000)
  region size 1024K, 1 young (1024K), 1 survivors (1024K)
 Metaspace       used 126354K, capacity 130179K, committed 130384K, reserved 1163264K
  class space    used 15672K, capacity 17046K, committed 17152K, reserved 1048576K
Heap Regions: E=young(eden), S=young(survivor), O=old, HS=humongous(starts), HC=humongous(continues), CS=collection set, F=free, A=archive, TAMS=top-at-mark-start (previous, next)
|   0|0x0000000080000000, 0x0000000080100000, 0x0000000080100000|100%|HS|  |TAMS 0x0000000080100000, 0x0000000080100000| Complete 
|   1|0x0000000080100000, 0x0000000080200000, 0x0000000080200000|100%|HC|  |TAMS 0x0000000080200000, 0x0000000080200000| Complete 
|   2|0x0000000080200000, 0x0000000080300000, 0x0000000080300000|100%|HC|  |TAMS 0x0000000080300000, 0x0000000080300000| Complete 
|   3|0x0000000080300000, 0x0000000080400000, 0x0000000080400000|100%| O|  |TAMS 0x0000000080400000, 0x0000000080400000| Untracked 
|   4|0x0000000080400000, 0x0000000080500000, 0x0000000080500000|100%| O|  |TAMS 0x0000000080500000, 0x0000000080500000| Untracked 
|   5|0x0000000080500000, 0x0000000080600000, 0x0000000080600000|100%| O|  |TAMS 0x0000000080600000, 0x0000000080600000| Untracked 
|   6|0x0000000080600000, 0x0000000080700000, 0x0000000080700000|100%| O|  |TAMS 0x0000000080700000, 0x0000000080700000| Untracked 
|   7|0x0000000080700000, 0x0000000080800000, 0x0000000080800000|100%| O|  |TAMS 0x0000000080800000, 0x0000000080800000| Untracked 
|   8|0x0000000080800000, 0x0000000080900000, 0x0000000080900000|100%| O|  |TAMS 0x0000000080900000, 0x0000000080900000| Untracked 
|   9|0x0000000080900000, 0x0000000080a00000, 0x0000000080a00000|100%| O|  |TAMS 0x0000000080a00000, 0x0000000080a00000| Untracked 
|  10|0x0000000080a00000, 0x0000000080b00000, 0x0000000080b00000|100%| O|  |TAMS 0x0000000080b00000, 0x0000000080b00000| Untracked 
|  11|0x0000000080b00000, 0x0000000080c00000, 0x0000000080c00000|100%| O|  |TAMS 0x0000000080c00000, 0x0000000080c00000| Untracked 
|  12|0x0000000080c00000, 0x0000000080d00000, 0x0000000080d00000|100%| O|  |TAMS 0x0000000080d00000, 0x0000000080d00000| Untracked 
|  13|0x0000000080d00000, 0x0000000080e00000, 0x0000000080e00000|100%| O|  |TAMS 0x0000000080e00000, 0x0000000080e00000| Untracked 
|  14|0x0000000080e00000, 0x0000000080f00000, 0x0000000080f00000|100%| O|  |TAMS 0x0000000080f00000, 0x0000000080f00000| Untracked 
|  15|0x0000000080f00000, 0x0000000081000000, 0x0000000081000000|100%| O|  |TAMS 0x0000000081000000, 0x0000000081000000| Untracked 
|  16|0x0000000081000000, 0x0000000081100000, 0x0000000081100000|100%|HS|  |TAMS 0x0000000081100000, 0x0000000081100000| Complete 
|  17|0x0000000081100000, 0x0000000081200000, 0x0000000081200000|100%|HC|  |TAMS 0x0000000081200000, 0x0000000081200000| Complete 
|  18|0x0000000081200000, 0x0000000081300000, 0x0000000081300000|100%|HS|  |TAMS 0x0000000081300000, 0x0000000081300000| Complete 
|  19|0x0000000081300000, 0x0000000081400000, 0x0000000081400000|100%|HC|  |TAMS 0x0000000081400000, 0x0000000081400000| Complete 
|  20|0x0000000081400000, 0x0000000081500000, 0x0000000081500000|100%|HC|  |TAMS 0x0000000081500000, 0x0000000081500000| Complete 
|  21|0x0000000081500000, 0x0000000081600000, 0x0000000081600000|100%|HS|  |TAMS 0x0000000081600000, 0x0000000081600000| Complete 
|  22|0x0000000081600000, 0x0000000081700000, 0x0000000081700000|100%|HC|  |TAMS 0x0000000081700000, 0x0000000081700000| Complete 
|  23|0x0000000081700000, 0x0000000081800000, 0x0000000081800000|100%|HC|  |TAMS 0x0000000081800000, 0x0000000081800000| Complete 
|  24|0x0000000081800000, 0x0000000081900000, 0x0000000081900000|100%|HC|  |TAMS 0x0000000081900000, 0x0000000081900000| Complete 
|  25|0x0000000081900000, 0x0000000081a00000, 0x0000000081a00000|100%|HC|  |TAMS 0x0000000081a00000, 0x0000000081a00000| Complete 
|  26|0x0000000081a00000, 0x0000000081b00000, 0x0000000081b00000|100%|HS|  |TAMS 0x0000000081b00000, 0x0000000081b00000| Complete 
|  27|0x0000000081b00000, 0x0000000081c00000, 0x0000000081c00000|100%|HC|  |TAMS 0x0000000081c00000, 0x0000000081c00000| Complete 
|  28|0x0000000081c00000, 0x0000000081d00000, 0x0000000081d00000|100%|HS|  |TAMS 0x0000000081d00000, 0x0000000081d00000| Complete 
|  29|0x0000000081d00000, 0x0000000081e00000, 0x0000000081e00000|100%|HC|  |TAMS 0x0000000081e00000, 0x0000000081e00000| Complete 
|  30|0x0000000081e00000, 0x0000000081f00000, 0x0000000081f00000|100%|HC|  |TAMS 0x0000000081f00000, 0x0000000081f00000| Complete 
|  31|0x0000000081f00000, 0x0000000082000000, 0x0000000082000000|100%|HS|  |TAMS 0x0000000082000000, 0x0000000082000000| Complete 
|  32|0x0000000082000000, 0x0000000082100000, 0x0000000082100000|100%|HC|  |TAMS 0x0000000082100000, 0x0000000082100000| Complete 
|  33|0x0000000082100000, 0x0000000082200000, 0x0000000082200000|100%|HC|  |TAMS 0x0000000082200000, 0x0000000082200000| Complete 
|  34|0x0000000082200000, 0x0000000082300000, 0x0000000082300000|100%|HC|  |TAMS 0x0000000082300000, 0x0000000082300000| Complete 
|  35|0x0000000082300000, 0x0000000082400000, 0x0000000082400000|100%|HC|  |TAMS 0x0000000082400000, 0x0000000082400000| Complete 
|  36|0x0000000082400000, 0x0000000082500000, 0x0000000082500000|100%|HC|  |TAMS 0x0000000082500000, 0x0000000082500000| Complete 
|  37|0x0000000082500000, 0x0000000082600000, 0x0000000082600000|100%|HC|  |TAMS 0x0000000082600000, 0x0000000082600000| Complete 
|  38|0x0000000082600000, 0x0000000082700000, 0x0000000082700000|100%|HC|  |TAMS 0x0000000082700000, 0x0000000082700000| Complete 
|  39|0x0000000082700000, 0x0000000082800000, 0x0000000082800000|100%|HC|  |TAMS 0x0000000082800000, 0x0000000082800000| Complete 
|  40|0x0000000082800000, 0x0000000082900000, 0x0000000082900000|100%|HC|  |TAMS 0x0000000082900000, 0x0000000082900000| Complete 
|  41|0x0000000082900000, 0x0000000082a00000, 0x0000000082a00000|100%|HS|  |TAMS 0x0000000082a00000, 0x0000000082a00000| Complete 
|  42|0x0000000082a00000, 0x0000000082b00000, 0x0000000082b00000|100%|HC|  |TAMS 0x0000000082b00000, 0x0000000082b00000| Complete 
|  43|0x0000000082b00000, 0x0000000082c00000, 0x0000000082c00000|100%| O|  |TAMS 0x0000000082c00000, 0x0000000082c00000| Untracked 
|  44|0x0000000082c00000, 0x0000000082d00000, 0x0000000082d00000|100%| O|  |TAMS 0x0000000082d00000, 0x0000000082d00000| Untracked 
|  45|0x0000000082d00000, 0x0000000082e00000, 0x0000000082e00000|100%| O|  |TAMS 0x0000000082e00000, 0x0000000082e00000| Untracked 
|  46|0x0000000082e00000, 0x0000000082f00000, 0x0000000082f00000|100%| O|  |TAMS 0x0000000082f00000, 0x0000000082f00000| Untracked 
|  47|0x0000000082f00000, 0x0000000083000000, 0x0000000083000000|100%| O|  |TAMS 0x0000000083000000, 0x0000000083000000| Untracked 
|  48|0x0000000083000000, 0x0000000083100000, 0x0000000083100000|100%| O|  |TAMS 0x0000000083100000, 0x0000000083100000| Untracked 
|  49|0x0000000083100000, 0x0000000083200000, 0x0000000083200000|100%| O|  |TAMS 0x0000000083200000, 0x0000000083200000| Untracked 
|  50|0x0000000083200000, 0x0000000083300000, 0x0000000083300000|100%| O|  |TAMS 0x0000000083300000, 0x0000000083300000| Untracked 
|  51|0x0000000083300000, 0x0000000083400000, 0x0000000083400000|100%| O|  |TAMS 0x0000000083400000, 0x0000000083400000| Untracked 
|  52|0x0000000083400000, 0x0000000083500000, 0x0000000083500000|100%|HS|  |TAMS 0x0000000083500000, 0x0000000083500000| Complete 
|  53|0x0000000083500000, 0x0000000083600000, 0x0000000083600000|100%|HC|  |TAMS 0x0000000083600000, 0x0000000083600000| Complete 
|  54|0x0000000083600000, 0x0000000083700000, 0x0000000083700000|100%|HC|  |TAMS 0x0000000083700000, 0x0000000083700000| Complete 
|  55|0x0000000083700000, 0x0000000083800000, 0x0000000083800000|100%| O|  |TAMS 0x0000000083800000, 0x0000000083800000| Untracked 
|  56|0x0000000083800000, 0x0000000083900000, 0x0000000083900000|100%| O|  |TAMS 0x0000000083900000, 0x0000000083900000| Untracked 
|  57|0x0000000083900000, 0x0000000083a00000, 0x0000000083a00000|100%| O|  |TAMS 0x0000000083a00000, 0x0000000083a00000| Untracked 
|  58|0x0000000083a00000, 0x0000000083b00000, 0x0000000083b00000|100%| O|  |TAMS 0x0000000083b00000, 0x0000000083b00000| Untracked 
|  59|0x0000000083b00000, 0x0000000083c00000, 0x0000000083c00000|100%| O|  |TAMS 0x0000000083c00000, 0x0000000083c00000| Untracked 
|  60|0x0000000083c00000, 0x0000000083d00000, 0x0000000083d00000|100%|HS|  |TAMS 0x0000000083d00000, 0x0000000083d00000| Complete 
|  61|0x0000000083d00000, 0x0000000083e00000, 0x0000000083e00000|100%|HC|  |TAMS 0x0000000083e00000, 0x0000000083e00000| Complete 
|  62|0x0000000083e00000, 0x0000000083f00000, 0x0000000083f00000|100%|HC|  |TAMS 0x0000000083f00000, 0x0000000083f00000| Complete 
|  63|0x0000000083f00000, 0x0000000084000000, 0x0000000084000000|100%|HS|  |TAMS 0x0000000084000000, 0x0000000084000000| Complete 
|  64|0x0000000084000000, 0x0000000084100000, 0x0000000084100000|100%|HC|  |TAMS 0x0000000084100000, 0x0000000084100000| Complete 
|  65|0x0000000084100000, 0x0000000084200000, 0x0000000084200000|100%|HC|  |TAMS 0x0000000084200000, 0x0000000084200000| Complete 
|  66|0x0000000084200000, 0x0000000084300000, 0x0000000084300000|100%|HC|  |TAMS 0x0000000084300000, 0x0000000084300000| Complete 
|  67|0x0000000084300000, 0x0000000084400000, 0x0000000084400000|100%|HC|  |TAMS 0x0000000084400000, 0x0000000084400000| Complete 
|  68|0x0000000084400000, 0x0000000084500000, 0x0000000084500000|100%|HC|  |TAMS 0x0000000084500000, 0x0000000084500000| Complete 
|  69|0x0000000084500000, 0x0000000084600000, 0x0000000084600000|100%|HC|  |TAMS 0x0000000084600000, 0x0000000084600000| Complete 
|  70|0x0000000084600000, 0x0000000084700000, 0x0000000084700000|100%|HC|  |TAMS 0x0000000084700000, 0x0000000084700000| Complete 
|  71|0x0000000084700000, 0x0000000084800000, 0x0000000084800000|100%|HC|  |TAMS 0x0000000084800000, 0x0000000084800000| Complete 
|  72|0x0000000084800000, 0x0000000084900000, 0x0000000084900000|100%|HC|  |TAMS 0x0000000084900000, 0x0000000084900000| Complete 
|  73|0x0000000084900000, 0x0000000084a00000, 0x0000000084a00000|100%|HS|  |TAMS 0x0000000084a00000, 0x0000000084a00000| Complete 
|  74|0x0000000084a00000, 0x0000000084b00000, 0x0000000084b00000|100%|HC|  |TAMS 0x0000000084b00000, 0x0000000084b00000| Complete 
|  75|0x0000000084b00000, 0x0000000084c00000, 0x0000000084c00000|100%| O|  |TAMS 0x0000000084c00000, 0x0000000084c00000| Untracked 
|  76|0x0000000084c00000, 0x0000000084d00000, 0x0000000084d00000|100%| O|  |TAMS 0x0000000084d00000, 0x0000000084d00000| Untracked 
|  77|0x0000000084d00000, 0x0000000084e00000, 0x0000000084e00000|100%|HS|  |TAMS 0x0000000084e00000, 0x0000000084e00000| Complete 
|  78|0x0000000084e00000, 0x0000000084f00000, 0x0000000084f00000|100%|HC|  |TAMS 0x0000000084f00000, 0x0000000084f00000| Complete 
|  79|0x0000000084f00000, 0x0000000085000000, 0x0000000085000000|100%| O|  |TAMS 0x0000000085000000, 0x0000000085000000| Untracked 
|  80|0x0000000085000000, 0x0000000085100000, 0x0000000085100000|100%| O|  |TAMS 0x0000000085100000, 0x0000000085100000| Untracked 
|  81|0x0000000085100000, 0x0000000085200000, 0x0000000085200000|100%| O|  |TAMS 0x0000000085200000, 0x0000000085200000| Untracked 
|  82|0x0000000085200000, 0x0000000085300000, 0x0000000085300000|100%| O|  |TAMS 0x0000000085300000, 0x0000000085300000| Untracked 
|  83|0x0000000085300000, 0x0000000085400000, 0x0000000085400000|100%| O|  |TAMS 0x0000000085400000, 0x0000000085400000| Untracked 
|  84|0x0000000085400000, 0x0000000085500000, 0x0000000085500000|100%|HS|  |TAMS 0x0000000085500000, 0x0000000085500000| Complete 
|  85|0x0000000085500000, 0x0000000085600000, 0x0000000085600000|100%|HC|  |TAMS 0x0000000085600000, 0x0000000085600000| Complete 
|  86|0x0000000085600000, 0x0000000085700000, 0x0000000085700000|100%|HC|  |TAMS 0x0000000085700000, 0x0000000085700000| Complete 
|  87|0x0000000085700000, 0x0000000085800000, 0x0000000085800000|100%|HC|  |TAMS 0x0000000085800000, 0x0000000085800000| Complete 
|  88|0x0000000085800000, 0x0000000085900000, 0x0000000085900000|100%|HC|  |TAMS 0x0000000085900000, 0x0000000085900000| Complete 
|  89|0x0000000085900000, 0x0000000085a00000, 0x0000000085a00000|100%| O|  |TAMS 0x0000000085a00000, 0x0000000085a00000| Untracked 
|  90|0x0000000085a00000, 0x0000000085b00000, 0x0000000085b00000|100%| O|  |TAMS 0x0000000085b00000, 0x0000000085b00000| Untracked 
|  91|0x0000000085b00000, 0x0000000085c00000, 0x0000000085c00000|100%| O|  |TAMS 0x0000000085c00000, 0x0000000085c00000| Untracked 
|  92|0x0000000085c00000, 0x0000000085d00000, 0x0000000085d00000|100%| O|  |TAMS 0x0000000085d00000, 0x0000000085d00000| Untracked 
|  93|0x0000000085d00000, 0x0000000085e00000, 0x0000000085e00000|100%|HS|  |TAMS 0x0000000085e00000, 0x0000000085e00000| Complete 
|  94|0x0000000085e00000, 0x0000000085f00000, 0x0000000085f00000|100%|HS|  |TAMS 0x0000000085f00000, 0x0000000085f00000| Complete 
|  95|0x0000000085f00000, 0x0000000086000000, 0x0000000086000000|100%| O|  |TAMS 0x0000000086000000, 0x0000000086000000| Untracked 
|  96|0x0000000086000000, 0x0000000086100000, 0x0000000086100000|100%| O|  |TAMS 0x0000000086100000, 0x0000000086100000| Untracked 
|  97|0x0000000086100000, 0x0000000086200000, 0x0000000086200000|100%| O|  |TAMS 0x0000000086200000, 0x0000000086200000| Untracked 
|  98|0x0000000086200000, 0x0000000086300000, 0x0000000086300000|100%| O|  |TAMS 0x0000000086300000, 0x0000000086300000| Untracked 
|  99|0x0000000086300000, 0x0000000086400000, 0x0000000086400000|100%| O|  |TAMS 0x0000000086400000, 0x0000000086400000| Untracked 
| 100|0x0000000086400000, 0x0000000086500000, 0x0000000086500000|100%| O|  |TAMS 0x0000000086500000, 0x0000000086500000| Untracked 
| 101|0x0000000086500000, 0x0000000086600000, 0x0000000086600000|100%| O|  |TAMS 0x0000000086600000, 0x0000000086600000| Untracked 
| 102|0x0000000086600000, 0x0000000086700000, 0x0000000086700000|100%| O|  |TAMS 0x0000000086700000, 0x0000000086700000| Untracked 
| 103|0x0000000086700000, 0x0000000086800000, 0x0000000086800000|100%| O|  |TAMS 0x0000000086800000, 0x0000000086800000| Untracked 
| 104|0x0000000086800000, 0x0000000086900000, 0x0000000086900000|100%| O|  |TAMS 0x0000000086900000, 0x0000000086900000| Untracked 
| 105|0x0000000086900000, 0x0000000086a00000, 0x0000000086a00000|100%| O|  |TAMS 0x0000000086a00000, 0x0000000086a00000| Untracked 
| 106|0x0000000086a00000, 0x0000000086b00000, 0x0000000086b00000|100%| O|  |TAMS 0x0000000086b00000, 0x0000000086b00000| Untracked 
| 107|0x0000000086b00000, 0x0000000086c00000, 0x0000000086c00000|100%| O|  |TAMS 0x0000000086c00000, 0x0000000086c00000| Untracked 
| 108|0x0000000086c00000, 0x0000000086d00000, 0x0000000086d00000|100%| O|  |TAMS 0x0000000086d00000, 0x0000000086d00000| Untracked 
| 109|0x0000000086d00000, 0x0000000086e00000, 0x0000000086e00000|100%| O|  |TAMS 0x0000000086e00000, 0x0000000086e00000| Untracked 
| 110|0x0000000086e00000, 0x0000000086f00000, 0x0000000086f00000|100%| O|  |TAMS 0x0000000086f00000, 0x0000000086f00000| Untracked 
| 111|0x0000000086f00000, 0x0000000087000000, 0x0000000087000000|100%| O|  |TAMS 0x0000000087000000, 0x0000000087000000| Untracked 
| 112|0x0000000087000000, 0x0000000087100000, 0x0000000087100000|100%| O|  |TAMS 0x0000000087100000, 0x0000000087100000| Untracked 
| 113|0x0000000087100000, 0x0000000087200000, 0x0000000087200000|100%| O|  |TAMS 0x0000000087200000, 0x0000000087200000| Untracked 
| 114|0x0000000087200000, 0x0000000087300000, 0x0000000087300000|100%|HS|  |TAMS 0x0000000087300000, 0x0000000087300000| Complete 
| 115|0x0000000087300000, 0x0000000087400000, 0x0000000087400000|100%|HC|  |TAMS 0x0000000087400000, 0x0000000087400000| Complete 
| 116|0x0000000087400000, 0x0000000087500000, 0x0000000087500000|100%|HS|  |TAMS 0x0000000087500000, 0x0000000087500000| Complete 
| 117|0x0000000087500000, 0x0000000087600000, 0x0000000087600000|100%|HC|  |TAMS 0x0000000087600000, 0x0000000087600000| Complete 
| 118|0x0000000087600000, 0x0000000087700000, 0x0000000087700000|100%|HC|  |TAMS 0x0000000087700000, 0x0000000087700000| Complete 
| 119|0x0000000087700000, 0x0000000087800000, 0x0000000087800000|100%|HS|  |TAMS 0x0000000087800000, 0x0000000087800000| Complete 
| 120|0x0000000087800000, 0x0000000087900000, 0x0000000087900000|100%|HC|  |TAMS 0x0000000087900000, 0x0000000087900000| Complete 
| 121|0x0000000087900000, 0x0000000087a00000, 0x0000000087a00000|100%|HC|  |TAMS 0x0000000087a00000, 0x0000000087a00000| Complete 
| 122|0x0000000087a00000, 0x0000000087b00000, 0x0000000087b00000|100%|HC|  |TAMS 0x0000000087b00000, 0x0000000087b00000| Complete 
| 123|0x0000000087b00000, 0x0000000087c00000, 0x0000000087c00000|100%|HC|  |TAMS 0x0000000087c00000, 0x0000000087c00000| Complete 
| 124|0x0000000087c00000, 0x0000000087d00000, 0x0000000087d00000|100%| O|  |TAMS 0x0000000087d00000, 0x0000000087d00000| Untracked 
| 125|0x0000000087d00000, 0x0000000087e00000, 0x0000000087e00000|100%| O|  |TAMS 0x0000000087e00000, 0x0000000087e00000| Untracked 
| 126|0x0000000087e00000, 0x0000000087f00000, 0x0000000087f00000|100%|HS|  |TAMS 0x0000000087f00000, 0x0000000087f00000| Complete 
| 127|0x0000000087f00000, 0x0000000088000000, 0x0000000088000000|100%|HC|  |TAMS 0x0000000088000000, 0x0000000088000000| Complete 
| 128|0x0000000088000000, 0x0000000088100000, 0x0000000088100000|100%|HS|  |TAMS 0x0000000088100000, 0x0000000088100000| Complete 
| 129|0x0000000088100000, 0x0000000088200000, 0x0000000088200000|100%|HC|  |TAMS 0x0000000088200000, 0x0000000088200000| Complete 
| 130|0x0000000088200000, 0x0000000088300000, 0x0000000088300000|100%|HC|  |TAMS 0x0000000088300000, 0x0000000088300000| Complete 
| 131|0x0000000088300000, 0x0000000088400000, 0x0000000088400000|100%| O|  |TAMS 0x0000000088400000, 0x0000000088400000| Untracked 
| 132|0x0000000088400000, 0x0000000088400000, 0x0000000088500000|  0%| F|  |TAMS 0x0000000088400000, 0x0000000088400000| Untracked 
| 133|0x0000000088500000, 0x0000000088600000, 0x0000000088600000|100%|HS|  |TAMS 0x0000000088600000, 0x0000000088600000| Complete 
| 134|0x0000000088600000, 0x0000000088700000, 0x0000000088700000|100%|HC|  |TAMS 0x0000000088700000, 0x0000000088700000| Complete 
| 135|0x0000000088700000, 0x0000000088800000, 0x0000000088800000|100%|HC|  |TAMS 0x0000000088800000, 0x0000000088800000| Complete 
| 136|0x0000000088800000, 0x0000000088900000, 0x0000000088900000|100%|HC|  |TAMS 0x0000000088900000, 0x0000000088900000| Complete 
| 137|0x0000000088900000, 0x0000000088a00000, 0x0000000088a00000|100%|HC|  |TAMS 0x0000000088a00000, 0x0000000088a00000| Complete 
| 138|0x0000000088a00000, 0x0000000088b00000, 0x0000000088b00000|100%|HC|  |TAMS 0x0000000088b00000, 0x0000000088b00000| Complete 
| 139|0x0000000088b00000, 0x0000000088c00000, 0x0000000088c00000|100%|HC|  |TAMS 0x0000000088c00000, 0x0000000088c00000| Complete 
| 140|0x0000000088c00000, 0x0000000088d00000, 0x0000000088d00000|100%|HC|  |TAMS 0x0000000088d00000, 0x0000000088d00000| Complete 
| 141|0x0000000088d00000, 0x0000000088e00000, 0x0000000088e00000|100%|HC|  |TAMS 0x0000000088e00000, 0x0000000088e00000| Complete 
| 142|0x0000000088e00000, 0x0000000088f00000, 0x0000000088f00000|100%|HC|  |TAMS 0x0000000088f00000, 0x0000000088f00000| Complete 
| 143|0x0000000088f00000, 0x0000000089000000, 0x0000000089000000|100%|HS|  |TAMS 0x0000000089000000, 0x0000000089000000| Complete 
| 144|0x0000000089000000, 0x0000000089100000, 0x0000000089100000|100%|HC|  |TAMS 0x0000000089100000, 0x0000000089100000| Complete 
| 145|0x0000000089100000, 0x0000000089200000, 0x0000000089200000|100%| O|  |TAMS 0x0000000089200000, 0x0000000089200000| Untracked 
| 146|0x0000000089200000, 0x0000000089200000, 0x0000000089300000|  0%| F|  |TAMS 0x0000000089200000, 0x0000000089200000| Untracked 
| 147|0x0000000089300000, 0x0000000089400000, 0x0000000089400000|100%| O|  |TAMS 0x0000000089400000, 0x0000000089400000| Untracked 
| 148|0x0000000089400000, 0x0000000089500000, 0x0000000089500000|100%| O|  |TAMS 0x0000000089500000, 0x0000000089500000| Untracked 
| 149|0x0000000089500000, 0x0000000089600000, 0x0000000089600000|100%| O|  |TAMS 0x0000000089600000, 0x0000000089600000| Untracked 
| 150|0x0000000089600000, 0x0000000089700000, 0x0000000089700000|100%| O|  |TAMS 0x0000000089700000, 0x0000000089700000| Untracked 
| 151|0x0000000089700000, 0x0000000089800000, 0x0000000089800000|100%| O|  |TAMS 0x0000000089800000, 0x0000000089800000| Untracked 
| 152|0x0000000089800000, 0x0000000089900000, 0x0000000089900000|100%| O|  |TAMS 0x0000000089900000, 0x0000000089900000| Untracked 
| 153|0x0000000089900000, 0x0000000089a00000, 0x0000000089a00000|100%| O|  |TAMS 0x0000000089a00000, 0x0000000089a00000| Untracked 
| 154|0x0000000089a00000, 0x0000000089b00000, 0x0000000089b00000|100%| O|  |TAMS 0x0000000089b00000, 0x0000000089b00000| Untracked 
| 155|0x0000000089b00000, 0x0000000089c00000, 0x0000000089c00000|100%| O|  |TAMS 0x0000000089c00000, 0x0000000089c00000| Untracked 
| 156|0x0000000089c00000, 0x0000000089d00000, 0x0000000089d00000|100%| O|  |TAMS 0x0000000089d00000, 0x0000000089d00000| Untracked 
| 157|0x0000000089d00000, 0x0000000089e00000, 0x0000000089e00000|100%| O|  |TAMS 0x0000000089e00000, 0x0000000089e00000| Untracked 
| 158|0x0000000089e00000, 0x0000000089f00000, 0x0000000089f00000|100%| O|  |TAMS 0x0000000089f00000, 0x0000000089f00000| Untracked 
| 159|0x0000000089f00000, 0x000000008a000000, 0x000000008a000000|100%| O|  |TAMS 0x000000008a000000, 0x000000008a000000| Untracked 
| 160|0x000000008a000000, 0x000000008a100000, 0x000000008a100000|100%| O|  |TAMS 0x000000008a100000, 0x000000008a100000| Untracked 
| 161|0x000000008a100000, 0x000000008a200000, 0x000000008a200000|100%| O|  |TAMS 0x000000008a200000, 0x000000008a200000| Untracked 
| 162|0x000000008a200000, 0x000000008a300000, 0x000000008a300000|100%| O|  |TAMS 0x000000008a300000, 0x000000008a300000| Untracked 
| 163|0x000000008a300000, 0x000000008a400000, 0x000000008a400000|100%| O|  |TAMS 0x000000008a400000, 0x000000008a400000| Untracked 
| 164|0x000000008a400000, 0x000000008a500000, 0x000000008a500000|100%| O|  |TAMS 0x000000008a500000, 0x000000008a500000| Untracked 
| 165|0x000000008a500000, 0x000000008a600000, 0x000000008a600000|100%| O|  |TAMS 0x000000008a600000, 0x000000008a600000| Untracked 
| 166|0x000000008a600000, 0x000000008a700000, 0x000000008a700000|100%| O|  |TAMS 0x000000008a700000, 0x000000008a700000| Untracked 
| 167|0x000000008a700000, 0x000000008a800000, 0x000000008a800000|100%| O|  |TAMS 0x000000008a800000, 0x000000008a800000| Untracked 
| 168|0x000000008a800000, 0x000000008a900000, 0x000000008a900000|100%| O|  |TAMS 0x000000008a900000, 0x000000008a900000| Untracked 
| 169|0x000000008a900000, 0x000000008aa00000, 0x000000008aa00000|100%| O|  |TAMS 0x000000008aa00000, 0x000000008aa00000| Untracked 
| 170|0x000000008aa00000, 0x000000008ab00000, 0x000000008ab00000|100%| O|  |TAMS 0x000000008ab00000, 0x000000008ab00000| Untracked 
| 171|0x000000008ab00000, 0x000000008ac00000, 0x000000008ac00000|100%| O|  |TAMS 0x000000008ac00000, 0x000000008ac00000| Untracked 
| 172|0x000000008ac00000, 0x000000008ad00000, 0x000000008ad00000|100%| O|  |TAMS 0x000000008ad00000, 0x000000008ad00000| Untracked 
| 173|0x000000008ad00000, 0x000000008ae00000, 0x000000008ae00000|100%| O|  |TAMS 0x000000008ae00000, 0x000000008ae00000| Untracked 
| 174|0x000000008ae00000, 0x000000008af00000, 0x000000008af00000|100%| O|  |TAMS 0x000000008af00000, 0x000000008af00000| Untracked 
| 175|0x000000008af00000, 0x000000008b000000, 0x000000008b000000|100%| O|  |TAMS 0x000000008b000000, 0x000000008b000000| Untracked 
| 176|0x000000008b000000, 0x000000008b000000, 0x000000008b100000|  0%| F|  |TAMS 0x000000008b000000, 0x000000008b000000| Untracked 
| 177|0x000000008b100000, 0x000000008b100000, 0x000000008b200000|  0%| F|  |TAMS 0x000000008b100000, 0x000000008b100000| Untracked 
| 178|0x000000008b200000, 0x000000008b300000, 0x000000008b300000|100%| O|  |TAMS 0x000000008b300000, 0x000000008b300000| Untracked 
| 179|0x000000008b300000, 0x000000008b400000, 0x000000008b400000|100%| O|  |TAMS 0x000000008b400000, 0x000000008b400000| Untracked 
| 180|0x000000008b400000, 0x000000008b500000, 0x000000008b500000|100%| O|  |TAMS 0x000000008b500000, 0x000000008b500000| Untracked 
| 181|0x000000008b500000, 0x000000008b600000, 0x000000008b600000|100%| O|  |TAMS 0x000000008b600000, 0x000000008b600000| Untracked 
| 182|0x000000008b600000, 0x000000008b700000, 0x000000008b700000|100%| O|  |TAMS 0x000000008b600000, 0x000000008b700000| Untracked 
| 183|0x000000008b700000, 0x000000008b800000, 0x000000008b800000|100%| O|  |TAMS 0x000000008b800000, 0x000000008b800000| Untracked 
| 184|0x000000008b800000, 0x000000008b900000, 0x000000008b900000|100%| O|  |TAMS 0x000000008b900000, 0x000000008b900000| Untracked 
| 185|0x000000008b900000, 0x000000008ba00000, 0x000000008ba00000|100%| O|  |TAMS 0x000000008ba00000, 0x000000008ba00000| Untracked 
| 186|0x000000008ba00000, 0x000000008ba00000, 0x000000008bb00000|  0%| F|  |TAMS 0x000000008ba00000, 0x000000008ba00000| Untracked 
| 187|0x000000008bb00000, 0x000000008bc00000, 0x000000008bc00000|100%| O|  |TAMS 0x000000008bc00000, 0x000000008bc00000| Untracked 
| 188|0x000000008bc00000, 0x000000008bd00000, 0x000000008bd00000|100%| O|  |TAMS 0x000000008bd00000, 0x000000008bd00000| Untracked 
| 189|0x000000008bd00000, 0x000000008bd00000, 0x000000008be00000|  0%| F|  |TAMS 0x000000008bd00000, 0x000000008bd00000| Untracked 
| 190|0x000000008be00000, 0x000000008bf00000, 0x000000008bf00000|100%| O|  |TAMS 0x000000008be00000, 0x000000008bf00000| Untracked 
| 191|0x000000008bf00000, 0x000000008bf00000, 0x000000008c000000|  0%| F|  |TAMS 0x000000008bf00000, 0x000000008bf00000| Untracked 
| 192|0x000000008c000000, 0x000000008c100000, 0x000000008c100000|100%| O|  |TAMS 0x000000008c100000, 0x000000008c100000| Untracked 
| 193|0x000000008c100000, 0x000000008c200000, 0x000000008c200000|100%| O|  |TAMS 0x000000008c200000, 0x000000008c200000| Untracked 
| 194|0x000000008c200000, 0x000000008c300000, 0x000000008c300000|100%| O|  |TAMS 0x000000008c300000, 0x000000008c300000| Untracked 
| 195|0x000000008c300000, 0x000000008c400000, 0x000000008c400000|100%| O|  |TAMS 0x000000008c400000, 0x000000008c400000| Untracked 
| 196|0x000000008c400000, 0x000000008c500000, 0x000000008c500000|100%| O|  |TAMS 0x000000008c500000, 0x000000008c500000| Untracked 
| 197|0x000000008c500000, 0x000000008c600000, 0x000000008c600000|100%| O|  |TAMS 0x000000008c600000, 0x000000008c600000| Untracked 
| 198|0x000000008c600000, 0x000000008c700000, 0x000000008c700000|100%| O|  |TAMS 0x000000008c600000, 0x000000008c700000| Untracked 
| 199|0x000000008c700000, 0x000000008c800000, 0x000000008c800000|100%| O|  |TAMS 0x000000008c800000, 0x000000008c800000| Untracked 
| 200|0x000000008c800000, 0x000000008c900000, 0x000000008c900000|100%| O|  |TAMS 0x000000008c900000, 0x000000008c900000| Untracked 
| 201|0x000000008c900000, 0x000000008ca00000, 0x000000008ca00000|100%| O|  |TAMS 0x000000008ca00000, 0x000000008ca00000| Untracked 
| 202|0x000000008ca00000, 0x000000008cb00000, 0x000000008cb00000|100%| O|  |TAMS 0x000000008cb00000, 0x000000008cb00000| Untracked 
| 203|0x000000008cb00000, 0x000000008cc00000, 0x000000008cc00000|100%| O|  |TAMS 0x000000008cc00000, 0x000000008cc00000| Untracked 
| 204|0x000000008cc00000, 0x000000008cd00000, 0x000000008cd00000|100%| O|  |TAMS 0x000000008cd00000, 0x000000008cd00000| Untracked 
| 205|0x000000008cd00000, 0x000000008ce00000, 0x000000008ce00000|100%| O|  |TAMS 0x000000008ce00000, 0x000000008ce00000| Untracked 
| 206|0x000000008ce00000, 0x000000008cf00000, 0x000000008cf00000|100%| O|  |TAMS 0x000000008cf00000, 0x000000008cf00000| Untracked 
| 207|0x000000008cf00000, 0x000000008d000000, 0x000000008d000000|100%| O|  |TAMS 0x000000008cf00000, 0x000000008d000000| Untracked 
| 208|0x000000008d000000, 0x000000008d100000, 0x000000008d100000|100%| O|  |TAMS 0x000000008d000000, 0x000000008d100000| Untracked 
| 209|0x000000008d100000, 0x000000008d200000, 0x000000008d200000|100%| O|  |TAMS 0x000000008d100000, 0x000000008d200000| Untracked 
| 210|0x000000008d200000, 0x000000008d296e00, 0x000000008d300000| 58%| O|  |TAMS 0x000000008d200000, 0x000000008d296e00| Untracked 
| 211|0x000000008d300000, 0x000000008d300000, 0x000000008d400000|  0%| F|  |TAMS 0x000000008d300000, 0x000000008d300000| Untracked 
| 212|0x000000008d400000, 0x000000008d400000, 0x000000008d500000|  0%| F|  |TAMS 0x000000008d400000, 0x000000008d400000| Untracked 
| 213|0x000000008d500000, 0x000000008d500000, 0x000000008d600000|  0%| F|  |TAMS 0x000000008d500000, 0x000000008d500000| Untracked 
| 214|0x000000008d600000, 0x000000008d600000, 0x000000008d700000|  0%| F|  |TAMS 0x000000008d600000, 0x000000008d600000| Untracked 
| 215|0x000000008d700000, 0x000000008d700000, 0x000000008d800000|  0%| F|  |TAMS 0x000000008d700000, 0x000000008d700000| Untracked 
| 216|0x000000008d800000, 0x000000008d800000, 0x000000008d900000|  0%| F|  |TAMS 0x000000008d800000, 0x000000008d800000| Untracked 
| 217|0x000000008d900000, 0x000000008d900000, 0x000000008da00000|  0%| F|  |TAMS 0x000000008d900000, 0x000000008d900000| Untracked 
| 218|0x000000008da00000, 0x000000008da00000, 0x000000008db00000|  0%| F|  |TAMS 0x000000008da00000, 0x000000008da00000| Untracked 
| 219|0x000000008db00000, 0x000000008db00000, 0x000000008dc00000|  0%| F|  |TAMS 0x000000008db00000, 0x000000008db00000| Untracked 
| 220|0x000000008dc00000, 0x000000008dc00000, 0x000000008dd00000|  0%| F|  |TAMS 0x000000008dc00000, 0x000000008dc00000| Untracked 
| 221|0x000000008dd00000, 0x000000008de00000, 0x000000008de00000|100%| O|  |TAMS 0x000000008de00000, 0x000000008de00000| Untracked 
| 222|0x000000008de00000, 0x000000008de00000, 0x000000008df00000|  0%| F|  |TAMS 0x000000008de00000, 0x000000008de00000| Untracked 
| 223|0x000000008df00000, 0x000000008df00000, 0x000000008e000000|  0%| F|  |TAMS 0x000000008df00000, 0x000000008df00000| Untracked 
| 224|0x000000008e000000, 0x000000008e000000, 0x000000008e100000|  0%| F|  |TAMS 0x000000008e000000, 0x000000008e000000| Untracked 
| 225|0x000000008e100000, 0x000000008e100000, 0x000000008e200000|  0%| F|  |TAMS 0x000000008e100000, 0x000000008e100000| Untracked 
| 226|0x000000008e200000, 0x000000008e300000, 0x000000008e300000|100%| O|  |TAMS 0x000000008e300000, 0x000000008e300000| Untracked 
| 227|0x000000008e300000, 0x000000008e400000, 0x000000008e400000|100%| O|  |TAMS 0x000000008e400000, 0x000000008e400000| Untracked 
| 228|0x000000008e400000, 0x000000008e400000, 0x000000008e500000|  0%| F|  |TAMS 0x000000008e400000, 0x000000008e400000| Untracked 
| 229|0x000000008e500000, 0x000000008e500000, 0x000000008e600000|  0%| F|  |TAMS 0x000000008e500000, 0x000000008e500000| Untracked 
| 230|0x000000008e600000, 0x000000008e700000, 0x000000008e700000|100%| O|  |TAMS 0x000000008e700000, 0x000000008e700000| Untracked 
| 231|0x000000008e700000, 0x000000008e800000, 0x000000008e800000|100%| O|  |TAMS 0x000000008e800000, 0x000000008e800000| Untracked 
| 232|0x000000008e800000, 0x000000008e900000, 0x000000008e900000|100%| O|  |TAMS 0x000000008e8a2000, 0x000000008e900000| Untracked 
| 233|0x000000008e900000, 0x000000008e900000, 0x000000008ea00000|  0%| F|  |TAMS 0x000000008e900000, 0x000000008e900000| Untracked 
| 234|0x000000008ea00000, 0x000000008ea00000, 0x000000008eb00000|  0%| F|  |TAMS 0x000000008ea00000, 0x000000008ea00000| Untracked 
| 235|0x000000008eb00000, 0x000000008eb00000, 0x000000008ec00000|  0%| F|  |TAMS 0x000000008eb00000, 0x000000008eb00000| Untracked 
| 236|0x000000008ec00000, 0x000000008ec00000, 0x000000008ed00000|  0%| F|  |TAMS 0x000000008ec00000, 0x000000008ec00000| Untracked 
| 237|0x000000008ed00000, 0x000000008ed00000, 0x000000008ee00000|  0%| F|  |TAMS 0x000000008ed00000, 0x000000008ed00000| Untracked 
| 238|0x000000008ee00000, 0x000000008ee00000, 0x000000008ef00000|  0%| F|  |TAMS 0x000000008ee00000, 0x000000008ee00000| Untracked 
| 239|0x000000008ef00000, 0x000000008ef00000, 0x000000008f000000|  0%| F|  |TAMS 0x000000008ef00000, 0x000000008ef00000| Untracked 
| 240|0x000000008f000000, 0x000000008f000000, 0x000000008f100000|  0%| F|  |TAMS 0x000000008f000000, 0x000000008f000000| Untracked 
| 241|0x000000008f100000, 0x000000008f100000, 0x000000008f200000|  0%| F|  |TAMS 0x000000008f100000, 0x000000008f100000| Untracked 
| 242|0x000000008f200000, 0x000000008f200000, 0x000000008f300000|  0%| F|  |TAMS 0x000000008f200000, 0x000000008f200000| Untracked 
| 243|0x000000008f300000, 0x000000008f300000, 0x000000008f400000|  0%| F|  |TAMS 0x000000008f300000, 0x000000008f300000| Untracked 
| 244|0x000000008f400000, 0x000000008f400000, 0x000000008f500000|  0%| F|  |TAMS 0x000000008f400000, 0x000000008f400000| Untracked 
| 245|0x000000008f500000, 0x000000008f500000, 0x000000008f600000|  0%| F|  |TAMS 0x000000008f500000, 0x000000008f500000| Untracked 
| 246|0x000000008f600000, 0x000000008f600000, 0x000000008f700000|  0%| F|  |TAMS 0x000000008f600000, 0x000000008f600000| Untracked 
| 247|0x000000008f700000, 0x000000008f700000, 0x000000008f800000|  0%| F|  |TAMS 0x000000008f700000, 0x000000008f700000| Untracked 
| 248|0x000000008f800000, 0x000000008f900000, 0x000000008f900000|100%| O|  |TAMS 0x000000008f900000, 0x000000008f900000| Untracked 
| 249|0x000000008f900000, 0x000000008f900000, 0x000000008fa00000|  0%| F|  |TAMS 0x000000008f900000, 0x000000008f900000| Untracked 
| 250|0x000000008fa00000, 0x000000008fa00000, 0x000000008fb00000|  0%| F|  |TAMS 0x000000008fa00000, 0x000000008fa00000| Untracked 
| 251|0x000000008fb00000, 0x000000008fb00000, 0x000000008fc00000|  0%| F|  |TAMS 0x000000008fb00000, 0x000000008fb00000| Untracked 
| 252|0x000000008fc00000, 0x000000008fc00000, 0x000000008fd00000|  0%| F|  |TAMS 0x000000008fc00000, 0x000000008fc00000| Untracked 
| 253|0x000000008fd00000, 0x000000008fd00000, 0x000000008fe00000|  0%| F|  |TAMS 0x000000008fd00000, 0x000000008fd00000| Untracked 
| 254|0x000000008fe00000, 0x000000008fe00000, 0x000000008ff00000|  0%| F|  |TAMS 0x000000008fe00000, 0x000000008fe00000| Untracked 
| 255|0x000000008ff00000, 0x000000008ff00000, 0x0000000090000000|  0%| F|  |TAMS 0x000000008ff00000, 0x000000008ff00000| Untracked 
| 256|0x0000000090000000, 0x0000000090000000, 0x0000000090100000|  0%| F|  |TAMS 0x0000000090000000, 0x0000000090000000| Untracked 
| 257|0x0000000090100000, 0x0000000090100000, 0x0000000090200000|  0%| F|  |TAMS 0x0000000090100000, 0x0000000090100000| Untracked 
| 258|0x0000000090200000, 0x0000000090200000, 0x0000000090300000|  0%| F|  |TAMS 0x0000000090200000, 0x0000000090200000| Untracked 
| 259|0x0000000090300000, 0x0000000090300000, 0x0000000090400000|  0%| F|  |TAMS 0x0000000090300000, 0x0000000090300000| Untracked 
| 260|0x0000000090400000, 0x0000000090400000, 0x0000000090500000|  0%| F|  |TAMS 0x0000000090400000, 0x0000000090400000| Untracked 
| 261|0x0000000090500000, 0x0000000090500000, 0x0000000090600000|  0%| F|  |TAMS 0x0000000090500000, 0x0000000090500000| Untracked 
| 262|0x0000000090600000, 0x0000000090600000, 0x0000000090700000|  0%| F|  |TAMS 0x0000000090600000, 0x0000000090600000| Untracked 
| 263|0x0000000090700000, 0x0000000090700000, 0x0000000090800000|  0%| F|  |TAMS 0x0000000090700000, 0x0000000090700000| Untracked 
| 264|0x0000000090800000, 0x0000000090800000, 0x0000000090900000|  0%| F|  |TAMS 0x0000000090800000, 0x0000000090800000| Untracked 
| 265|0x0000000090900000, 0x0000000090900000, 0x0000000090a00000|  0%| F|  |TAMS 0x0000000090900000, 0x0000000090900000| Untracked 
| 266|0x0000000090a00000, 0x0000000090a00000, 0x0000000090b00000|  0%| F|  |TAMS 0x0000000090a00000, 0x0000000090a00000| Untracked 
| 267|0x0000000090b00000, 0x0000000090b00000, 0x0000000090c00000|  0%| F|  |TAMS 0x0000000090b00000, 0x0000000090b00000| Untracked 
| 268|0x0000000090c00000, 0x0000000090c00000, 0x0000000090d00000|  0%| F|  |TAMS 0x0000000090c00000, 0x0000000090c00000| Untracked 
| 269|0x0000000090d00000, 0x0000000090d00000, 0x0000000090e00000|  0%| F|  |TAMS 0x0000000090d00000, 0x0000000090d00000| Untracked 
| 270|0x0000000090e00000, 0x0000000090e00000, 0x0000000090f00000|  0%| F|  |TAMS 0x0000000090e00000, 0x0000000090e00000| Untracked 
| 271|0x0000000090f00000, 0x0000000090f00000, 0x0000000091000000|  0%| F|  |TAMS 0x0000000090f00000, 0x0000000090f00000| Untracked 
| 272|0x0000000091000000, 0x0000000091000000, 0x0000000091100000|  0%| F|  |TAMS 0x0000000091000000, 0x0000000091000000| Untracked 
| 273|0x0000000091100000, 0x0000000091100000, 0x0000000091200000|  0%| F|  |TAMS 0x0000000091100000, 0x0000000091100000| Untracked 
| 274|0x0000000091200000, 0x0000000091200000, 0x0000000091300000|  0%| F|  |TAMS 0x0000000091200000, 0x0000000091200000| Untracked 
| 275|0x0000000091300000, 0x0000000091300000, 0x0000000091400000|  0%| F|  |TAMS 0x0000000091300000, 0x0000000091300000| Untracked 
| 276|0x0000000091400000, 0x0000000091400000, 0x0000000091500000|  0%| F|  |TAMS 0x0000000091400000, 0x0000000091400000| Untracked 
| 277|0x0000000091500000, 0x0000000091500000, 0x0000000091600000|  0%| F|  |TAMS 0x0000000091500000, 0x0000000091500000| Untracked 
| 278|0x0000000091600000, 0x0000000091600000, 0x0000000091700000|  0%| F|  |TAMS 0x0000000091600000, 0x0000000091600000| Untracked 
| 279|0x0000000091700000, 0x0000000091700000, 0x0000000091800000|  0%| F|  |TAMS 0x0000000091700000, 0x0000000091700000| Untracked 
| 280|0x0000000091800000, 0x0000000091800000, 0x0000000091900000|  0%| F|  |TAMS 0x0000000091800000, 0x0000000091800000| Untracked 
| 281|0x0000000091900000, 0x0000000091900000, 0x0000000091a00000|  0%| F|  |TAMS 0x0000000091900000, 0x0000000091900000| Untracked 
| 282|0x0000000091a00000, 0x0000000091a00000, 0x0000000091b00000|  0%| F|  |TAMS 0x0000000091a00000, 0x0000000091a00000| Untracked 
| 283|0x0000000091b00000, 0x0000000091b00000, 0x0000000091c00000|  0%| F|  |TAMS 0x0000000091b00000, 0x0000000091b00000| Untracked 
| 284|0x0000000091c00000, 0x0000000091c8b9f8, 0x0000000091d00000| 54%| S|CS|TAMS 0x0000000091c00000, 0x0000000091c00000| Complete 
| 285|0x0000000091d00000, 0x0000000091d00000, 0x0000000091e00000|  0%| F|  |TAMS 0x0000000091d00000, 0x0000000091d00000| Untracked 
| 286|0x0000000091e00000, 0x0000000091e00000, 0x0000000091f00000|  0%| F|  |TAMS 0x0000000091e00000, 0x0000000091e00000| Untracked 
| 287|0x0000000091f00000, 0x0000000091f00000, 0x0000000092000000|  0%| F|  |TAMS 0x0000000091f00000, 0x0000000091f00000| Untracked 
| 288|0x0000000092000000, 0x0000000092000000, 0x0000000092100000|  0%| F|  |TAMS 0x0000000092000000, 0x0000000092000000| Untracked 
| 289|0x0000000092100000, 0x0000000092100000, 0x0000000092200000|  0%| F|  |TAMS 0x0000000092100000, 0x0000000092100000| Untracked 
| 290|0x0000000092200000, 0x0000000092200000, 0x0000000092300000|  0%| F|  |TAMS 0x0000000092200000, 0x0000000092200000| Untracked 
| 291|0x0000000092300000, 0x0000000092300000, 0x0000000092400000|  0%| F|  |TAMS 0x0000000092300000, 0x0000000092300000| Untracked 
| 292|0x0000000092400000, 0x0000000092400000, 0x0000000092500000|  0%| F|  |TAMS 0x0000000092400000, 0x0000000092400000| Untracked 
| 293|0x0000000092500000, 0x0000000092500000, 0x0000000092600000|  0%| F|  |TAMS 0x0000000092500000, 0x0000000092500000| Untracked 
| 294|0x0000000092600000, 0x0000000092600000, 0x0000000092700000|  0%| F|  |TAMS 0x0000000092600000, 0x0000000092600000| Untracked 
| 295|0x0000000092700000, 0x0000000092700000, 0x0000000092800000|  0%| F|  |TAMS 0x0000000092700000, 0x0000000092700000| Untracked 
| 296|0x0000000092800000, 0x0000000092800000, 0x0000000092900000|  0%| F|  |TAMS 0x0000000092800000, 0x0000000092800000| Untracked 
| 297|0x0000000092900000, 0x0000000092900000, 0x0000000092a00000|  0%| F|  |TAMS 0x0000000092900000, 0x0000000092900000| Untracked 
| 298|0x0000000092a00000, 0x0000000092a00000, 0x0000000092b00000|  0%| F|  |TAMS 0x0000000092a00000, 0x0000000092a00000| Untracked 
| 299|0x0000000092b00000, 0x0000000092b00000, 0x0000000092c00000|  0%| F|  |TAMS 0x0000000092b00000, 0x0000000092b00000| Untracked 
| 300|0x0000000092c00000, 0x0000000092c00000, 0x0000000092d00000|  0%| F|  |TAMS 0x0000000092c00000, 0x0000000092c00000| Untracked 
| 301|0x0000000092d00000, 0x0000000092d00000, 0x0000000092e00000|  0%| F|  |TAMS 0x0000000092d00000, 0x0000000092d00000| Untracked 
| 302|0x0000000092e00000, 0x0000000092e00000, 0x0000000092f00000|  0%| F|  |TAMS 0x0000000092e00000, 0x0000000092e00000| Untracked 
| 303|0x0000000092f00000, 0x0000000092f00000, 0x0000000093000000|  0%| F|  |TAMS 0x0000000092f00000, 0x0000000092f00000| Untracked 
| 304|0x0000000093000000, 0x0000000093000000, 0x0000000093100000|  0%| F|  |TAMS 0x0000000093000000, 0x0000000093000000| Untracked 
| 305|0x0000000093100000, 0x0000000093100000, 0x0000000093200000|  0%| F|  |TAMS 0x0000000093100000, 0x0000000093100000| Untracked 
| 306|0x0000000093200000, 0x0000000093200000, 0x0000000093300000|  0%| F|  |TAMS 0x0000000093200000, 0x0000000093200000| Untracked 
| 307|0x0000000093300000, 0x0000000093300000, 0x0000000093400000|  0%| F|  |TAMS 0x0000000093300000, 0x0000000093300000| Untracked 
| 308|0x0000000093400000, 0x0000000093400000, 0x0000000093500000|  0%| F|  |TAMS 0x0000000093400000, 0x0000000093400000| Untracked 
| 309|0x0000000093500000, 0x0000000093500000, 0x0000000093600000|  0%| F|  |TAMS 0x0000000093500000, 0x0000000093500000| Untracked 
| 310|0x0000000093600000, 0x0000000093600000, 0x0000000093700000|  0%| F|  |TAMS 0x0000000093600000, 0x0000000093600000| Untracked 
| 311|0x0000000093700000, 0x0000000093700000, 0x0000000093800000|  0%| F|  |TAMS 0x0000000093700000, 0x0000000093700000| Untracked 
| 312|0x0000000093800000, 0x0000000093800000, 0x0000000093900000|  0%| F|  |TAMS 0x0000000093800000, 0x0000000093800000| Untracked 
| 313|0x0000000093900000, 0x0000000093900000, 0x0000000093a00000|  0%| F|  |TAMS 0x0000000093900000, 0x0000000093900000| Untracked 
| 314|0x0000000093a00000, 0x0000000093a00000, 0x0000000093b00000|  0%| F|  |TAMS 0x0000000093a00000, 0x0000000093a00000| Untracked 
| 315|0x0000000093b00000, 0x0000000093b00000, 0x0000000093c00000|  0%| F|  |TAMS 0x0000000093b00000, 0x0000000093b00000| Untracked 
| 316|0x0000000093c00000, 0x0000000093c00000, 0x0000000093d00000|  0%| F|  |TAMS 0x0000000093c00000, 0x0000000093c00000| Untracked 
| 317|0x0000000093d00000, 0x0000000093d00000, 0x0000000093e00000|  0%| F|  |TAMS 0x0000000093d00000, 0x0000000093d00000| Untracked 
| 318|0x0000000093e00000, 0x0000000093e00000, 0x0000000093f00000|  0%| F|  |TAMS 0x0000000093e00000, 0x0000000093e00000| Untracked 
| 319|0x0000000093f00000, 0x0000000093f00000, 0x0000000094000000|  0%| F|  |TAMS 0x0000000093f00000, 0x0000000093f00000| Untracked 
| 320|0x0000000094000000, 0x0000000094000000, 0x0000000094100000|  0%| F|  |TAMS 0x0000000094000000, 0x0000000094000000| Untracked 

Card table byte_map: [0x000001a5fa960000,0x000001a5fad60000] _byte_map_base: 0x000001a5fa560000

Marking Bits (Prev, Next): (CMBitMap*) 0x000001a5f6a76a88, (CMBitMap*) 0x000001a5f6a76ac0
 Prev Bits: [0x000001a5fb160000, 0x000001a5fd160000)
 Next Bits: [0x000001a5fd160000, 0x000001a5ff160000)

Polling page: 0x000001a5f4a30000

Metaspace:

Usage:
  Non-class:    110.48 MB capacity,   108.09 MB ( 98%) used,     1.99 MB (  2%) free+waste,   417.62 KB ( <1%) overhead. 
      Class:     16.65 MB capacity,    15.31 MB ( 92%) used,     1.16 MB (  7%) free+waste,   185.31 KB (  1%) overhead. 
       Both:    127.13 MB capacity,   123.39 MB ( 97%) used,     3.15 MB (  2%) free+waste,   602.94 KB ( <1%) overhead. 

Virtual space:
  Non-class space:      112.00 MB reserved,     110.58 MB ( 99%) committed 
      Class space:        1.00 GB reserved,      16.75 MB (  2%) committed 
             Both:        1.11 GB reserved,     127.33 MB ( 11%) committed 

Chunk freelists:
   Non-Class:  35.00 KB
       Class:  10.00 KB
        Both:  45.00 KB

MaxMetaspaceSize: 17179869184.00 GB
CompressedClassSpaceSize: 1.00 GB
Initial GC threshold: 20.80 MB
Current GC threshold: 210.76 MB
CDS: off

CodeHeap 'non-profiled nmethods': size=120064Kb used=13457Kb max_used=13457Kb free=106606Kb
 bounds [0x000001a587ac0000, 0x000001a5887f0000, 0x000001a58f000000]
CodeHeap 'profiled nmethods': size=120000Kb used=43628Kb max_used=43628Kb free=76371Kb
 bounds [0x000001a580590000, 0x000001a583030000, 0x000001a587ac0000]
CodeHeap 'non-nmethods': size=5696Kb used=2479Kb max_used=2536Kb free=3216Kb
 bounds [0x000001a580000000, 0x000001a580290000, 0x000001a580590000]
 total_blobs=20089 nmethods=19072 adapters=928
 compilation: enabled
              stopped_count=0, restarted_count=0
 full_count=0

Compilation events (20 events):
Event: 590.573 Thread 0x000001a5ff67c800 nmethod 20027 0x000001a583026110 code [0x000001a583026320, 0x000001a5830268f8]
Event: 590.573 Thread 0x000001a5ff67c800 20028       3       com.android.aapt.Resources$SourcePosition::toBuilder (29 bytes)
Event: 590.574 Thread 0x000001a5ff67c800 nmethod 20028 0x000001a583026b10 code [0x000001a583026d80, 0x000001a5830277e8]
Event: 590.574 Thread 0x000001a5ff67c800 20029       3       com.android.aapt.Resources$SourcePosition$Builder::<init> (9 bytes)
Event: 590.574 Thread 0x000001a5ff67c800 nmethod 20029 0x000001a583027b10 code [0x000001a583027d00, 0x000001a5830281d8]
Event: 590.574 Thread 0x000001a5ff67c800 20030       3       com.android.aapt.Resources$SourcePosition$Builder::maybeForceBuilderInitialization (7 bytes)
Event: 590.575 Thread 0x000001a5ff67c800 nmethod 20030 0x000001a583028390 code [0x000001a583028540, 0x000001a5830286d8]
Event: 590.575 Thread 0x000001a5ff67c800 20031       3       com.android.aapt.Resources$SourcePosition::access$200 (4 bytes)
Event: 590.575 Thread 0x000001a5ff67c800 nmethod 20031 0x000001a583028790 code [0x000001a583028940, 0x000001a583028a38]
Event: 590.575 Thread 0x000001a5ff67c800 20032       3       com.android.aapt.Resources$SourcePosition$Builder::setLineNumber (11 bytes)
Event: 590.575 Thread 0x000001a5ff67c800 nmethod 20032 0x000001a583028b10 code [0x000001a583028ce0, 0x000001a583028f88]
Event: 590.575 Thread 0x000001a5ff67c800 20033       3       com.android.aapt.Resources$SourcePosition$Builder::build (19 bytes)
Event: 590.576 Thread 0x000001a5ff67c800 nmethod 20033 0x000001a583029090 code [0x000001a5830292c0, 0x000001a583029b78]
Event: 590.576 Thread 0x000001a5ff67c800 20034       3       com.android.aapt.Resources$SourcePosition$Builder::buildPartial (31 bytes)
Event: 590.576 Thread 0x000001a5ff67c800 nmethod 20034 0x000001a583029e10 code [0x000001a58302a000, 0x000001a58302a5b8]
Event: 590.576 Thread 0x000001a5ff67c800 20035       3       com.android.aapt.Resources$SourcePosition::<init> (11 bytes)
Event: 590.577 Thread 0x000001a5ff67c800 nmethod 20035 0x000001a58302a790 code [0x000001a58302a960, 0x000001a58302ac78]
Event: 590.577 Thread 0x000001a5ff67c800 20036       3       com.android.aapt.Resources$SourcePosition::isInitialized (25 bytes)
Event: 590.577 Thread 0x000001a5ff67c800 nmethod 20036 0x000001a58302ae10 code [0x000001a58302afc0, 0x000001a58302b178]
Event: 590.577 Thread 0x000001a5ff67c800 20043       2       org.gradle.internal.snapshot.VfsRelativePath::compareToFirstSegment (203 bytes)

GC Heap History (20 events):
Event: 585.983 GC heap after
{Heap after GC invocations=128 (full 0):
 garbage-first heap   total 273408K, used 227001K [0x0000000080000000, 0x0000000100000000)
  region size 1024K, 1 young (1024K), 1 survivors (1024K)
 Metaspace       used 119770K, capacity 123456K, committed 123472K, reserved 1157120K
  class space    used 15027K, capacity 16368K, committed 16384K, reserved 1048576K
}
Event: 586.097 GC heap before
{Heap before GC invocations=128 (full 0):
 garbage-first heap   total 273408K, used 230073K [0x0000000080000000, 0x0000000100000000)
  region size 1024K, 5 young (5120K), 1 survivors (1024K)
 Metaspace       used 119925K, capacity 123616K, committed 123856K, reserved 1157120K
  class space    used 15039K, capacity 16400K, committed 16512K, reserved 1048576K
}
Event: 586.107 GC heap after
{Heap after GC invocations=129 (full 0):
 garbage-first heap   total 273408K, used 227736K [0x0000000080000000, 0x0000000100000000)
  region size 1024K, 2 young (2048K), 2 survivors (2048K)
 Metaspace       used 119925K, capacity 123616K, committed 123856K, reserved 1157120K
  class space    used 15039K, capacity 16400K, committed 16512K, reserved 1048576K
}
Event: 586.575 GC heap before
{Heap before GC invocations=129 (full 0):
 garbage-first heap   total 273408K, used 247192K [0x0000000080000000, 0x0000000100000000)
  region size 1024K, 13 young (13312K), 2 survivors (2048K)
 Metaspace       used 120022K, capacity 123787K, committed 124112K, reserved 1157120K
  class space    used 15047K, capacity 16413K, committed 16512K, reserved 1048576K
}
Event: 586.588 GC heap after
{Heap after GC invocations=130 (full 0):
 garbage-first heap   total 273408K, used 229048K [0x0000000080000000, 0x0000000100000000)
  region size 1024K, 2 young (2048K), 2 survivors (2048K)
 Metaspace       used 120022K, capacity 123787K, committed 124112K, reserved 1157120K
  class space    used 15047K, capacity 16413K, committed 16512K, reserved 1048576K
}
Event: 586.811 GC heap before
{Heap before GC invocations=131 (full 0):
 garbage-first heap   total 273408K, used 239288K [0x0000000080000000, 0x0000000100000000)
  region size 1024K, 13 young (13312K), 2 survivors (2048K)
 Metaspace       used 120041K, capacity 123787K, committed 124112K, reserved 1157120K
  class space    used 15047K, capacity 16413K, committed 16512K, reserved 1048576K
}
Event: 586.825 GC heap after
{Heap after GC invocations=132 (full 0):
 garbage-first heap   total 328704K, used 230881K [0x0000000080000000, 0x0000000100000000)
  region size 1024K, 2 young (2048K), 2 survivors (2048K)
 Metaspace       used 120041K, capacity 123787K, committed 124112K, reserved 1157120K
  class space    used 15047K, capacity 16413K, committed 16512K, reserved 1048576K
}
Event: 587.410 GC heap before
{Heap before GC invocations=132 (full 0):
 garbage-first heap   total 328704K, used 245217K [0x0000000080000000, 0x0000000100000000)
  region size 1024K, 16 young (16384K), 2 survivors (2048K)
 Metaspace       used 122171K, capacity 125924K, committed 126160K, reserved 1159168K
  class space    used 15344K, capacity 16720K, committed 16768K, reserved 1048576K
}
Event: 587.418 GC heap after
{Heap after GC invocations=133 (full 0):
 garbage-first heap   total 328704K, used 231865K [0x0000000080000000, 0x0000000100000000)
  region size 1024K, 1 young (1024K), 1 survivors (1024K)
 Metaspace       used 122171K, capacity 125924K, committed 126160K, reserved 1159168K
  class space    used 15344K, capacity 16720K, committed 16768K, reserved 1048576K
}
Event: 587.763 GC heap before
{Heap before GC invocations=133 (full 0):
 garbage-first heap   total 328704K, used 245177K [0x0000000080000000, 0x0000000100000000)
  region size 1024K, 16 young (16384K), 1 survivors (1024K)
 Metaspace       used 122254K, capacity 126052K, committed 126160K, reserved 1159168K
  class space    used 15353K, capacity 16720K, committed 16768K, reserved 1048576K
}
Event: 587.774 GC heap after
{Heap after GC invocations=134 (full 0):
 garbage-first heap   total 328704K, used 237125K [0x0000000080000000, 0x0000000100000000)
  region size 1024K, 4 young (4096K), 4 survivors (4096K)
 Metaspace       used 122254K, capacity 126052K, committed 126160K, reserved 1159168K
  class space    used 15353K, capacity 16720K, committed 16768K, reserved 1048576K
}
Event: 588.466 GC heap before
{Heap before GC invocations=135 (full 0):
 garbage-first heap   total 328704K, used 280133K [0x0000000080000000, 0x0000000100000000)
  region size 1024K, 29 young (29696K), 4 survivors (4096K)
 Metaspace       used 122564K, capacity 126351K, committed 126416K, reserved 1159168K
  class space    used 15375K, capacity 16765K, committed 16768K, reserved 1048576K
}
Event: 588.477 GC heap after
{Heap after GC invocations=136 (full 0):
 garbage-first heap   total 328704K, used 241049K [0x0000000080000000, 0x0000000100000000)
  region size 1024K, 4 young (4096K), 4 survivors (4096K)
 Metaspace       used 122564K, capacity 126351K, committed 126416K, reserved 1159168K
  class space    used 15375K, capacity 16765K, committed 16768K, reserved 1048576K
}
Event: 589.151 GC heap before
{Heap before GC invocations=136 (full 0):
 garbage-first heap   total 328704K, used 265625K [0x0000000080000000, 0x0000000100000000)
  region size 1024K, 29 young (29696K), 4 survivors (4096K)
 Metaspace       used 125371K, capacity 129179K, committed 129232K, reserved 1161216K
  class space    used 15614K, capacity 17014K, committed 17024K, reserved 1048576K
}
Event: 589.161 GC heap after
{Heap after GC invocations=137 (full 0):
 garbage-first heap   total 328704K, used 244360K [0x0000000080000000, 0x0000000100000000)
  region size 1024K, 3 young (3072K), 3 survivors (3072K)
 Metaspace       used 125371K, capacity 129179K, committed 129232K, reserved 1161216K
  class space    used 15614K, capacity 17014K, committed 17024K, reserved 1048576K
}
Event: 589.876 GC heap before
{Heap before GC invocations=138 (full 0):
 garbage-first heap   total 328704K, used 253576K [0x0000000080000000, 0x0000000100000000)
  region size 1024K, 28 young (28672K), 3 survivors (3072K)
 Metaspace       used 125864K, capacity 129699K, committed 129744K, reserved 1163264K
  class space    used 15639K, capacity 17014K, committed 17024K, reserved 1048576K
}
Event: 589.885 GC heap after
{Heap after GC invocations=139 (full 0):
 garbage-first heap   total 328704K, used 233181K [0x0000000080000000, 0x0000000100000000)
  region size 1024K, 4 young (4096K), 4 survivors (4096K)
 Metaspace       used 125864K, capacity 129699K, committed 129744K, reserved 1163264K
  class space    used 15639K, capacity 17014K, committed 17024K, reserved 1048576K
}
Event: 590.044 GC heap before
{Heap before GC invocations=139 (full 0):
 garbage-first heap   total 328704K, used 245469K [0x0000000080000000, 0x0000000100000000)
  region size 1024K, 16 young (16384K), 4 survivors (4096K)
 Metaspace       used 125998K, capacity 129859K, committed 130128K, reserved 1163264K
  class space    used 15647K, capacity 17046K, committed 17152K, reserved 1048576K
}
Event: 590.057 GC heap after
{Heap after GC invocations=140 (full 0):
 garbage-first heap   total 328704K, used 216402K [0x0000000080000000, 0x0000000100000000)
  region size 1024K, 1 young (1024K), 1 survivors (1024K)
 Metaspace       used 125998K, capacity 129859K, committed 130128K, reserved 1163264K
  class space    used 15647K, capacity 17046K, committed 17152K, reserved 1048576K
}
Event: 590.578 GC heap before
{Heap before GC invocations=140 (full 0):
 garbage-first heap   total 328704K, used 251218K [0x0000000080000000, 0x0000000100000000)
  region size 1024K, 36 young (36864K), 1 survivors (1024K)
 Metaspace       used 126354K, capacity 130179K, committed 130384K, reserved 1163264K
  class space    used 15672K, capacity 17046K, committed 17152K, reserved 1048576K
}

Deoptimization events (20 events):
Event: 590.414 Thread 0x000001a59a846000 DEOPT PACKING pc=0x000001a582f25be2 sp=0x0000008623afcca0
Event: 590.414 Thread 0x000001a59a846000 DEOPT UNPACKING pc=0x000001a58004a95e sp=0x0000008623afc1c0 mode 0
Event: 590.418 Thread 0x000001a5972ac800 DEOPT PACKING pc=0x000001a582f25be2 sp=0x00000086236fc810
Event: 590.418 Thread 0x000001a5972ac800 DEOPT UNPACKING pc=0x000001a58004a95e sp=0x00000086236fbd30 mode 0
Event: 590.462 Thread 0x000001a59a846000 Uncommon trap: trap_request=0xffffff4d fr.pc=0x000001a5887ce0ec relative=0x000000000000004c
Event: 590.462 Thread 0x000001a59a846000 Uncommon trap: reason=unstable_if action=reinterpret pc=0x000001a5887ce0ec method=com.google.protobuf.CodedOutputStream.computeUInt32SizeNoTag(I)I @ 14 c2
Event: 590.462 Thread 0x000001a59a846000 DEOPT PACKING pc=0x000001a5887ce0ec sp=0x0000008623afca90
Event: 590.462 Thread 0x000001a59a846000 DEOPT UNPACKING pc=0x000001a58004a1af sp=0x0000008623afca28 mode 2
Event: 590.550 Thread 0x000001a5972ac800 Uncommon trap: trap_request=0xffffff4d fr.pc=0x000001a5887dd0f8 relative=0x0000000000000058
Event: 590.550 Thread 0x000001a5972ac800 Uncommon trap: reason=unstable_if action=reinterpret pc=0x000001a5887dd0f8 method=com.google.protobuf.CodedOutputStream.computeUInt32SizeNoTag(I)I @ 24 c2
Event: 590.550 Thread 0x000001a5972ac800 DEOPT PACKING pc=0x000001a5887dd0f8 sp=0x00000086236fcc60
Event: 590.550 Thread 0x000001a5972ac800 DEOPT UNPACKING pc=0x000001a58004a1af sp=0x00000086236fcbf8 mode 2
Event: 590.551 Thread 0x000001a5972a7800 Uncommon trap: trap_request=0xffffff4d fr.pc=0x000001a5887df330 relative=0x00000000000017d0
Event: 590.552 Thread 0x000001a5972a7800 Uncommon trap: reason=unstable_if action=reinterpret pc=0x000001a5887df330 method=com.sun.org.apache.xerces.internal.impl.XMLNSDocumentScannerImpl.scanStartElement()Z @ 633 c2
Event: 590.552 Thread 0x000001a5972a7800 DEOPT PACKING pc=0x000001a5887df330 sp=0x00000086238fd4a0
Event: 590.552 Thread 0x000001a5972a7800 DEOPT UNPACKING pc=0x000001a58004a1af sp=0x00000086238fd450 mode 2
Event: 590.561 Thread 0x000001a59a846000 Uncommon trap: trap_request=0xffffff4d fr.pc=0x000001a5887b8d2c relative=0x00000000000000ec
Event: 590.561 Thread 0x000001a59a846000 Uncommon trap: reason=unstable_if action=reinterpret pc=0x000001a5887b8d2c method=com.sun.org.apache.xerces.internal.impl.XMLDocumentFragmentScannerImpl.getString()Lcom/sun/org/apache/xerces/internal/xni/XMLString; @ 8 c2
Event: 590.561 Thread 0x000001a59a846000 DEOPT PACKING pc=0x000001a5887b8d2c sp=0x0000008623afcf30
Event: 590.561 Thread 0x000001a59a846000 DEOPT UNPACKING pc=0x000001a58004a1af sp=0x0000008623afceb8 mode 2

Classes redefined (0 events):
No events

Internal exceptions (20 events):
Event: 589.088 Thread 0x000001a5972ab800 Exception <a 'sun/nio/fs/WindowsException'{0x0000000092d1a188}> (0x0000000092d1a188) thrown at [src/hotspot/share/prims/jni.cpp, line 617]
Event: 589.213 Thread 0x000001a5972ab800 Exception <a 'sun/nio/fs/WindowsException'{0x0000000093e00dd0}> (0x0000000093e00dd0) thrown at [src/hotspot/share/prims/jni.cpp, line 617]
Event: 589.783 Thread 0x000001a5972ab800 Exception <a 'sun/nio/fs/WindowsException'{0x0000000093e020b8}> (0x0000000093e020b8) thrown at [src/hotspot/share/prims/jni.cpp, line 617]
Event: 589.966 Thread 0x000001a5972ab800 Exception <a 'sun/nio/fs/WindowsException'{0x00000000937513e0}> (0x00000000937513e0) thrown at [src/hotspot/share/prims/jni.cpp, line 617]
Event: 590.015 Thread 0x000001a5972ab800 Exception <a 'sun/nio/fs/WindowsException'{0x00000000936e8b38}> (0x00000000936e8b38) thrown at [src/hotspot/share/prims/jni.cpp, line 617]
Event: 590.041 Thread 0x000001a5972ab800 Exception <a 'sun/nio/fs/WindowsException'{0x00000000935e9ec0}> (0x00000000935e9ec0) thrown at [src/hotspot/share/prims/jni.cpp, line 617]
Event: 590.064 Thread 0x000001a5972ab800 Exception <a 'sun/nio/fs/WindowsException'{0x00000000940e41d0}> (0x00000000940e41d0) thrown at [src/hotspot/share/prims/jni.cpp, line 617]
Event: 590.081 Thread 0x000001a5972ab800 Exception <a 'sun/nio/fs/WindowsException'{0x0000000093fd4be0}> (0x0000000093fd4be0) thrown at [src/hotspot/share/prims/jni.cpp, line 617]
Event: 590.095 Thread 0x000001a5972ab800 Exception <a 'sun/nio/fs/WindowsException'{0x0000000093fd5e28}> (0x0000000093fd5e28) thrown at [src/hotspot/share/prims/jni.cpp, line 617]
Event: 590.153 Thread 0x000001a5972ab800 Exception <a 'sun/nio/fs/WindowsException'{0x0000000093738f48}> (0x0000000093738f48) thrown at [src/hotspot/share/prims/jni.cpp, line 617]
Event: 590.166 Thread 0x000001a5972ab800 Exception <a 'sun/nio/fs/WindowsException'{0x00000000936c71d0}> (0x00000000936c71d0) thrown at [src/hotspot/share/prims/jni.cpp, line 617]
Event: 590.186 Thread 0x000001a5972ab800 Exception <a 'sun/nio/fs/WindowsException'{0x0000000093393dc8}> (0x0000000093393dc8) thrown at [src/hotspot/share/prims/jni.cpp, line 617]
Event: 590.198 Thread 0x000001a5972ab800 Exception <a 'sun/nio/fs/WindowsException'{0x0000000093394f40}> (0x0000000093394f40) thrown at [src/hotspot/share/prims/jni.cpp, line 617]
Event: 590.209 Thread 0x000001a5972ab800 Exception <a 'sun/nio/fs/WindowsException'{0x000000009311b668}> (0x000000009311b668) thrown at [src/hotspot/share/prims/jni.cpp, line 617]
Event: 590.215 Thread 0x000001a5972ab800 Exception <a 'sun/nio/fs/WindowsException'{0x000000009311c8b8}> (0x000000009311c8b8) thrown at [src/hotspot/share/prims/jni.cpp, line 617]
Event: 590.223 Thread 0x000001a5972ab800 Exception <a 'sun/nio/fs/WindowsException'{0x00000000931e8a90}> (0x00000000931e8a90) thrown at [src/hotspot/share/prims/jni.cpp, line 617]
Event: 590.266 Thread 0x000001a5972ab800 Exception <a 'sun/nio/fs/WindowsException'{0x0000000092b74e78}> (0x0000000092b74e78) thrown at [src/hotspot/share/prims/jni.cpp, line 617]
Event: 590.379 Thread 0x000001a5972ab800 Exception <a 'sun/nio/fs/WindowsException'{0x0000000092b763f8}> (0x0000000092b763f8) thrown at [src/hotspot/share/prims/jni.cpp, line 617]
Event: 590.380 Thread 0x000001a5972ab800 Exception <a 'sun/nio/fs/WindowsException'{0x0000000092776e78}> (0x0000000092776e78) thrown at [src/hotspot/share/prims/jni.cpp, line 617]
Event: 590.443 Thread 0x000001a5972ab800 Exception <a 'sun/nio/fs/WindowsException'{0x0000000092778098}> (0x0000000092778098) thrown at [src/hotspot/share/prims/jni.cpp, line 617]

Events (20 events):
Event: 590.539 loading class com/android/aapt/Resources$XmlNamespaceOrBuilder done
Event: 590.541 loading class com/android/aapt/Resources$XmlNamespace$1
Event: 590.541 loading class com/android/aapt/Resources$XmlNamespace$1 done
Event: 590.542 loading class com/android/aapt/Resources$XmlNamespace$Builder
Event: 590.542 loading class com/android/aapt/Resources$XmlNamespace$Builder done
Event: 590.545 loading class com/android/aapt/Resources$XmlAttribute$1
Event: 590.545 loading class com/android/aapt/Resources$XmlAttribute$1 done
Event: 590.545 loading class com/android/aapt/Resources$XmlAttribute$Builder
Event: 590.545 loading class com/android/aapt/Resources$XmlAttribute$Builder done
Event: 590.562 loading class com/android/aapt/Resources$XmlNode$1
Event: 590.562 loading class com/android/aapt/Resources$XmlNode$1 done
Event: 590.562 loading class com/android/aapt/Resources$XmlNode$Builder
Event: 590.562 loading class com/android/aapt/Resources$XmlNode$Builder done
Event: 590.565 loading class com/android/aaptcompiler/XmlResource
Event: 590.565 loading class com/android/aaptcompiler/XmlResource done
Event: 590.566 loading class com/android/aaptcompiler/XmlProcessor$process$$inlined$sortedBy$1
Event: 590.566 loading class com/android/aaptcompiler/XmlProcessor$process$$inlined$sortedBy$1 done
Event: 590.567 loading class com/android/aaptcompiler/XmlProcessor$process$3
Event: 590.567 loading class com/android/aaptcompiler/XmlProcessor$process$3 done
Event: 590.578 Executing VM operation: G1CollectForAllocation


Dynamic libraries:
0x00007ff6615d0000 - 0x00007ff6615da000 	D:\Perkuliahan\Aplikasi Tugas\Android Studio\jbr\bin\java.exe
0x00007ff8e7ed0000 - 0x00007ff8e80c8000 	C:\WINDOWS\SYSTEM32\ntdll.dll
0x00007ff8e6060000 - 0x00007ff8e611f000 	C:\WINDOWS\System32\KERNEL32.DLL
0x00007ff8e57e0000 - 0x00007ff8e5ad6000 	C:\WINDOWS\System32\KERNELBASE.dll
0x00007ff8e56e0000 - 0x00007ff8e57e0000 	C:\WINDOWS\System32\ucrtbase.dll
0x00007ff8e0a60000 - 0x00007ff8e0a7b000 	D:\Perkuliahan\Aplikasi Tugas\Android Studio\jbr\bin\VCRUNTIME140.dll
0x00007ff8e0a80000 - 0x00007ff8e0a97000 	D:\Perkuliahan\Aplikasi Tugas\Android Studio\jbr\bin\jli.dll
0x00007ff8e6700000 - 0x00007ff8e689d000 	C:\WINDOWS\System32\USER32.dll
0x00007ff8e5c40000 - 0x00007ff8e5c62000 	C:\WINDOWS\System32\win32u.dll
0x00007ff8e7500000 - 0x00007ff8e752c000 	C:\WINDOWS\System32\GDI32.dll
0x00007ff8d2600000 - 0x00007ff8d289a000 	C:\WINDOWS\WinSxS\amd64_microsoft.windows.common-controls_6595b64144ccf1df_6.0.19041.1110_none_60b5254171f9507e\COMCTL32.dll
0x00007ff8e5c70000 - 0x00007ff8e5d85000 	C:\WINDOWS\System32\gdi32full.dll
0x00007ff8e6250000 - 0x00007ff8e62ee000 	C:\WINDOWS\System32\msvcrt.dll
0x00007ff8e55b0000 - 0x00007ff8e564d000 	C:\WINDOWS\System32\msvcp_win.dll
0x00007ff8e6c90000 - 0x00007ff8e6cc0000 	C:\WINDOWS\System32\IMM32.DLL
0x00007ff8e0a50000 - 0x00007ff8e0a5c000 	D:\Perkuliahan\Aplikasi Tugas\Android Studio\jbr\bin\vcruntime140_1.dll
0x00007ff8de680000 - 0x00007ff8de70d000 	D:\Perkuliahan\Aplikasi Tugas\Android Studio\jbr\bin\msvcp140.dll
0x00007ff8708d0000 - 0x00007ff87148c000 	D:\Perkuliahan\Aplikasi Tugas\Android Studio\jbr\bin\server\jvm.dll
0x00007ff8e7d10000 - 0x00007ff8e7dbf000 	C:\WINDOWS\System32\ADVAPI32.dll
0x00007ff8e7190000 - 0x00007ff8e722c000 	C:\WINDOWS\System32\sechost.dll
0x00007ff8e5f30000 - 0x00007ff8e6056000 	C:\WINDOWS\System32\RPCRT4.dll
0x00007ff8e6540000 - 0x00007ff8e6548000 	C:\WINDOWS\System32\PSAPI.DLL
0x00007ff8d2180000 - 0x00007ff8d21a7000 	C:\WINDOWS\SYSTEM32\WINMM.dll
0x00007ff8e02e0000 - 0x00007ff8e02e9000 	C:\WINDOWS\SYSTEM32\WSOCK32.dll
0x00007ff8dd950000 - 0x00007ff8dd95a000 	C:\WINDOWS\SYSTEM32\VERSION.dll
0x00007ff8e7230000 - 0x00007ff8e729b000 	C:\WINDOWS\System32\WS2_32.dll
0x00007ff8e3e20000 - 0x00007ff8e3e32000 	C:\WINDOWS\SYSTEM32\kernel.appcore.dll
0x00007ff8dfd30000 - 0x00007ff8dfd40000 	D:\Perkuliahan\Aplikasi Tugas\Android Studio\jbr\bin\verify.dll
0x00007ff8e3b20000 - 0x00007ff8e3d04000 	C:\WINDOWS\SYSTEM32\DBGHELP.DLL
0x00007ff8ca3f0000 - 0x00007ff8ca424000 	C:\WINDOWS\SYSTEM32\dbgcore.DLL
0x00007ff8e5650000 - 0x00007ff8e56d2000 	C:\WINDOWS\System32\bcryptPrimitives.dll
0x00007ff8aba40000 - 0x00007ff8aba68000 	D:\Perkuliahan\Aplikasi Tugas\Android Studio\jbr\bin\java.dll
0x00007ff8dfd20000 - 0x00007ff8dfd2a000 	D:\Perkuliahan\Aplikasi Tugas\Android Studio\jbr\bin\jimage.dll
0x00007ff8dca10000 - 0x00007ff8dca28000 	D:\Perkuliahan\Aplikasi Tugas\Android Studio\jbr\bin\zip.dll
0x00007ff8e7530000 - 0x00007ff8e7c74000 	C:\WINDOWS\System32\SHELL32.dll
0x00007ff8e32b0000 - 0x00007ff8e3a43000 	C:\WINDOWS\SYSTEM32\windows.storage.dll
0x00007ff8e6930000 - 0x00007ff8e6c84000 	C:\WINDOWS\System32\combase.dll
0x00007ff8e5000000 - 0x00007ff8e502e000 	C:\WINDOWS\SYSTEM32\Wldp.dll
0x00007ff8e7de0000 - 0x00007ff8e7e8d000 	C:\WINDOWS\System32\SHCORE.dll
0x00007ff8e7130000 - 0x00007ff8e7185000 	C:\WINDOWS\System32\shlwapi.dll
0x00007ff8e54f0000 - 0x00007ff8e550f000 	C:\WINDOWS\SYSTEM32\profapi.dll
0x00007ff8bbc90000 - 0x00007ff8bbca9000 	D:\Perkuliahan\Aplikasi Tugas\Android Studio\jbr\bin\net.dll
0x00007ff8d9d90000 - 0x00007ff8d9e9a000 	C:\WINDOWS\SYSTEM32\WINHTTP.dll
0x00007ff8e4d60000 - 0x00007ff8e4dca000 	C:\WINDOWS\system32\mswsock.dll
0x00007ff8bbb00000 - 0x00007ff8bbb13000 	D:\Perkuliahan\Aplikasi Tugas\Android Studio\jbr\bin\nio.dll
0x00007ff8e0aa0000 - 0x00007ff8e0ac7000 	C:\Users\HIDAYAT\.gradle\native\e1d6ef7f7dcc3fd88c89a11ec53ec762bb8ba0a96d01ffa2cd45eb1d1d8dd5c5\windows-amd64\native-platform.dll
0x00007ff8cd5c0000 - 0x00007ff8cd704000 	C:\Users\HIDAYAT\.gradle\native\0d407fdbe67a94daf76414ababcb853783967236a71b16ec16e742cd7a986fd3\windows-amd64\native-platform-file-events.dll
0x00007ff8cbc20000 - 0x00007ff8cbc2a000 	D:\Perkuliahan\Aplikasi Tugas\Android Studio\jbr\bin\management.dll
0x00007ff8becc0000 - 0x00007ff8beccb000 	D:\Perkuliahan\Aplikasi Tugas\Android Studio\jbr\bin\management_ext.dll
0x00007ff8e4f60000 - 0x00007ff8e4f78000 	C:\WINDOWS\SYSTEM32\CRYPTSP.dll
0x00007ff8e4610000 - 0x00007ff8e4644000 	C:\WINDOWS\system32\rsaenh.dll
0x00007ff8e5f00000 - 0x00007ff8e5f27000 	C:\WINDOWS\System32\bcrypt.dll
0x00007ff8e54b0000 - 0x00007ff8e54de000 	C:\WINDOWS\SYSTEM32\USERENV.dll
0x00007ff8e4f50000 - 0x00007ff8e4f5c000 	C:\WINDOWS\SYSTEM32\CRYPTBASE.dll
0x00007ff8e4a00000 - 0x00007ff8e4a3c000 	C:\WINDOWS\SYSTEM32\IPHLPAPI.DLL
0x00007ff8e74f0000 - 0x00007ff8e74f8000 	C:\WINDOWS\System32\NSI.dll
0x00007ff8dc7a0000 - 0x00007ff8dc7b7000 	C:\WINDOWS\SYSTEM32\dhcpcsvc6.DLL
0x00007ff8dd0b0000 - 0x00007ff8dd0cd000 	C:\WINDOWS\SYSTEM32\dhcpcsvc.DLL
0x00007ff8e4a40000 - 0x00007ff8e4b0a000 	C:\WINDOWS\SYSTEM32\DNSAPI.dll
0x00007ff8a8870000 - 0x00007ff8a8897000 	D:\Perkuliahan\Aplikasi Tugas\Android Studio\jbr\bin\sunec.dll
0x000000006cf30000 - 0x000000006cf56000 	C:\Program Files\Bonjour\mdnsNSP.dll
0x00007ff8d2ab0000 - 0x00007ff8d2aba000 	C:\Windows\System32\rasadhlp.dll
0x00007ff8d2de0000 - 0x00007ff8d2e62000 	C:\WINDOWS\System32\fwpuclnt.dll
0x00007ff8e4730000 - 0x00007ff8e4763000 	C:\WINDOWS\SYSTEM32\ntmarta.dll

dbghelp: loaded successfully - version: 4.0.5 - missing functions: none
symbol engine: initialized successfully - sym options: 0x614 - pdb path: .;D:\Perkuliahan\Aplikasi Tugas\Android Studio\jbr\bin;C:\WINDOWS\SYSTEM32;C:\WINDOWS\WinSxS\amd64_microsoft.windows.common-controls_6595b64144ccf1df_6.0.19041.1110_none_60b5254171f9507e;D:\Perkuliahan\Aplikasi Tugas\Android Studio\jbr\bin\server;C:\Users\HIDAYAT\.gradle\native\e1d6ef7f7dcc3fd88c89a11ec53ec762bb8ba0a96d01ffa2cd45eb1d1d8dd5c5\windows-amd64;C:\Users\HIDAYAT\.gradle\native\0d407fdbe67a94daf76414ababcb853783967236a71b16ec16e742cd7a986fd3\windows-amd64;C:\Program Files\Bonjour

VM Arguments:
jvm_args: --add-opens=java.base/java.util=ALL-UNNAMED --add-opens=java.base/java.lang=ALL-UNNAMED --add-opens=java.base/java.lang.invoke=ALL-UNNAMED --add-opens=java.base/java.util=ALL-UNNAMED --add-opens=java.prefs/java.util.prefs=ALL-UNNAMED --add-opens=java.prefs/java.util.prefs=ALL-UNNAMED --add-opens=java.base/java.nio.charset=ALL-UNNAMED --add-opens=java.base/java.net=ALL-UNNAMED --add-opens=java.base/java.util.concurrent.atomic=ALL-UNNAMED -Xmx2048m -Dfile.encoding=UTF-8 -Duser.country=ID -Duser.language=en -Duser.variant 
java_command: org.gradle.launcher.daemon.bootstrap.GradleDaemon 7.5
java_class_path (initial): C:\Users\HIDAYAT\.gradle\wrapper\dists\gradle-7.5-bin\f1w0cc9nuo0eivz97x2xlu9sv\gradle-7.5\lib\gradle-launcher-7.5.jar
Launcher Type: SUN_STANDARD

[Global flags]
     intx CICompilerCount                          = 3                                         {product} {ergonomic}
     uint ConcGCThreads                            = 1                                         {product} {ergonomic}
     uint G1ConcRefinementThreads                  = 4                                         {product} {ergonomic}
   size_t G1HeapRegionSize                         = 1048576                                   {product} {ergonomic}
    uintx GCDrainStackTargetSize                   = 64                                        {product} {ergonomic}
   size_t InitialHeapSize                          = 134217728                                 {product} {ergonomic}
   size_t MarkStackSize                            = 4194304                                   {product} {ergonomic}
   size_t MaxHeapSize                              = 2147483648                                {product} {command line}
   size_t MaxNewSize                               = 1287651328                                {product} {ergonomic}
   size_t MinHeapDeltaBytes                        = 1048576                                   {product} {ergonomic}
    uintx NonNMethodCodeHeapSize                   = 5830732                                {pd product} {ergonomic}
    uintx NonProfiledCodeHeapSize                  = 122913754                              {pd product} {ergonomic}
    uintx ProfiledCodeHeapSize                     = 122913754                              {pd product} {ergonomic}
    uintx ReservedCodeCacheSize                    = 251658240                              {pd product} {ergonomic}
     bool SegmentedCodeCache                       = true                                      {product} {ergonomic}
     bool UseCompressedClassPointers               = true                                 {lp64_product} {ergonomic}
     bool UseCompressedOops                        = true                                 {lp64_product} {ergonomic}
     bool UseG1GC                                  = true                                      {product} {ergonomic}
     bool UseLargePagesIndividualAllocation        = false                                  {pd product} {ergonomic}

Logging:
Log output configuration:
 #0: stdout all=warning uptime,level,tags
 #1: stderr all=off uptime,level,tags

Environment Variables:
PATH=C:\Program Files\Common Files\Oracle\Java\javapath;C:\Program Files (x86)\Common Files\Oracle\Java\javapath;C:\Program Files (x86)\Intel\iCLS Client\;C:\Program Files\Intel\iCLS Client\;C:\Windows\system32;C:\Windows;C:\Windows\System32\Wbem;C:\Windows\System32\WindowsPowerShell\v1.0\;C:\Program Files (x86)\Intel\Intel(R) Management Engine Components\DAL;C:\Program Files\Intel\Intel(R) Management Engine Components\DAL;C:\Program Files (x86)\Intel\Intel(R) Management Engine Components\IPT;C:\Program Files\Intel\Intel(R) Management Engine Components\IPT;C:\WINDOWS\system32;C:\WINDOWS;C:\WINDOWS\System32\Wbem;C:\WINDOWS\System32\WindowsPowerShell\v1.0\;C:\Program Files (x86)\NVIDIA Corporation\PhysX\Common;C:\WINDOWS\System32\OpenSSH\;C:\Program Files\Intel\WiFi\bin\;C:\Program Files\Common Files\Intel\WirelessCommon\;C:\Program Files\NVIDIA Corporation\NVIDIA NvDLISR;C:\WINDOWS\system32;C:\WINDOWS;C:\WINDOWS\System32\Wbem;C:\WINDOWS\System32\WindowsPowerShell\v1.0\;C:\WINDOWS\System32\OpenSSH\;C:\Program Files\IBM\SPSS\Statistics\24\JRE\bin;D:\Perkuliahan\Aplikasi Tugas\Git\cmd;C:\Program Files\MySQL\MySQL Shell 8.0\bin\;C:\Users\HIDAYAT\AppData\Local\Microsoft\WindowsApps;;E:\Other\Fiddler;C:\Users\HIDAYAT\AppData\Local\Microsoft\WindowsApps;C:\Users\HIDAYAT\AppData\Local\Programs\Microsoft VS Code\bin;D:\Perkuliahan\Microsoft VS Code\bin
USERNAME=HIDAYAT
OS=Windows_NT
PROCESSOR_IDENTIFIER=Intel64 Family 6 Model 142 Stepping 9, GenuineIntel



---------------  S Y S T E M  ---------------

OS: Windows 10 , 64 bit Build 19041 (10.0.19041.3031)
OS uptime: 0 days 2:03 hours

CPU:total 4 (initial active 4) (2 cores per cpu, 2 threads per core) family 6 model 142 stepping 9 microcode 0xb4, cmov, cx8, fxsr, mmx, sse, sse2, sse3, ssse3, sse4.1, sse4.2, popcnt, avx, avx2, aes, clmul, erms, 3dnowpref, lzcnt, ht, tsc, tscinvbit, bmi1, bmi2, adx, fma

Memory: 4k page, system-wide physical 8077M (428M free)
TotalPageFile size 10125M (AvailPageFile size 41M)
current process WorkingSet (physical memory assigned to process): 664M, peak: 664M
current process commit charge ("private bytes"): 714M, peak: 779M

vm_info: OpenJDK 64-Bit Server VM (11.0.15+0-b2043.56-9505619) for windows-amd64 JRE (11.0.15+0-b2043.56-9505619), built on Jan 19 2023 02:48:00 by "builduser" with unknown MS VC++:1929

END.
