#
# There is insufficient memory for the Java Runtime Environment to continue.
# Native memory allocation (malloc) failed to allocate 2550736 bytes for Chunk::new
# Possible reasons:
#   The system is out of physical RAM or swap space
#   The process is running with CompressedOops enabled, and the Java Heap may be blocking the growth of the native heap
# Possible solutions:
#   Reduce memory load on the system
#   Increase physical memory or swap space
#   Check if swap backing store is full
#   Decrease Java heap size (-Xmx/-Xms)
#   Decrease number of Java threads
#   Decrease Java thread stack sizes (-Xss)
#   Set larger code cache with -XX:ReservedCodeCacheSize=
#   JVM is running with Unscaled Compressed Oops mode in which the Java heap is
#     placed in the first 4GB address space. The Java Heap base address is the
#     maximum limit for the native heap growth. Please use -XX:HeapBaseMinAddress
#     to set the Java Heap base and to place the Java Heap above 4GB virtual address.
# This output file may be truncated or incomplete.
#
#  Out of Memory Error (src/hotspot/share/memory/arena.cpp:197), pid=13112, tid=15072
#
# JRE version: OpenJDK Runtime Environment (11.0.15) (build 11.0.15+0-b2043.56-9505619)
# Java VM: OpenJDK 64-Bit Server VM (11.0.15+0-b2043.56-9505619, mixed mode, tiered, compressed oops, g1 gc, windows-amd64)
# No core dump will be written. Minidumps are not enabled by default on client versions of Windows
#

---------------  S U M M A R Y ------------

Command Line: --add-opens=java.base/java.util=ALL-UNNAMED --add-opens=java.base/java.lang=ALL-UNNAMED --add-opens=java.base/java.lang.invoke=ALL-UNNAMED --add-opens=java.base/java.util=ALL-UNNAMED --add-opens=java.prefs/java.util.prefs=ALL-UNNAMED --add-opens=java.prefs/java.util.prefs=ALL-UNNAMED --add-opens=java.base/java.nio.charset=ALL-UNNAMED --add-opens=java.base/java.net=ALL-UNNAMED --add-opens=java.base/java.util.concurrent.atomic=ALL-UNNAMED -Xmx2048m -Dfile.encoding=UTF-8 -Duser.country=ID -Duser.language=en -Duser.variant org.gradle.launcher.daemon.bootstrap.GradleDaemon 7.5

Host: Intel(R) Core(TM) i5-7200U CPU @ 2.50GHz, 4 cores, 7G,  Windows 10 , 64 bit Build 19041 (10.0.19041.3031)
Time: Wed Jun 21 20:31:44 2023 SE Asia Standard Time elapsed time: 53.136371 seconds (0d 0h 0m 53s)

---------------  T H R E A D  ---------------

Current thread (0x000001abbaf77000):  JavaThread "C2 CompilerThread0" daemon [_thread_in_native, id=15072, stack(0x0000002415e00000,0x0000002415f00000)]


Current CompileTask:
C2:  53136 21434 %     4       com.android.tools.r8.ir.regalloc.b::c @ 2106 (4031 bytes)

Stack: [0x0000002415e00000,0x0000002415f00000]
Native frames: (J=compiled Java code, j=interpreted, Vv=VM code, C=native code)
V  [jvm.dll+0x64135a]
V  [jvm.dll+0x7d39f9]
V  [jvm.dll+0x7d51b9]
V  [jvm.dll+0x7d58a3]
V  [jvm.dll+0x2691c5]
V  [jvm.dll+0xc1a5c]
V  [jvm.dll+0xc200c]
V  [jvm.dll+0x2da2c2]
V  [jvm.dll+0x54cad9]
V  [jvm.dll+0x22a011]
V  [jvm.dll+0x223809]
V  [jvm.dll+0x220384]
V  [jvm.dll+0x19e851]
V  [jvm.dll+0x230479]
V  [jvm.dll+0x22e5ef]
V  [jvm.dll+0x794de1]
V  [jvm.dll+0x78dc24]
V  [jvm.dll+0x6400f6]
C  [ucrtbase.dll+0x21bb2]
C  [KERNEL32.DLL+0x17614]
C  [ntdll.dll+0x526f1]


---------------  P R O C E S S  ---------------

Threads class SMR info:
_java_thread_list=0x000001abbe30e290, length=92, elements={
0x000001aba0b12000, 0x000001abbaf71800, 0x000001abba74e800, 0x000001abba768000,
0x000001abba769000, 0x000001abba76b800, 0x000001abbaf77000, 0x000001abbaf7c000,
0x000001abbaf7f000, 0x000001abbb126800, 0x000001abbd3f0800, 0x000001abbb1c4800,
0x000001abbbfe4800, 0x000001abbc0fe000, 0x000001abbdf8f800, 0x000001abbd358800,
0x000001abbdeef000, 0x000001abbd0da000, 0x000001abbdf02800, 0x000001abbd496800,
0x000001abbd484800, 0x000001abbd480800, 0x000001abbd481000, 0x000001abbd482000,
0x000001abbd483000, 0x000001abbd483800, 0x000001abbd47f800, 0x000001abbd47e800,
0x000001abbd485000, 0x000001abc06cd800, 0x000001abc06cb000, 0x000001abc06ce000,
0x000001abc06cc800, 0x000001abc06ca000, 0x000001abc06d0800, 0x000001abc06d1800,
0x000001abc06d3000, 0x000001abc06d4000, 0x000001abc06d5800, 0x000001abc06d6800,
0x000001abc06d4800, 0x000001abc06d2800, 0x000001abc06d7000, 0x000001abc0381000,
0x000001abc0383800, 0x000001abc0385800, 0x000001abc0382000, 0x000001abc0387000,
0x000001abc0388000, 0x000001abc0386000, 0x000001abc0388800, 0x000001abc0384800,
0x000001abc0383000, 0x000001abc038c000, 0x000001abc038c800, 0x000001abc038e800,
0x000001abc038b000, 0x000001abc038f000, 0x000001abc038d800, 0x000001abc0389800,
0x000001abc0390000, 0x000001abc038a000, 0x000001abc23b4000, 0x000001abc23b3000,
0x000001abc23b4800, 0x000001abc23b5800, 0x000001abc23b6800, 0x000001abc23b7000,
0x000001abc23b8000, 0x000001abc23b2800, 0x000001abc23bd000, 0x000001abc23bd800,
0x000001abc23bb800, 0x000001abc23b9000, 0x000001abc23ba800, 0x000001abc23b9800,
0x000001abc23be800, 0x000001abc23bf800, 0x000001abc23c1000, 0x000001abc23c0000,
0x000001abc2be5000, 0x000001abc2bea000, 0x000001abc2be9000, 0x000001abc2be4000,
0x000001abc2be6800, 0x000001abc2be7800, 0x000001abc2bea800, 0x000001abbcb7d000,
0x000001abbcb7f800, 0x000001abbcb7e800, 0x000001abbcb80000, 0x000001abbd95c800
}

Java Threads: ( => current thread )
  0x000001aba0b12000 JavaThread "main" [_thread_blocked, id=14308, stack(0x0000002415200000,0x0000002415300000)]
  0x000001abbaf71800 JavaThread "Reference Handler" daemon [_thread_blocked, id=4980, stack(0x0000002415900000,0x0000002415a00000)]
  0x000001abba74e800 JavaThread "Finalizer" daemon [_thread_blocked, id=12184, stack(0x0000002415a00000,0x0000002415b00000)]
  0x000001abba768000 JavaThread "Signal Dispatcher" daemon [_thread_blocked, id=6840, stack(0x0000002415b00000,0x0000002415c00000)]
  0x000001abba769000 JavaThread "Attach Listener" daemon [_thread_blocked, id=1460, stack(0x0000002415c00000,0x0000002415d00000)]
  0x000001abba76b800 JavaThread "Service Thread" daemon [_thread_blocked, id=3256, stack(0x0000002415d00000,0x0000002415e00000)]
=>0x000001abbaf77000 JavaThread "C2 CompilerThread0" daemon [_thread_in_native, id=15072, stack(0x0000002415e00000,0x0000002415f00000)]
  0x000001abbaf7c000 JavaThread "C1 CompilerThread0" daemon [_thread_blocked, id=880, stack(0x0000002415f00000,0x0000002416000000)]
  0x000001abbaf7f000 JavaThread "Sweeper thread" daemon [_thread_blocked, id=13764, stack(0x0000002416000000,0x0000002416100000)]
  0x000001abbb126800 JavaThread "Common-Cleaner" daemon [_thread_blocked, id=7104, stack(0x0000002416100000,0x0000002416200000)]
  0x000001abbd3f0800 JavaThread "Daemon health stats" [_thread_blocked, id=10200, stack(0x0000002416600000,0x0000002416700000)]
  0x000001abbb1c4800 JavaThread "Incoming local TCP Connector on port 56455" [_thread_in_native, id=4428, stack(0x0000002416300000,0x0000002416400000)]
  0x000001abbbfe4800 JavaThread "Daemon periodic checks" [_thread_blocked, id=10380, stack(0x0000002416700000,0x0000002416800000)]
  0x000001abbc0fe000 JavaThread "Daemon" [_thread_blocked, id=264, stack(0x0000002416800000,0x0000002416900000)]
  0x000001abbdf8f800 JavaThread "Handler for socket connection from /127.0.0.1:56455 to /127.0.0.1:56456" [_thread_in_native, id=4452, stack(0x0000002416900000,0x0000002416a00000)]
  0x000001abbd358800 JavaThread "Cancel handler" [_thread_blocked, id=14692, stack(0x0000002416a00000,0x0000002416b00000)]
  0x000001abbdeef000 JavaThread "Daemon worker" [_thread_blocked, id=1536, stack(0x0000002416b00000,0x0000002416c00000)]
  0x000001abbd0da000 JavaThread "Asynchronous log dispatcher for DefaultDaemonConnection: socket connection from /127.0.0.1:56455 to /127.0.0.1:56456" [_thread_blocked, id=3092, stack(0x0000002416c00000,0x0000002416d00000)]
  0x000001abbdf02800 JavaThread "Stdin handler" [_thread_blocked, id=8604, stack(0x0000002416d00000,0x0000002416e00000)]
  0x000001abbd496800 JavaThread "Daemon client event forwarder" [_thread_blocked, id=1700, stack(0x0000002416e00000,0x0000002416f00000)]
  0x000001abbd484800 JavaThread "Cache worker for journal cache (C:\Users\HIDAYAT\.gradle\caches\journal-1)" [_thread_blocked, id=11388, stack(0x0000002416f00000,0x0000002417000000)]
  0x000001abbd480800 JavaThread "File lock request listener" [_thread_in_native, id=13920, stack(0x0000002417100000,0x0000002417200000)]
  0x000001abbd481000 JavaThread "Cache worker for file hash cache (C:\Users\HIDAYAT\.gradle\caches\7.5\fileHashes)" [_thread_blocked, id=14724, stack(0x0000002417200000,0x0000002417300000)]
  0x000001abbd482000 JavaThread "File watcher server" daemon [_thread_in_native, id=7640, stack(0x0000002417300000,0x0000002417400000)]
  0x000001abbd483000 JavaThread "File watcher consumer" daemon [_thread_blocked, id=8832, stack(0x0000002417400000,0x0000002417500000)]
  0x000001abbd483800 JavaThread "Cache worker for checksums cache (D:\Perkuliahan\Semester6\AKB\NearbyResto\.gradle\7.5\checksums)" [_thread_blocked, id=10888, stack(0x0000002417600000,0x0000002417700000)]
  0x000001abbd47f800 JavaThread "Cache worker for cache directory md-rule (C:\Users\HIDAYAT\.gradle\caches\7.5\md-rule)" [_thread_blocked, id=13556, stack(0x0000002417700000,0x0000002417800000)]
  0x000001abbd47e800 JavaThread "Cache worker for file content cache (C:\Users\HIDAYAT\.gradle\caches\7.5\fileContent)" [_thread_blocked, id=10212, stack(0x0000002417800000,0x0000002417900000)]
  0x000001abbd485000 JavaThread "Cache worker for file hash cache (D:\Perkuliahan\Semester6\AKB\NearbyResto\.gradle\7.5\fileHashes)" [_thread_blocked, id=8120, stack(0x0000002417900000,0x0000002417a00000)]
  0x000001abc06cd800 JavaThread "Cache worker for cache directory md-supplier (C:\Users\HIDAYAT\.gradle\caches\7.5\md-supplier)" [_thread_blocked, id=14500, stack(0x0000002417a00000,0x0000002417b00000)]
  0x000001abc06cb000 JavaThread "Cache worker for execution history cache (C:\Users\HIDAYAT\.gradle\caches\7.5\executionHistory)" [_thread_blocked, id=12704, stack(0x0000002417b00000,0x0000002417c00000)]
  0x000001abc06ce000 JavaThread "jar transforms" [_thread_blocked, id=2088, stack(0x0000002417c00000,0x0000002417d00000)]
  0x000001abc06cc800 JavaThread "jar transforms Thread 2" [_thread_blocked, id=4696, stack(0x0000002417d00000,0x0000002417e00000)]
  0x000001abc06ca000 JavaThread "jar transforms Thread 3" [_thread_blocked, id=4516, stack(0x0000002417e00000,0x0000002417f00000)]
  0x000001abc06d0800 JavaThread "jar transforms Thread 4" [_thread_blocked, id=13364, stack(0x0000002417f00000,0x0000002418000000)]
  0x000001abc06d1800 JavaThread "Cache worker for dependencies-accessors (D:\Perkuliahan\Semester6\AKB\NearbyResto\.gradle\7.5\dependencies-accessors)" [_thread_blocked, id=14780, stack(0x0000002418000000,0x0000002418100000)]
  0x000001abc06d3000 JavaThread "Cache worker for Build Output Cleanup Cache (D:\Perkuliahan\Semester6\AKB\NearbyResto\.gradle\buildOutputCleanup)" [_thread_blocked, id=13972, stack(0x0000002418100000,0x0000002418200000)]
  0x000001abc06d4000 JavaThread "Unconstrained build operations" [_thread_blocked, id=13600, stack(0x0000002418200000,0x0000002418300000)]
  0x000001abc06d5800 JavaThread "Unconstrained build operations Thread 2" [_thread_blocked, id=11192, stack(0x0000002418300000,0x0000002418400000)]
  0x000001abc06d6800 JavaThread "Unconstrained build operations Thread 3" [_thread_blocked, id=15156, stack(0x0000002418400000,0x0000002418500000)]
  0x000001abc06d4800 JavaThread "Unconstrained build operations Thread 4" [_thread_blocked, id=9848, stack(0x0000002418500000,0x0000002418600000)]
  0x000001abc06d2800 JavaThread "Unconstrained build operations Thread 5" [_thread_blocked, id=6740, stack(0x0000002418600000,0x0000002418700000)]
  0x000001abc06d7000 JavaThread "Unconstrained build operations Thread 6" [_thread_blocked, id=8348, stack(0x0000002418700000,0x0000002418800000)]
  0x000001abc0381000 JavaThread "Unconstrained build operations Thread 7" [_thread_blocked, id=4256, stack(0x0000002418800000,0x0000002418900000)]
  0x000001abc0383800 JavaThread "Unconstrained build operations Thread 8" [_thread_blocked, id=14980, stack(0x0000002418900000,0x0000002418a00000)]
  0x000001abc0385800 JavaThread "Unconstrained build operations Thread 9" [_thread_blocked, id=364, stack(0x0000002418a00000,0x0000002418b00000)]
  0x000001abc0382000 JavaThread "Unconstrained build operations Thread 10" [_thread_blocked, id=8212, stack(0x0000002418b00000,0x0000002418c00000)]
  0x000001abc0387000 JavaThread "Unconstrained build operations Thread 11" [_thread_blocked, id=4664, stack(0x0000002418c00000,0x0000002418d00000)]
  0x000001abc0388000 JavaThread "Unconstrained build operations Thread 12" [_thread_blocked, id=5836, stack(0x0000002418d00000,0x0000002418e00000)]
  0x000001abc0386000 JavaThread "Unconstrained build operations Thread 13" [_thread_blocked, id=8684, stack(0x0000002418e00000,0x0000002418f00000)]
  0x000001abc0388800 JavaThread "Unconstrained build operations Thread 14" [_thread_blocked, id=8516, stack(0x0000002418f00000,0x0000002419000000)]
  0x000001abc0384800 JavaThread "Unconstrained build operations Thread 15" [_thread_blocked, id=4000, stack(0x0000002419000000,0x0000002419100000)]
  0x000001abc0383000 JavaThread "Unconstrained build operations Thread 16" [_thread_blocked, id=1448, stack(0x0000002419100000,0x0000002419200000)]
  0x000001abc038c000 JavaThread "Unconstrained build operations Thread 17" [_thread_blocked, id=224, stack(0x0000002419200000,0x0000002419300000)]
  0x000001abc038c800 JavaThread "Unconstrained build operations Thread 18" [_thread_blocked, id=4588, stack(0x0000002419300000,0x0000002419400000)]
  0x000001abc038e800 JavaThread "Unconstrained build operations Thread 19" [_thread_blocked, id=5264, stack(0x0000002419400000,0x0000002419500000)]
  0x000001abc038b000 JavaThread "Unconstrained build operations Thread 20" [_thread_blocked, id=1876, stack(0x0000002419500000,0x0000002419600000)]
  0x000001abc038f000 JavaThread "Unconstrained build operations Thread 21" [_thread_blocked, id=10892, stack(0x0000002419600000,0x0000002419700000)]
  0x000001abc038d800 JavaThread "Unconstrained build operations Thread 22" [_thread_blocked, id=3288, stack(0x0000002419700000,0x0000002419800000)]
  0x000001abc0389800 JavaThread "Unconstrained build operations Thread 23" [_thread_blocked, id=9948, stack(0x0000002419800000,0x0000002419900000)]
  0x000001abc0390000 JavaThread "Unconstrained build operations Thread 24" [_thread_blocked, id=6056, stack(0x0000002419900000,0x0000002419a00000)]
  0x000001abc038a000 JavaThread "Unconstrained build operations Thread 25" [_thread_blocked, id=8956, stack(0x0000002419a00000,0x0000002419b00000)]
  0x000001abc23b4000 JavaThread "Unconstrained build operations Thread 26" [_thread_blocked, id=13264, stack(0x0000002419b00000,0x0000002419c00000)]
  0x000001abc23b3000 JavaThread "Unconstrained build operations Thread 27" [_thread_blocked, id=7428, stack(0x0000002419c00000,0x0000002419d00000)]
  0x000001abc23b4800 JavaThread "Unconstrained build operations Thread 28" [_thread_blocked, id=1340, stack(0x0000002419d00000,0x0000002419e00000)]
  0x000001abc23b5800 JavaThread "Unconstrained build operations Thread 29" [_thread_blocked, id=11292, stack(0x0000002419e00000,0x0000002419f00000)]
  0x000001abc23b6800 JavaThread "Unconstrained build operations Thread 30" [_thread_blocked, id=6212, stack(0x0000002419f00000,0x000000241a000000)]
  0x000001abc23b7000 JavaThread "Unconstrained build operations Thread 31" [_thread_blocked, id=2796, stack(0x000000241a000000,0x000000241a100000)]
  0x000001abc23b8000 JavaThread "Unconstrained build operations Thread 32" [_thread_blocked, id=11008, stack(0x000000241a100000,0x000000241a200000)]
  0x000001abc23b2800 JavaThread "Unconstrained build operations Thread 33" [_thread_blocked, id=992, stack(0x000000241a200000,0x000000241a300000)]
  0x000001abc23bd000 JavaThread "Unconstrained build operations Thread 34" [_thread_blocked, id=14088, stack(0x000000241a300000,0x000000241a400000)]
  0x000001abc23bd800 JavaThread "Unconstrained build operations Thread 35" [_thread_blocked, id=11404, stack(0x000000241a400000,0x000000241a500000)]
  0x000001abc23bb800 JavaThread "Unconstrained build operations Thread 36" [_thread_blocked, id=3628, stack(0x000000241a500000,0x000000241a600000)]
  0x000001abc23b9000 JavaThread "Unconstrained build operations Thread 37" [_thread_blocked, id=12280, stack(0x000000241a600000,0x000000241a700000)]
  0x000001abc23ba800 JavaThread "Unconstrained build operations Thread 38" [_thread_blocked, id=11496, stack(0x000000241a700000,0x000000241a800000)]
  0x000001abc23b9800 JavaThread "Unconstrained build operations Thread 39" [_thread_blocked, id=6096, stack(0x000000241a800000,0x000000241a900000)]
  0x000001abc23be800 JavaThread "Unconstrained build operations Thread 40" [_thread_blocked, id=9092, stack(0x000000241a900000,0x000000241aa00000)]
  0x000001abc23bf800 JavaThread "build event listener" [_thread_blocked, id=4136, stack(0x000000241aa00000,0x000000241ab00000)]
  0x000001abc23c1000 JavaThread "Memory manager" [_thread_blocked, id=3412, stack(0x000000241ab00000,0x000000241ac00000)]
  0x000001abc23c0000 JavaThread "included builds" [_thread_blocked, id=3052, stack(0x000000241ac00000,0x000000241ad00000)]
  0x000001abc2be5000 JavaThread "Execution worker" [_thread_blocked, id=7360, stack(0x000000241ad00000,0x000000241ae00000)]
  0x000001abc2bea000 JavaThread "Execution worker Thread 2" [_thread_in_Java, id=4468, stack(0x000000241ae00000,0x000000241af00000)]
  0x000001abc2be9000 JavaThread "Execution worker Thread 3" [_thread_blocked, id=14884, stack(0x000000241af00000,0x000000241b000000)]
  0x000001abc2be4000 JavaThread "Cache worker for execution history cache (D:\Perkuliahan\Semester6\AKB\NearbyResto\.gradle\7.5\executionHistory)" [_thread_blocked, id=2692, stack(0x000000241b000000,0x000000241b100000)]
  0x000001abc2be6800 JavaThread "WorkerExecutor Queue Thread 2" [_thread_blocked, id=14708, stack(0x000000241b400000,0x000000241b500000)]
  0x000001abc2be7800 JavaThread "WorkerExecutor Queue Thread 3" [_thread_blocked, id=3736, stack(0x000000241b500000,0x000000241b600000)]
  0x000001abc2bea800 JavaThread "WorkerExecutor Queue Thread 4" [_thread_blocked, id=12924, stack(0x000000241b600000,0x000000241b700000)]
  0x000001abbcb7d000 JavaThread "WorkerExecutor Queue Thread 5" [_thread_blocked, id=7548, stack(0x000000241ba00000,0x000000241bb00000)]
  0x000001abbcb7f800 JavaThread "pool-3-thread-1" [_thread_blocked, id=13060, stack(0x000000241bb00000,0x000000241bc00000)]
  0x000001abbcb7e800 JavaThread "stderr" [_thread_in_native, id=10100, stack(0x000000241bc00000,0x000000241bd00000)]
  0x000001abbcb80000 JavaThread "stdout" [_thread_in_native, id=3276, stack(0x000000241bd00000,0x000000241be00000)]
  0x000001abbd95c800 JavaThread "C2 CompilerThread1" daemon [_thread_in_native, id=6600, stack(0x0000002417500000,0x0000002417600000)]

Other Threads:
  0x000001abba74d800 VMThread "VM Thread" [stack: 0x0000002415800000,0x0000002415900000] [id=1324]
  0x000001abbb128000 WatcherThread [stack: 0x0000002416200000,0x0000002416300000] [id=12596]
  0x000001aba0b2b800 GCTaskThread "GC Thread#0" [stack: 0x0000002415300000,0x0000002415400000] [id=3088]
  0x000001abbb7d5800 GCTaskThread "GC Thread#1" [stack: 0x0000002416400000,0x0000002416500000] [id=13384]
  0x000001abbb925800 GCTaskThread "GC Thread#2" [stack: 0x0000002416500000,0x0000002416600000] [id=9828]
  0x000001abbd497800 GCTaskThread "GC Thread#3" [stack: 0x0000002417000000,0x0000002417100000] [id=3712]
  0x000001aba0b5e800 ConcurrentGCThread "G1 Main Marker" [stack: 0x0000002415400000,0x0000002415500000] [id=4536]
  0x000001aba0b60000 ConcurrentGCThread "G1 Conc#0" [stack: 0x0000002415500000,0x0000002415600000] [id=12188]
  0x000001abba580800 ConcurrentGCThread "G1 Refine#0" [stack: 0x0000002415600000,0x0000002415700000] [id=2748]
  0x000001abc1ebd800 ConcurrentGCThread "G1 Refine#1" [stack: 0x000000241b100000,0x000000241b200000] [id=4176]
  0x000001abc470c800 ConcurrentGCThread "G1 Refine#2" [stack: 0x000000241b200000,0x000000241b300000] [id=4260]
  0x000001abba581000 ConcurrentGCThread "G1 Young RemSet Sampling" [stack: 0x0000002415700000,0x0000002415800000] [id=10956]

Threads with active compile tasks:
C2 CompilerThread0    53443 21434 %     4       com.android.tools.r8.ir.regalloc.b::c @ 2106 (4031 bytes)
C2 CompilerThread1    53443 21552 %     4       com.android.tools.r8.ir.regalloc.b::a @ 1545 (1831 bytes)

VM state:not at safepoint (normal execution)

VM Mutex/Monitor currently owned by a thread: None

Heap address: 0x0000000080000000, size: 2048 MB, Compressed Oops mode: 32-bit
Narrow klass base: 0x0000000000000000, Narrow klass shift: 3
Compressed class space size: 1073741824 Address: 0x0000000100000000

Heap:
 garbage-first heap   total 227328K, used 159296K [0x0000000080000000, 0x0000000100000000)
  region size 1024K, 38 young (38912K), 3 survivors (3072K)
 Metaspace       used 127212K, capacity 130731K, committed 130972K, reserved 1163264K
  class space    used 15928K, capacity 17312K, committed 17432K, reserved 1048576K
Heap Regions: E=young(eden), S=young(survivor), O=old, HS=humongous(starts), HC=humongous(continues), CS=collection set, F=free, A=archive, TAMS=top-at-mark-start (previous, next)
|   0|0x0000000080000000, 0x0000000080100000, 0x0000000080100000|100%|HS|  |TAMS 0x0000000080100000, 0x0000000080000000| Complete 
|   1|0x0000000080100000, 0x0000000080200000, 0x0000000080200000|100%|HC|  |TAMS 0x0000000080200000, 0x0000000080100000| Complete 
|   2|0x0000000080200000, 0x0000000080300000, 0x0000000080300000|100%|HC|  |TAMS 0x0000000080300000, 0x0000000080200000| Complete 
|   3|0x0000000080300000, 0x0000000080400000, 0x0000000080400000|100%| O|  |TAMS 0x0000000080400000, 0x0000000080300000| Untracked 
|   4|0x0000000080400000, 0x0000000080500000, 0x0000000080500000|100%| O|  |TAMS 0x0000000080500000, 0x0000000080400000| Untracked 
|   5|0x0000000080500000, 0x0000000080600000, 0x0000000080600000|100%| O|  |TAMS 0x0000000080600000, 0x0000000080500000| Untracked 
|   6|0x0000000080600000, 0x0000000080700000, 0x0000000080700000|100%| O|  |TAMS 0x0000000080700000, 0x0000000080600000| Untracked 
|   7|0x0000000080700000, 0x0000000080800000, 0x0000000080800000|100%| O|  |TAMS 0x0000000080800000, 0x0000000080700000| Untracked 
|   8|0x0000000080800000, 0x0000000080900000, 0x0000000080900000|100%| O|  |TAMS 0x0000000080900000, 0x0000000080800000| Untracked 
|   9|0x0000000080900000, 0x0000000080a00000, 0x0000000080a00000|100%| O|  |TAMS 0x0000000080a00000, 0x0000000080900000| Untracked 
|  10|0x0000000080a00000, 0x0000000080b00000, 0x0000000080b00000|100%| O|  |TAMS 0x0000000080b00000, 0x0000000080a00000| Untracked 
|  11|0x0000000080b00000, 0x0000000080c00000, 0x0000000080c00000|100%| O|  |TAMS 0x0000000080c00000, 0x0000000080b00000| Untracked 
|  12|0x0000000080c00000, 0x0000000080d00000, 0x0000000080d00000|100%| O|  |TAMS 0x0000000080d00000, 0x0000000080c00000| Untracked 
|  13|0x0000000080d00000, 0x0000000080e00000, 0x0000000080e00000|100%| O|  |TAMS 0x0000000080e00000, 0x0000000080d00000| Untracked 
|  14|0x0000000080e00000, 0x0000000080f00000, 0x0000000080f00000|100%| O|  |TAMS 0x0000000080f00000, 0x0000000080e00000| Untracked 
|  15|0x0000000080f00000, 0x0000000081000000, 0x0000000081000000|100%| O|  |TAMS 0x0000000081000000, 0x0000000080f00000| Untracked 
|  16|0x0000000081000000, 0x0000000081100000, 0x0000000081100000|100%|HS|  |TAMS 0x0000000081100000, 0x0000000081000000| Complete 
|  17|0x0000000081100000, 0x0000000081200000, 0x0000000081200000|100%| O|  |TAMS 0x0000000081200000, 0x0000000081100000| Untracked 
|  18|0x0000000081200000, 0x0000000081300000, 0x0000000081300000|100%| O|  |TAMS 0x0000000081300000, 0x0000000081200000| Untracked 
|  19|0x0000000081300000, 0x0000000081400000, 0x0000000081400000|100%| O|  |TAMS 0x0000000081400000, 0x0000000081300000| Untracked 
|  20|0x0000000081400000, 0x0000000081500000, 0x0000000081500000|100%| O|  |TAMS 0x0000000081500000, 0x0000000081400000| Untracked 
|  21|0x0000000081500000, 0x0000000081600000, 0x0000000081600000|100%| O|  |TAMS 0x0000000081600000, 0x0000000081500000| Untracked 
|  22|0x0000000081600000, 0x0000000081700000, 0x0000000081700000|100%| O|  |TAMS 0x0000000081700000, 0x0000000081600000| Untracked 
|  23|0x0000000081700000, 0x0000000081800000, 0x0000000081800000|100%| O|  |TAMS 0x0000000081800000, 0x0000000081700000| Untracked 
|  24|0x0000000081800000, 0x0000000081900000, 0x0000000081900000|100%| O|  |TAMS 0x0000000081900000, 0x0000000081800000| Untracked 
|  25|0x0000000081900000, 0x0000000081a00000, 0x0000000081a00000|100%| O|  |TAMS 0x0000000081a00000, 0x0000000081900000| Untracked 
|  26|0x0000000081a00000, 0x0000000081b00000, 0x0000000081b00000|100%| O|  |TAMS 0x0000000081b00000, 0x0000000081a00000| Untracked 
|  27|0x0000000081b00000, 0x0000000081c00000, 0x0000000081c00000|100%| O|  |TAMS 0x0000000081c00000, 0x0000000081b00000| Untracked 
|  28|0x0000000081c00000, 0x0000000081d00000, 0x0000000081d00000|100%| O|  |TAMS 0x0000000081d00000, 0x0000000081c00000| Untracked 
|  29|0x0000000081d00000, 0x0000000081e00000, 0x0000000081e00000|100%| O|  |TAMS 0x0000000081e00000, 0x0000000081d00000| Untracked 
|  30|0x0000000081e00000, 0x0000000081f00000, 0x0000000081f00000|100%|HS|  |TAMS 0x0000000081f00000, 0x0000000081e00000| Complete 
|  31|0x0000000081f00000, 0x0000000082000000, 0x0000000082000000|100%| O|  |TAMS 0x0000000082000000, 0x0000000081f00000| Untracked 
|  32|0x0000000082000000, 0x0000000082100000, 0x0000000082100000|100%| O|  |TAMS 0x0000000082100000, 0x0000000082000000| Untracked 
|  33|0x0000000082100000, 0x0000000082200000, 0x0000000082200000|100%| O|  |TAMS 0x0000000082200000, 0x0000000082100000| Untracked 
|  34|0x0000000082200000, 0x0000000082300000, 0x0000000082300000|100%| O|  |TAMS 0x0000000082300000, 0x0000000082200000| Untracked 
|  35|0x0000000082300000, 0x0000000082400000, 0x0000000082400000|100%| O|  |TAMS 0x0000000082400000, 0x0000000082300000| Untracked 
|  36|0x0000000082400000, 0x0000000082500000, 0x0000000082500000|100%| O|  |TAMS 0x0000000082500000, 0x0000000082400000| Untracked 
|  37|0x0000000082500000, 0x0000000082600000, 0x0000000082600000|100%| O|  |TAMS 0x0000000082600000, 0x0000000082500000| Untracked 
|  38|0x0000000082600000, 0x0000000082700000, 0x0000000082700000|100%| O|  |TAMS 0x0000000082700000, 0x0000000082600000| Untracked 
|  39|0x0000000082700000, 0x0000000082800000, 0x0000000082800000|100%| O|  |TAMS 0x0000000082800000, 0x0000000082700000| Untracked 
|  40|0x0000000082800000, 0x0000000082900000, 0x0000000082900000|100%| O|  |TAMS 0x0000000082900000, 0x0000000082800000| Untracked 
|  41|0x0000000082900000, 0x0000000082a00000, 0x0000000082a00000|100%| O|  |TAMS 0x0000000082a00000, 0x0000000082900000| Untracked 
|  42|0x0000000082a00000, 0x0000000082b00000, 0x0000000082b00000|100%| O|  |TAMS 0x0000000082b00000, 0x0000000082a00000| Untracked 
|  43|0x0000000082b00000, 0x0000000082c00000, 0x0000000082c00000|100%| O|  |TAMS 0x0000000082c00000, 0x0000000082b00000| Untracked 
|  44|0x0000000082c00000, 0x0000000082d00000, 0x0000000082d00000|100%| O|  |TAMS 0x0000000082d00000, 0x0000000082c00000| Untracked 
|  45|0x0000000082d00000, 0x0000000082e00000, 0x0000000082e00000|100%| O|  |TAMS 0x0000000082e00000, 0x0000000082d00000| Untracked 
|  46|0x0000000082e00000, 0x0000000082f00000, 0x0000000082f00000|100%| O|  |TAMS 0x0000000082f00000, 0x0000000082e00000| Untracked 
|  47|0x0000000082f00000, 0x0000000083000000, 0x0000000083000000|100%| O|  |TAMS 0x0000000083000000, 0x0000000082f00000| Untracked 
|  48|0x0000000083000000, 0x0000000083100000, 0x0000000083100000|100%| O|  |TAMS 0x0000000083100000, 0x0000000083000000| Untracked 
|  49|0x0000000083100000, 0x0000000083200000, 0x0000000083200000|100%| O|  |TAMS 0x0000000083200000, 0x0000000083100000| Untracked 
|  50|0x0000000083200000, 0x0000000083300000, 0x0000000083300000|100%| O|  |TAMS 0x0000000083300000, 0x0000000083200000| Untracked 
|  51|0x0000000083300000, 0x0000000083400000, 0x0000000083400000|100%| O|  |TAMS 0x0000000083400000, 0x0000000083300000| Untracked 
|  52|0x0000000083400000, 0x0000000083500000, 0x0000000083500000|100%| O|  |TAMS 0x0000000083500000, 0x0000000083400000| Untracked 
|  53|0x0000000083500000, 0x0000000083600000, 0x0000000083600000|100%| O|  |TAMS 0x0000000083600000, 0x0000000083500000| Untracked 
|  54|0x0000000083600000, 0x0000000083700000, 0x0000000083700000|100%| O|  |TAMS 0x0000000083700000, 0x0000000083600000| Untracked 
|  55|0x0000000083700000, 0x0000000083800000, 0x0000000083800000|100%| O|  |TAMS 0x0000000083800000, 0x0000000083700000| Untracked 
|  56|0x0000000083800000, 0x0000000083900000, 0x0000000083900000|100%| O|  |TAMS 0x0000000083900000, 0x0000000083800000| Untracked 
|  57|0x0000000083900000, 0x0000000083a00000, 0x0000000083a00000|100%| O|  |TAMS 0x0000000083a00000, 0x0000000083900000| Untracked 
|  58|0x0000000083a00000, 0x0000000083b00000, 0x0000000083b00000|100%| O|  |TAMS 0x0000000083b00000, 0x0000000083a00000| Untracked 
|  59|0x0000000083b00000, 0x0000000083c00000, 0x0000000083c00000|100%| O|  |TAMS 0x0000000083c00000, 0x0000000083b00000| Untracked 
|  60|0x0000000083c00000, 0x0000000083d00000, 0x0000000083d00000|100%| O|  |TAMS 0x0000000083d00000, 0x0000000083c00000| Untracked 
|  61|0x0000000083d00000, 0x0000000083e00000, 0x0000000083e00000|100%| O|  |TAMS 0x0000000083e00000, 0x0000000083d00000| Untracked 
|  62|0x0000000083e00000, 0x0000000083f00000, 0x0000000083f00000|100%| O|  |TAMS 0x0000000083f00000, 0x0000000083e00000| Untracked 
|  63|0x0000000083f00000, 0x0000000083f0c400, 0x0000000084000000|  4%| O|  |TAMS 0x0000000083f00000, 0x0000000083f00000| Untracked 
|  64|0x0000000084000000, 0x0000000084100000, 0x0000000084100000|100%| O|  |TAMS 0x0000000084100000, 0x0000000084000000| Untracked 
|  65|0x0000000084100000, 0x0000000084200000, 0x0000000084200000|100%| O|  |TAMS 0x0000000084200000, 0x0000000084100000| Untracked 
|  66|0x0000000084200000, 0x0000000084300000, 0x0000000084300000|100%| O|  |TAMS 0x0000000084300000, 0x0000000084200000| Untracked 
|  67|0x0000000084300000, 0x0000000084400000, 0x0000000084400000|100%| O|  |TAMS 0x0000000084400000, 0x0000000084300000| Untracked 
|  68|0x0000000084400000, 0x0000000084500000, 0x0000000084500000|100%| O|  |TAMS 0x0000000084500000, 0x0000000084400000| Untracked 
|  69|0x0000000084500000, 0x0000000084600000, 0x0000000084600000|100%| O|  |TAMS 0x0000000084600000, 0x0000000084500000| Untracked 
|  70|0x0000000084600000, 0x0000000084700000, 0x0000000084700000|100%| O|  |TAMS 0x0000000084700000, 0x0000000084600000| Untracked 
|  71|0x0000000084700000, 0x0000000084800000, 0x0000000084800000|100%| O|  |TAMS 0x0000000084800000, 0x0000000084700000| Untracked 
|  72|0x0000000084800000, 0x0000000084900000, 0x0000000084900000|100%| O|  |TAMS 0x0000000084900000, 0x0000000084800000| Untracked 
|  73|0x0000000084900000, 0x0000000084a00000, 0x0000000084a00000|100%| O|  |TAMS 0x0000000084a00000, 0x0000000084900000| Untracked 
|  74|0x0000000084a00000, 0x0000000084b00000, 0x0000000084b00000|100%| O|  |TAMS 0x0000000084b00000, 0x0000000084a00000| Untracked 
|  75|0x0000000084b00000, 0x0000000084c00000, 0x0000000084c00000|100%| O|  |TAMS 0x0000000084c00000, 0x0000000084b00000| Untracked 
|  76|0x0000000084c00000, 0x0000000084d00000, 0x0000000084d00000|100%| O|  |TAMS 0x0000000084d00000, 0x0000000084c00000| Untracked 
|  77|0x0000000084d00000, 0x0000000084e00000, 0x0000000084e00000|100%| O|  |TAMS 0x0000000084e00000, 0x0000000084d00000| Untracked 
|  78|0x0000000084e00000, 0x0000000084f00000, 0x0000000084f00000|100%| O|  |TAMS 0x0000000084f00000, 0x0000000084e00000| Untracked 
|  79|0x0000000084f00000, 0x0000000085000000, 0x0000000085000000|100%| O|  |TAMS 0x0000000085000000, 0x0000000084f00000| Untracked 
|  80|0x0000000085000000, 0x0000000085100000, 0x0000000085100000|100%| O|  |TAMS 0x0000000085100000, 0x0000000085000000| Untracked 
|  81|0x0000000085100000, 0x0000000085200000, 0x0000000085200000|100%| O|  |TAMS 0x0000000085200000, 0x0000000085100000| Untracked 
|  82|0x0000000085200000, 0x0000000085300000, 0x0000000085300000|100%| O|  |TAMS 0x0000000085300000, 0x0000000085200000| Untracked 
|  83|0x0000000085300000, 0x0000000085400000, 0x0000000085400000|100%| O|  |TAMS 0x0000000085400000, 0x0000000085300000| Untracked 
|  84|0x0000000085400000, 0x0000000085500000, 0x0000000085500000|100%| O|  |TAMS 0x0000000085500000, 0x0000000085400000| Untracked 
|  85|0x0000000085500000, 0x0000000085600000, 0x0000000085600000|100%| O|  |TAMS 0x0000000085600000, 0x0000000085500000| Untracked 
|  86|0x0000000085600000, 0x0000000085700000, 0x0000000085700000|100%| O|  |TAMS 0x0000000085700000, 0x0000000085600000| Untracked 
|  87|0x0000000085700000, 0x0000000085800000, 0x0000000085800000|100%| O|  |TAMS 0x0000000085800000, 0x0000000085700000| Untracked 
|  88|0x0000000085800000, 0x0000000085900000, 0x0000000085900000|100%| O|  |TAMS 0x0000000085900000, 0x0000000085800000| Untracked 
|  89|0x0000000085900000, 0x0000000085a00000, 0x0000000085a00000|100%| O|  |TAMS 0x0000000085a00000, 0x0000000085900000| Untracked 
|  90|0x0000000085a00000, 0x0000000085b00000, 0x0000000085b00000|100%| O|  |TAMS 0x0000000085b00000, 0x0000000085a00000| Untracked 
|  91|0x0000000085b00000, 0x0000000085c00000, 0x0000000085c00000|100%| O|  |TAMS 0x0000000085c00000, 0x0000000085b00000| Untracked 
|  92|0x0000000085c00000, 0x0000000085d00000, 0x0000000085d00000|100%| O|  |TAMS 0x0000000085d00000, 0x0000000085c00000| Untracked 
|  93|0x0000000085d00000, 0x0000000085e00000, 0x0000000085e00000|100%| O|  |TAMS 0x0000000085e00000, 0x0000000085d00000| Untracked 
|  94|0x0000000085e00000, 0x0000000085f00000, 0x0000000085f00000|100%| O|  |TAMS 0x0000000085f00000, 0x0000000085e00000| Untracked 
|  95|0x0000000085f00000, 0x0000000086000000, 0x0000000086000000|100%| O|  |TAMS 0x0000000086000000, 0x0000000085f00000| Untracked 
|  96|0x0000000086000000, 0x0000000086100000, 0x0000000086100000|100%| O|  |TAMS 0x0000000086100000, 0x0000000086000000| Untracked 
|  97|0x0000000086100000, 0x0000000086200000, 0x0000000086200000|100%| O|  |TAMS 0x0000000086200000, 0x0000000086100000| Untracked 
|  98|0x0000000086200000, 0x0000000086300000, 0x0000000086300000|100%| O|  |TAMS 0x0000000086300000, 0x0000000086200000| Untracked 
|  99|0x0000000086300000, 0x0000000086400000, 0x0000000086400000|100%| O|  |TAMS 0x0000000086400000, 0x0000000086300000| Untracked 
| 100|0x0000000086400000, 0x0000000086500000, 0x0000000086500000|100%| O|  |TAMS 0x0000000086500000, 0x0000000086400000| Untracked 
| 101|0x0000000086500000, 0x0000000086600000, 0x0000000086600000|100%| O|  |TAMS 0x0000000086600000, 0x0000000086500000| Untracked 
| 102|0x0000000086600000, 0x0000000086700000, 0x0000000086700000|100%| O|  |TAMS 0x0000000086700000, 0x0000000086600000| Untracked 
| 103|0x0000000086700000, 0x0000000086800000, 0x0000000086800000|100%| O|  |TAMS 0x0000000086800000, 0x0000000086700000| Untracked 
| 104|0x0000000086800000, 0x0000000086900000, 0x0000000086900000|100%| O|  |TAMS 0x0000000086900000, 0x0000000086800000| Untracked 
| 105|0x0000000086900000, 0x0000000086a00000, 0x0000000086a00000|100%| O|  |TAMS 0x0000000086a00000, 0x0000000086900000| Untracked 
| 106|0x0000000086a00000, 0x0000000086b00000, 0x0000000086b00000|100%| O|  |TAMS 0x0000000086b00000, 0x0000000086a00000| Untracked 
| 107|0x0000000086b00000, 0x0000000086c00000, 0x0000000086c00000|100%| O|  |TAMS 0x0000000086c00000, 0x0000000086b00000| Untracked 
| 108|0x0000000086c00000, 0x0000000086d00000, 0x0000000086d00000|100%| O|  |TAMS 0x0000000086d00000, 0x0000000086c00000| Untracked 
| 109|0x0000000086d00000, 0x0000000086e00000, 0x0000000086e00000|100%| O|  |TAMS 0x0000000086e00000, 0x0000000086d00000| Untracked 
| 110|0x0000000086e00000, 0x0000000086f00000, 0x0000000086f00000|100%| O|  |TAMS 0x0000000086f00000, 0x0000000086e00000| Untracked 
| 111|0x0000000086f00000, 0x0000000087000000, 0x0000000087000000|100%| O|  |TAMS 0x0000000087000000, 0x0000000086f00000| Untracked 
| 112|0x0000000087000000, 0x0000000087100000, 0x0000000087100000|100%| O|  |TAMS 0x00000000870be800, 0x0000000087000000| Untracked 
| 113|0x0000000087100000, 0x0000000087100000, 0x0000000087200000|  0%| F|  |TAMS 0x0000000087100000, 0x0000000087100000| Untracked 
| 114|0x0000000087200000, 0x0000000087300000, 0x0000000087300000|100%| O|  |TAMS 0x0000000087300000, 0x0000000087200000| Untracked 
| 115|0x0000000087300000, 0x0000000087300000, 0x0000000087400000|  0%| F|  |TAMS 0x0000000087300000, 0x0000000087300000| Untracked 
| 116|0x0000000087400000, 0x0000000087400000, 0x0000000087500000|  0%| F|  |TAMS 0x0000000087400000, 0x0000000087400000| Untracked 
| 117|0x0000000087500000, 0x0000000087500000, 0x0000000087600000|  0%| F|  |TAMS 0x0000000087500000, 0x0000000087500000| Untracked 
| 118|0x0000000087600000, 0x0000000087600000, 0x0000000087700000|  0%| F|  |TAMS 0x0000000087600000, 0x0000000087600000| Untracked 
| 119|0x0000000087700000, 0x0000000087700000, 0x0000000087800000|  0%| F|  |TAMS 0x0000000087700000, 0x0000000087700000| Untracked 
| 120|0x0000000087800000, 0x0000000087900000, 0x0000000087900000|100%| O|  |TAMS 0x0000000087900000, 0x0000000087800000| Untracked 
| 121|0x0000000087900000, 0x0000000087a00000, 0x0000000087a00000|100%| O|  |TAMS 0x0000000087a00000, 0x0000000087900000| Untracked 
| 122|0x0000000087a00000, 0x0000000087b00000, 0x0000000087b00000|100%| O|  |TAMS 0x0000000087b00000, 0x0000000087a00000| Untracked 
| 123|0x0000000087b00000, 0x0000000087c00000, 0x0000000087c00000|100%| O|  |TAMS 0x0000000087c00000, 0x0000000087b00000| Untracked 
| 124|0x0000000087c00000, 0x0000000087d00000, 0x0000000087d00000|100%| O|  |TAMS 0x0000000087d00000, 0x0000000087c00000| Untracked 
| 125|0x0000000087d00000, 0x0000000087e00000, 0x0000000087e00000|100%| O|  |TAMS 0x0000000087e00000, 0x0000000087d00000| Untracked 
| 126|0x0000000087e00000, 0x0000000087e00000, 0x0000000087f00000|  0%| F|  |TAMS 0x0000000087e00000, 0x0000000087e00000| Untracked 
| 127|0x0000000087f00000, 0x0000000087f00000, 0x0000000088000000|  0%| F|  |TAMS 0x0000000087f00000, 0x0000000087f00000| Untracked 
| 128|0x0000000088000000, 0x0000000088000000, 0x0000000088100000|  0%| F|  |TAMS 0x0000000088000000, 0x0000000088000000| Untracked 
| 129|0x0000000088100000, 0x0000000088100000, 0x0000000088200000|  0%| F|  |TAMS 0x0000000088100000, 0x0000000088100000| Untracked 
| 130|0x0000000088200000, 0x0000000088200000, 0x0000000088300000|  0%| F|  |TAMS 0x0000000088200000, 0x0000000088200000| Untracked 
| 131|0x0000000088300000, 0x0000000088300000, 0x0000000088400000|  0%| F|  |TAMS 0x0000000088300000, 0x0000000088300000| Untracked 
| 132|0x0000000088400000, 0x0000000088400000, 0x0000000088500000|  0%| F|  |TAMS 0x0000000088400000, 0x0000000088400000| Untracked 
| 133|0x0000000088500000, 0x0000000088500000, 0x0000000088600000|  0%| F|  |TAMS 0x0000000088500000, 0x0000000088500000| Untracked 
| 134|0x0000000088600000, 0x0000000088600000, 0x0000000088700000|  0%| F|  |TAMS 0x0000000088600000, 0x0000000088600000| Untracked 
| 135|0x0000000088700000, 0x0000000088700000, 0x0000000088800000|  0%| F|  |TAMS 0x0000000088700000, 0x0000000088700000| Untracked 
| 136|0x0000000088800000, 0x0000000088800000, 0x0000000088900000|  0%| F|  |TAMS 0x0000000088800000, 0x0000000088800000| Untracked 
| 137|0x0000000088900000, 0x0000000088900000, 0x0000000088a00000|  0%| F|  |TAMS 0x0000000088900000, 0x0000000088900000| Untracked 
| 138|0x0000000088a00000, 0x0000000088a00000, 0x0000000088b00000|  0%| F|  |TAMS 0x0000000088a00000, 0x0000000088a00000| Untracked 
| 139|0x0000000088b00000, 0x0000000088b00000, 0x0000000088c00000|  0%| F|  |TAMS 0x0000000088b00000, 0x0000000088b00000| Untracked 
| 140|0x0000000088c00000, 0x0000000088c00000, 0x0000000088d00000|  0%| F|  |TAMS 0x0000000088c00000, 0x0000000088c00000| Untracked 
| 141|0x0000000088d00000, 0x0000000088d00000, 0x0000000088e00000|  0%| F|  |TAMS 0x0000000088d00000, 0x0000000088d00000| Untracked 
| 142|0x0000000088e00000, 0x0000000088e00000, 0x0000000088f00000|  0%| F|  |TAMS 0x0000000088e00000, 0x0000000088e00000| Untracked 
| 143|0x0000000088f00000, 0x0000000088f00000, 0x0000000089000000|  0%| F|  |TAMS 0x0000000088f00000, 0x0000000088f00000| Untracked 
| 144|0x0000000089000000, 0x0000000089000000, 0x0000000089100000|  0%| F|  |TAMS 0x0000000089000000, 0x0000000089000000| Untracked 
| 145|0x0000000089100000, 0x0000000089100000, 0x0000000089200000|  0%| F|  |TAMS 0x0000000089100000, 0x0000000089100000| Untracked 
| 146|0x0000000089200000, 0x0000000089200000, 0x0000000089300000|  0%| F|  |TAMS 0x0000000089200000, 0x0000000089200000| Untracked 
| 147|0x0000000089300000, 0x0000000089383e00, 0x0000000089400000| 51%| S|CS|TAMS 0x0000000089300000, 0x0000000089300000| Complete 
| 148|0x0000000089400000, 0x0000000089400000, 0x0000000089500000|  0%| F|  |TAMS 0x0000000089400000, 0x0000000089400000| Untracked 
| 149|0x0000000089500000, 0x0000000089600000, 0x0000000089600000|100%| S|CS|TAMS 0x0000000089500000, 0x0000000089500000| Complete 
| 150|0x0000000089600000, 0x0000000089700000, 0x0000000089700000|100%| S|CS|TAMS 0x0000000089600000, 0x0000000089600000| Complete 
| 151|0x0000000089700000, 0x0000000089700000, 0x0000000089800000|  0%| F|  |TAMS 0x0000000089700000, 0x0000000089700000| Untracked 
| 152|0x0000000089800000, 0x0000000089800000, 0x0000000089900000|  0%| F|  |TAMS 0x0000000089800000, 0x0000000089800000| Untracked 
| 153|0x0000000089900000, 0x0000000089900000, 0x0000000089a00000|  0%| F|  |TAMS 0x0000000089900000, 0x0000000089900000| Untracked 
| 154|0x0000000089a00000, 0x0000000089a00000, 0x0000000089b00000|  0%| F|  |TAMS 0x0000000089a00000, 0x0000000089a00000| Untracked 
| 155|0x0000000089b00000, 0x0000000089b00000, 0x0000000089c00000|  0%| F|  |TAMS 0x0000000089b00000, 0x0000000089b00000| Untracked 
| 156|0x0000000089c00000, 0x0000000089c00000, 0x0000000089d00000|  0%| F|  |TAMS 0x0000000089c00000, 0x0000000089c00000| Untracked 
| 157|0x0000000089d00000, 0x0000000089d00000, 0x0000000089e00000|  0%| F|  |TAMS 0x0000000089d00000, 0x0000000089d00000| Untracked 
| 158|0x0000000089e00000, 0x0000000089e00000, 0x0000000089f00000|  0%| F|  |TAMS 0x0000000089e00000, 0x0000000089e00000| Untracked 
| 159|0x0000000089f00000, 0x0000000089f00000, 0x000000008a000000|  0%| F|  |TAMS 0x0000000089f00000, 0x0000000089f00000| Untracked 
| 160|0x000000008a000000, 0x000000008a000000, 0x000000008a100000|  0%| F|  |TAMS 0x000000008a000000, 0x000000008a000000| Untracked 
| 161|0x000000008a100000, 0x000000008a100000, 0x000000008a200000|  0%| F|  |TAMS 0x000000008a100000, 0x000000008a100000| Untracked 
| 162|0x000000008a200000, 0x000000008a200000, 0x000000008a300000|  0%| F|  |TAMS 0x000000008a200000, 0x000000008a200000| Untracked 
| 163|0x000000008a300000, 0x000000008a300000, 0x000000008a400000|  0%| F|  |TAMS 0x000000008a300000, 0x000000008a300000| Untracked 
| 164|0x000000008a400000, 0x000000008a400000, 0x000000008a500000|  0%| F|  |TAMS 0x000000008a400000, 0x000000008a400000| Untracked 
| 165|0x000000008a500000, 0x000000008a500000, 0x000000008a600000|  0%| F|  |TAMS 0x000000008a500000, 0x000000008a500000| Untracked 
| 166|0x000000008a600000, 0x000000008a600000, 0x000000008a700000|  0%| F|  |TAMS 0x000000008a600000, 0x000000008a600000| Untracked 
| 167|0x000000008a700000, 0x000000008a700000, 0x000000008a800000|  0%| F|  |TAMS 0x000000008a700000, 0x000000008a700000| Untracked 
| 168|0x000000008a800000, 0x000000008a800000, 0x000000008a900000|  0%| F|  |TAMS 0x000000008a800000, 0x000000008a800000| Untracked 
| 169|0x000000008a900000, 0x000000008a900000, 0x000000008aa00000|  0%| F|  |TAMS 0x000000008a900000, 0x000000008a900000| Untracked 
| 170|0x000000008aa00000, 0x000000008aa00000, 0x000000008ab00000|  0%| F|  |TAMS 0x000000008aa00000, 0x000000008aa00000| Untracked 
| 171|0x000000008ab00000, 0x000000008ab00000, 0x000000008ac00000|  0%| F|  |TAMS 0x000000008ab00000, 0x000000008ab00000| Untracked 
| 172|0x000000008ac00000, 0x000000008ac00000, 0x000000008ad00000|  0%| F|  |TAMS 0x000000008ac00000, 0x000000008ac00000| Untracked 
| 173|0x000000008ad00000, 0x000000008ad00000, 0x000000008ae00000|  0%| F|  |TAMS 0x000000008ad00000, 0x000000008ad00000| Untracked 
| 174|0x000000008ae00000, 0x000000008ae00000, 0x000000008af00000|  0%| F|  |TAMS 0x000000008ae00000, 0x000000008ae00000| Untracked 
| 175|0x000000008af00000, 0x000000008af00000, 0x000000008b000000|  0%| F|  |TAMS 0x000000008af00000, 0x000000008af00000| Untracked 
| 176|0x000000008b000000, 0x000000008b000000, 0x000000008b100000|  0%| F|  |TAMS 0x000000008b000000, 0x000000008b000000| Untracked 
| 177|0x000000008b100000, 0x000000008b100000, 0x000000008b200000|  0%| F|  |TAMS 0x000000008b100000, 0x000000008b100000| Untracked 
| 178|0x000000008b200000, 0x000000008b200000, 0x000000008b300000|  0%| F|  |TAMS 0x000000008b200000, 0x000000008b200000| Untracked 
| 179|0x000000008b300000, 0x000000008b300000, 0x000000008b400000|  0%| F|  |TAMS 0x000000008b300000, 0x000000008b300000| Untracked 
| 180|0x000000008b400000, 0x000000008b400000, 0x000000008b500000|  0%| F|  |TAMS 0x000000008b400000, 0x000000008b400000| Untracked 
| 181|0x000000008b500000, 0x000000008b500000, 0x000000008b600000|  0%| F|  |TAMS 0x000000008b500000, 0x000000008b500000| Untracked 
| 182|0x000000008b600000, 0x000000008b600000, 0x000000008b700000|  0%| F|  |TAMS 0x000000008b600000, 0x000000008b600000| Untracked 
| 183|0x000000008b700000, 0x000000008b700000, 0x000000008b800000|  0%| F|  |TAMS 0x000000008b700000, 0x000000008b700000| Untracked 
| 184|0x000000008b800000, 0x000000008b800000, 0x000000008b900000|  0%| F|  |TAMS 0x000000008b800000, 0x000000008b800000| Untracked 
| 185|0x000000008b900000, 0x000000008b900000, 0x000000008ba00000|  0%| F|  |TAMS 0x000000008b900000, 0x000000008b900000| Untracked 
| 186|0x000000008ba00000, 0x000000008ba80800, 0x000000008bb00000| 50%| E|  |TAMS 0x000000008ba00000, 0x000000008ba00000| Complete 
| 187|0x000000008bb00000, 0x000000008bc00000, 0x000000008bc00000|100%| E|CS|TAMS 0x000000008bb00000, 0x000000008bb00000| Complete 
| 188|0x000000008bc00000, 0x000000008bd00000, 0x000000008bd00000|100%| E|CS|TAMS 0x000000008bc00000, 0x000000008bc00000| Complete 
| 189|0x000000008bd00000, 0x000000008be00000, 0x000000008be00000|100%| E|CS|TAMS 0x000000008bd00000, 0x000000008bd00000| Complete 
| 190|0x000000008be00000, 0x000000008bf00000, 0x000000008bf00000|100%| E|CS|TAMS 0x000000008be00000, 0x000000008be00000| Complete 
| 191|0x000000008bf00000, 0x000000008c000000, 0x000000008c000000|100%| E|CS|TAMS 0x000000008bf00000, 0x000000008bf00000| Complete 
| 192|0x000000008c000000, 0x000000008c100000, 0x000000008c100000|100%| E|CS|TAMS 0x000000008c000000, 0x000000008c000000| Complete 
| 193|0x000000008c100000, 0x000000008c200000, 0x000000008c200000|100%| E|CS|TAMS 0x000000008c100000, 0x000000008c100000| Complete 
| 194|0x000000008c200000, 0x000000008c300000, 0x000000008c300000|100%| E|CS|TAMS 0x000000008c200000, 0x000000008c200000| Complete 
| 195|0x000000008c300000, 0x000000008c400000, 0x000000008c400000|100%| E|CS|TAMS 0x000000008c300000, 0x000000008c300000| Complete 
| 196|0x000000008c400000, 0x000000008c500000, 0x000000008c500000|100%| E|CS|TAMS 0x000000008c400000, 0x000000008c400000| Complete 
| 197|0x000000008c500000, 0x000000008c600000, 0x000000008c600000|100%| E|CS|TAMS 0x000000008c500000, 0x000000008c500000| Complete 
| 198|0x000000008c600000, 0x000000008c700000, 0x000000008c700000|100%| E|CS|TAMS 0x000000008c600000, 0x000000008c600000| Complete 
| 199|0x000000008c700000, 0x000000008c800000, 0x000000008c800000|100%| E|CS|TAMS 0x000000008c700000, 0x000000008c700000| Complete 
| 200|0x000000008c800000, 0x000000008c900000, 0x000000008c900000|100%| E|CS|TAMS 0x000000008c800000, 0x000000008c800000| Complete 
| 201|0x000000008c900000, 0x000000008ca00000, 0x000000008ca00000|100%| E|CS|TAMS 0x000000008c900000, 0x000000008c900000| Complete 
| 202|0x000000008ca00000, 0x000000008cb00000, 0x000000008cb00000|100%| E|CS|TAMS 0x000000008ca00000, 0x000000008ca00000| Complete 
| 203|0x000000008cb00000, 0x000000008cc00000, 0x000000008cc00000|100%| E|CS|TAMS 0x000000008cb00000, 0x000000008cb00000| Complete 
| 204|0x000000008cc00000, 0x000000008cd00000, 0x000000008cd00000|100%| E|CS|TAMS 0x000000008cc00000, 0x000000008cc00000| Complete 
| 205|0x000000008cd00000, 0x000000008ce00000, 0x000000008ce00000|100%| E|CS|TAMS 0x000000008cd00000, 0x000000008cd00000| Complete 
| 206|0x000000008ce00000, 0x000000008cf00000, 0x000000008cf00000|100%| E|CS|TAMS 0x000000008ce00000, 0x000000008ce00000| Complete 
| 207|0x000000008cf00000, 0x000000008d000000, 0x000000008d000000|100%| E|CS|TAMS 0x000000008cf00000, 0x000000008cf00000| Complete 
| 208|0x000000008d000000, 0x000000008d100000, 0x000000008d100000|100%| E|CS|TAMS 0x000000008d000000, 0x000000008d000000| Complete 
| 209|0x000000008d100000, 0x000000008d200000, 0x000000008d200000|100%| E|CS|TAMS 0x000000008d100000, 0x000000008d100000| Complete 
| 210|0x000000008d200000, 0x000000008d300000, 0x000000008d300000|100%| E|CS|TAMS 0x000000008d200000, 0x000000008d200000| Complete 
| 211|0x000000008d300000, 0x000000008d400000, 0x000000008d400000|100%| E|CS|TAMS 0x000000008d300000, 0x000000008d300000| Complete 
| 212|0x000000008d400000, 0x000000008d500000, 0x000000008d500000|100%| E|CS|TAMS 0x000000008d400000, 0x000000008d400000| Complete 
| 213|0x000000008d500000, 0x000000008d600000, 0x000000008d600000|100%| E|CS|TAMS 0x000000008d500000, 0x000000008d500000| Complete 
| 214|0x000000008d600000, 0x000000008d700000, 0x000000008d700000|100%| E|CS|TAMS 0x000000008d600000, 0x000000008d600000| Complete 
| 215|0x000000008d700000, 0x000000008d800000, 0x000000008d800000|100%| E|CS|TAMS 0x000000008d700000, 0x000000008d700000| Complete 
| 216|0x000000008d800000, 0x000000008d900000, 0x000000008d900000|100%| E|CS|TAMS 0x000000008d800000, 0x000000008d800000| Complete 
| 217|0x000000008d900000, 0x000000008da00000, 0x000000008da00000|100%| E|CS|TAMS 0x000000008d900000, 0x000000008d900000| Complete 
| 218|0x000000008da00000, 0x000000008db00000, 0x000000008db00000|100%| E|CS|TAMS 0x000000008da00000, 0x000000008da00000| Complete 
| 219|0x000000008db00000, 0x000000008dc00000, 0x000000008dc00000|100%| E|CS|TAMS 0x000000008db00000, 0x000000008db00000| Complete 
| 220|0x000000008dc00000, 0x000000008dd00000, 0x000000008dd00000|100%| E|CS|TAMS 0x000000008dc00000, 0x000000008dc00000| Complete 
| 221|0x000000008dd00000, 0x000000008de00000, 0x000000008de00000|100%| E|CS|TAMS 0x000000008dd00000, 0x000000008dd00000| Complete 

Card table byte_map: [0x000001abb3a40000,0x000001abb3e40000] _byte_map_base: 0x000001abb3640000

Marking Bits (Prev, Next): (CMBitMap*) 0x000001aba0b54ab8, (CMBitMap*) 0x000001aba0b54af0
 Prev Bits: [0x000001abb4240000, 0x000001abb6240000)
 Next Bits: [0x000001abb6240000, 0x000001abb8240000)

Polling page: 0x000001aba02f0000

Metaspace:

Usage:
  Non-class:    110.76 MB capacity,   108.68 MB ( 98%) used,     1.65 MB (  1%) free+waste,   444.69 KB ( <1%) overhead. 
      Class:     16.91 MB capacity,    15.56 MB ( 92%) used,     1.16 MB (  7%) free+waste,   196.50 KB (  1%) overhead. 
       Both:    127.67 MB capacity,   124.23 MB ( 97%) used,     2.81 MB (  2%) free+waste,   641.19 KB ( <1%) overhead. 

Virtual space:
  Non-class space:      112.00 MB reserved,     110.88 MB ( 99%) committed 
      Class space:        1.00 GB reserved,      17.02 MB (  2%) committed 
             Both:        1.11 GB reserved,     127.90 MB ( 11%) committed 

Chunk freelists:
   Non-Class:  57.00 KB
       Class:  0 bytes
        Both:  57.00 KB

MaxMetaspaceSize: 17179869184.00 GB
CompressedClassSpaceSize: 1.00 GB
Initial GC threshold: 20.80 MB
Current GC threshold: 211.71 MB
CDS: off

CodeHeap 'non-profiled nmethods': size=120064Kb used=13131Kb max_used=13131Kb free=106932Kb
 bounds [0x000001abac100000, 0x000001abacde0000, 0x000001abb3640000]
CodeHeap 'profiled nmethods': size=120000Kb used=46348Kb max_used=46348Kb free=73651Kb
 bounds [0x000001aba4bd0000, 0x000001aba7920000, 0x000001abac100000]
CodeHeap 'non-nmethods': size=5696Kb used=2479Kb max_used=2551Kb free=3216Kb
 bounds [0x000001aba4640000, 0x000001aba48d0000, 0x000001aba4bd0000]
 total_blobs=20767 nmethods=19750 adapters=927
 compilation: enabled
              stopped_count=0, restarted_count=0
 full_count=0

Compilation events (20 events):
Event: 52.784 Thread 0x000001abbaf7c000 21559       2       com.android.tools.r8.internal.w9::a (15 bytes)
Event: 52.785 Thread 0x000001abbaf7c000 nmethod 21559 0x000001aba7907d90 code [0x000001aba7907f40, 0x000001aba7908088]
Event: 52.785 Thread 0x000001abbaf7c000 21560       2       com.android.tools.r8.internal.w9::a (19 bytes)
Event: 52.785 Thread 0x000001abbaf7c000 nmethod 21560 0x000001aba7908190 code [0x000001aba79083a0, 0x000001aba7908738]
Event: 52.786 Thread 0x000001abbaf7c000 21561       2       com.android.tools.r8.internal.No::b (27 bytes)
Event: 52.786 Thread 0x000001abbaf7c000 nmethod 21561 0x000001aba7908a90 code [0x000001aba7908ca0, 0x000001aba7909008]
Event: 52.786 Thread 0x000001abbaf7c000 21563       2       com.android.tools.r8.internal.df::a (1 bytes)
Event: 52.786 Thread 0x000001abbaf7c000 nmethod 21563 0x000001aba7909290 code [0x000001aba7909440, 0x000001aba7909538]
Event: 52.812 Thread 0x000001abbaf7c000 21565       2       com.android.tools.r8.internal.oT::c (51 bytes)
Event: 52.813 Thread 0x000001abbaf7c000 nmethod 21565 0x000001aba7909610 code [0x000001aba7909820, 0x000001aba7909bf8]
Event: 52.921 Thread 0x000001abbaf7c000 21570       2       com.android.tools.r8.internal.cY::T (5 bytes)
Event: 52.921 Thread 0x000001abbaf7c000 nmethod 21570 0x000001aba7909e90 code [0x000001aba790a040, 0x000001aba790a178]
Event: 52.986 Thread 0x000001abbaf7c000 21572       1       com.android.tools.r8.internal.a8::M (2 bytes)
Event: 52.987 Thread 0x000001abbaf7c000 nmethod 21572 0x000001abacdd1790 code [0x000001abacdd1940, 0x000001abacdd19f8]
Event: 52.987 Thread 0x000001abbaf7c000 21573       1       com.android.tools.r8.internal.a8::getType (5 bytes)
Event: 52.987 Thread 0x000001abbaf7c000 nmethod 21573 0x000001abacdd1a90 code [0x000001abacdd1c40, 0x000001abacdd1cf8]
Event: 52.987 Thread 0x000001abbaf7c000 21574       1       com.android.tools.r8.internal.Rr::b1 (2 bytes)
Event: 52.987 Thread 0x000001abbaf7c000 nmethod 21574 0x000001abacdd1d90 code [0x000001abacdd1f40, 0x000001abacdd1ff8]
Event: 53.056 Thread 0x000001abbaf7c000 21575       2       java.util.IdentityHashMap$IdentityHashMapIterator::remove (317 bytes)
Event: 53.058 Thread 0x000001abbaf7c000 nmethod 21575 0x000001aba790a210 code [0x000001aba790a440, 0x000001aba790adc8]

GC Heap History (20 events):
Event: 45.994 GC heap before
{Heap before GC invocations=39 (full 0):
 garbage-first heap   total 227328K, used 184394K [0x0000000080000000, 0x0000000100000000)
  region size 1024K, 67 young (68608K), 7 survivors (7168K)
 Metaspace       used 124289K, capacity 127485K, committed 128028K, reserved 1161216K
  class space    used 15579K, capacity 16851K, committed 17048K, reserved 1048576K
}
Event: 46.015 GC heap after
{Heap after GC invocations=40 (full 0):
 garbage-first heap   total 227328K, used 123643K [0x0000000080000000, 0x0000000100000000)
  region size 1024K, 1 young (1024K), 1 survivors (1024K)
 Metaspace       used 124289K, capacity 127485K, committed 128028K, reserved 1161216K
  class space    used 15579K, capacity 16851K, committed 17048K, reserved 1048576K
}
Event: 46.223 GC heap before
{Heap before GC invocations=40 (full 0):
 garbage-first heap   total 227328K, used 133883K [0x0000000080000000, 0x0000000100000000)
  region size 1024K, 11 young (11264K), 1 survivors (1024K)
 Metaspace       used 124657K, capacity 127930K, committed 128284K, reserved 1161216K
  class space    used 15628K, capacity 16915K, committed 17048K, reserved 1048576K
}
Event: 46.231 GC heap after
{Heap after GC invocations=41 (full 0):
 garbage-first heap   total 227328K, used 123267K [0x0000000080000000, 0x0000000100000000)
  region size 1024K, 1 young (1024K), 1 survivors (1024K)
 Metaspace       used 124657K, capacity 127930K, committed 128284K, reserved 1161216K
  class space    used 15628K, capacity 16915K, committed 17048K, reserved 1048576K
}
Event: 47.293 GC heap before
{Heap before GC invocations=41 (full 0):
 garbage-first heap   total 227328K, used 187779K [0x0000000080000000, 0x0000000100000000)
  region size 1024K, 64 young (65536K), 1 survivors (1024K)
 Metaspace       used 126397K, capacity 129815K, committed 130076K, reserved 1163264K
  class space    used 15875K, capacity 17230K, committed 17304K, reserved 1048576K
}
Event: 47.299 GC heap after
{Heap after GC invocations=42 (full 0):
 garbage-first heap   total 227328K, used 123931K [0x0000000080000000, 0x0000000100000000)
  region size 1024K, 2 young (2048K), 2 survivors (2048K)
 Metaspace       used 126397K, capacity 129815K, committed 130076K, reserved 1163264K
  class space    used 15875K, capacity 17230K, committed 17304K, reserved 1048576K
}
Event: 48.562 GC heap before
{Heap before GC invocations=43 (full 0):
 garbage-first heap   total 227328K, used 189467K [0x0000000080000000, 0x0000000100000000)
  region size 1024K, 66 young (67584K), 2 survivors (2048K)
 Metaspace       used 126485K, capacity 129939K, committed 130076K, reserved 1163264K
  class space    used 15874K, capacity 17245K, committed 17304K, reserved 1048576K
}
Event: 48.569 GC heap after
{Heap after GC invocations=44 (full 0):
 garbage-first heap   total 227328K, used 123734K [0x0000000080000000, 0x0000000100000000)
  region size 1024K, 2 young (2048K), 2 survivors (2048K)
 Metaspace       used 126485K, capacity 129939K, committed 130076K, reserved 1163264K
  class space    used 15874K, capacity 17245K, committed 17304K, reserved 1048576K
}
Event: 48.686 GC heap before
{Heap before GC invocations=44 (full 0):
 garbage-first heap   total 227328K, used 132950K [0x0000000080000000, 0x0000000100000000)
  region size 1024K, 11 young (11264K), 2 survivors (2048K)
 Metaspace       used 126489K, capacity 129939K, committed 130076K, reserved 1163264K
  class space    used 15874K, capacity 17245K, committed 17304K, reserved 1048576K
}
Event: 48.691 GC heap after
{Heap after GC invocations=45 (full 0):
 garbage-first heap   total 227328K, used 122928K [0x0000000080000000, 0x0000000100000000)
  region size 1024K, 1 young (1024K), 1 survivors (1024K)
 Metaspace       used 126489K, capacity 129939K, committed 130076K, reserved 1163264K
  class space    used 15874K, capacity 17245K, committed 17304K, reserved 1048576K
}
Event: 49.315 GC heap before
{Heap before GC invocations=45 (full 0):
 garbage-first heap   total 227328K, used 190512K [0x0000000080000000, 0x0000000100000000)
  region size 1024K, 68 young (69632K), 1 survivors (1024K)
 Metaspace       used 126948K, capacity 130406K, committed 130716K, reserved 1163264K
  class space    used 15914K, capacity 17293K, committed 17432K, reserved 1048576K
}
Event: 49.323 GC heap after
{Heap after GC invocations=46 (full 0):
 garbage-first heap   total 227328K, used 125798K [0x0000000080000000, 0x0000000100000000)
  region size 1024K, 4 young (4096K), 4 survivors (4096K)
 Metaspace       used 126948K, capacity 130406K, committed 130716K, reserved 1163264K
  class space    used 15914K, capacity 17293K, committed 17432K, reserved 1048576K
}
Event: 50.065 GC heap before
{Heap before GC invocations=46 (full 0):
 garbage-first heap   total 227328K, used 191334K [0x0000000080000000, 0x0000000100000000)
  region size 1024K, 69 young (70656K), 4 survivors (4096K)
 Metaspace       used 127096K, capacity 130653K, committed 130972K, reserved 1163264K
  class space    used 15928K, capacity 17311K, committed 17432K, reserved 1048576K
}
Event: 50.070 GC heap after
{Heap after GC invocations=47 (full 0):
 garbage-first heap   total 227328K, used 123532K [0x0000000080000000, 0x0000000100000000)
  region size 1024K, 2 young (2048K), 2 survivors (2048K)
 Metaspace       used 127096K, capacity 130653K, committed 130972K, reserved 1163264K
  class space    used 15928K, capacity 17311K, committed 17432K, reserved 1048576K
}
Event: 50.995 GC heap before
{Heap before GC invocations=47 (full 0):
 garbage-first heap   total 227328K, used 192140K [0x0000000080000000, 0x0000000100000000)
  region size 1024K, 69 young (70656K), 2 survivors (2048K)
 Metaspace       used 127128K, capacity 130661K, committed 130972K, reserved 1163264K
  class space    used 15928K, capacity 17312K, committed 17432K, reserved 1048576K
}
Event: 51.001 GC heap after
{Heap after GC invocations=48 (full 0):
 garbage-first heap   total 227328K, used 123631K [0x0000000080000000, 0x0000000100000000)
  region size 1024K, 2 young (2048K), 2 survivors (2048K)
 Metaspace       used 127128K, capacity 130661K, committed 130972K, reserved 1163264K
  class space    used 15928K, capacity 17312K, committed 17432K, reserved 1048576K
}
Event: 51.809 GC heap before
{Heap before GC invocations=48 (full 0):
 garbage-first heap   total 227328K, used 193263K [0x0000000080000000, 0x0000000100000000)
  region size 1024K, 70 young (71680K), 2 survivors (2048K)
 Metaspace       used 127158K, capacity 130729K, committed 130972K, reserved 1163264K
  class space    used 15928K, capacity 17312K, committed 17432K, reserved 1048576K
}
Event: 51.818 GC heap after
{Heap after GC invocations=49 (full 0):
 garbage-first heap   total 227328K, used 124034K [0x0000000080000000, 0x0000000100000000)
  region size 1024K, 3 young (3072K), 3 survivors (3072K)
 Metaspace       used 127158K, capacity 130729K, committed 130972K, reserved 1163264K
  class space    used 15928K, capacity 17312K, committed 17432K, reserved 1048576K
}
Event: 52.407 GC heap before
{Heap before GC invocations=49 (full 0):
 garbage-first heap   total 227328K, used 193666K [0x0000000080000000, 0x0000000100000000)
  region size 1024K, 71 young (72704K), 3 survivors (3072K)
 Metaspace       used 127176K, capacity 130729K, committed 130972K, reserved 1163264K
  class space    used 15928K, capacity 17312K, committed 17432K, reserved 1048576K
}
Event: 52.414 GC heap after
{Heap after GC invocations=50 (full 0):
 garbage-first heap   total 227328K, used 124334K [0x0000000080000000, 0x0000000100000000)
  region size 1024K, 3 young (3072K), 3 survivors (3072K)
 Metaspace       used 127176K, capacity 130729K, committed 130972K, reserved 1163264K
  class space    used 15928K, capacity 17312K, committed 17432K, reserved 1048576K
}

Deoptimization events (20 events):
Event: 50.485 Thread 0x000001abc2bea000 DEOPT PACKING pc=0x000001abacd23704 sp=0x000000241aef61d0
Event: 50.485 Thread 0x000001abc2bea000 DEOPT UNPACKING pc=0x000001aba468a1af sp=0x000000241aef6218 mode 2
Event: 50.652 Thread 0x000001abc2bea000 DEOPT PACKING pc=0x000001aba540f1cb sp=0x000000241aef56e0
Event: 50.652 Thread 0x000001abc2bea000 DEOPT UNPACKING pc=0x000001aba468a95e sp=0x000000241aef4c78 mode 0
Event: 51.303 Thread 0x000001abc2bea000 DEOPT PACKING pc=0x000001aba7892e37 sp=0x000000241aef61f0
Event: 51.303 Thread 0x000001abc2bea000 DEOPT UNPACKING pc=0x000001aba468a95e sp=0x000000241aef5ae0 mode 0
Event: 51.510 Thread 0x000001abc2bea000 DEOPT PACKING pc=0x000001aba7892e37 sp=0x000000241aef61f0
Event: 51.510 Thread 0x000001abc2bea000 DEOPT UNPACKING pc=0x000001aba468a95e sp=0x000000241aef5ae0 mode 0
Event: 51.937 Thread 0x000001abc2bea000 DEOPT PACKING pc=0x000001aba7892e37 sp=0x000000241aef61f0
Event: 51.937 Thread 0x000001abc2bea000 DEOPT UNPACKING pc=0x000001aba468a95e sp=0x000000241aef5ae0 mode 0
Event: 51.956 Thread 0x000001abc2bea000 DEOPT PACKING pc=0x000001aba60b2d87 sp=0x000000241aef5d70
Event: 51.956 Thread 0x000001abc2bea000 DEOPT UNPACKING pc=0x000001aba468a95e sp=0x000000241aef5210 mode 0
Event: 52.134 Thread 0x000001abc2bea000 DEOPT PACKING pc=0x000001aba7892e37 sp=0x000000241aef61f0
Event: 52.134 Thread 0x000001abc2bea000 DEOPT UNPACKING pc=0x000001aba468a95e sp=0x000000241aef5ae0 mode 0
Event: 52.319 Thread 0x000001abc2bea000 DEOPT PACKING pc=0x000001aba7892e37 sp=0x000000241aef61f0
Event: 52.319 Thread 0x000001abc2bea000 DEOPT UNPACKING pc=0x000001aba468a95e sp=0x000000241aef5ae0 mode 0
Event: 52.520 Thread 0x000001abc2bea000 DEOPT PACKING pc=0x000001aba7892e37 sp=0x000000241aef61f0
Event: 52.520 Thread 0x000001abc2bea000 DEOPT UNPACKING pc=0x000001aba468a95e sp=0x000000241aef5ae0 mode 0
Event: 52.751 Thread 0x000001abc2bea000 DEOPT PACKING pc=0x000001aba7892e37 sp=0x000000241aef61f0
Event: 52.751 Thread 0x000001abc2bea000 DEOPT UNPACKING pc=0x000001aba468a95e sp=0x000000241aef5ae0 mode 0

Classes redefined (0 events):
No events

Internal exceptions (20 events):
Event: 42.176 Thread 0x000001abc038c800 Exception <a 'java/lang/IncompatibleClassChangeError'{0x000000008d5fb450}: Found class java.lang.Object, but interface was expected> (0x000000008d5fb450) thrown at [src/hotspot/share/interpreter/linkResolver.cpp, line 839]
Event: 42.299 Thread 0x000001abc038c800 Exception <a 'java/lang/NoSuchMethodError'{0x000000008cb1bd80}: 'void java.lang.invoke.DirectMethodHandle$Holder.invokeSpecial(java.lang.Object, java.lang.Object, int, java.lang.Object)'> (0x000000008cb1bd80) thrown at [src/hotspot/share/interpreter/linkResolver.cpp, line 773]
Event: 42.526 Thread 0x000001abc0386000 Exception <a 'java/lang/NoSuchMethodError'{0x000000008be41a68}: 'int java.lang.invoke.DirectMethodHandle$Holder.invokeSpecial(java.lang.Object, java.lang.Object, java.lang.Object, int, java.lang.Object)'> (0x000000008be41a68) thrown at [src/hotspot/share/interpreter/linkResolver.cpp, line 773]
Event: 43.096 Thread 0x000001abc0386000 Exception <a 'java/lang/NoSuchMethodError'{0x000000008a200d00}: 'java.lang.Object java.lang.invoke.DirectMethodHandle$Holder.invokeInterface(java.lang.Object, java.lang.Object, int)'> (0x000000008a200d00) thrown at [src/hotspot/share/interpreter/linkResolver.cpp, line 773]
Event: 45.644 Thread 0x000001abc2bea000 Exception <a 'java/lang/NoSuchMethodError'{0x000000008b19bc38}: 'int java.lang.invoke.DirectMethodHandle$Holder.invokeStatic(java.lang.Object, java.lang.Object, int, java.lang.Object)'> (0x000000008b19bc38) thrown at [src/hotspot/share/interpreter/linkResolver.cpp, line 773]
Event: 46.231 Thread 0x000001abc038c800 Exception <a 'java/lang/NoSuchMethodError'{0x000000008dd00b10}: 'java.lang.Object java.lang.invoke.Invokers$Holder.linkToTargetMethod(java.lang.Object, int, java.lang.Object, java.lang.Object, java.lang.Object, java.lang.Object)'> (0x000000008dd00b10) thrown at [src/hotspot/share/interpreter/linkResolver.cpp, line 773]
Event: 46.272 Thread 0x000001abc038c800 Exception <a 'java/lang/NoSuchMethodError'{0x000000008dd1e610}: 'void java.lang.invoke.DirectMethodHandle$Holder.invokeStatic(java.lang.Object, java.lang.Object, java.lang.Object, java.lang.Object, java.lang.Object, java.lang.Object, java.lang.Object, java.lang.Object)'> (0x000000008dd1e610) thrown at [src/hotspot/share/interpreter/linkResolver.cpp, line 773]
Event: 46.864 Thread 0x000001abc0386000 Exception <a 'java/lang/IncompatibleClassChangeError'{0x000000008b61ab20}: Found class java.lang.Object, but interface was expected> (0x000000008b61ab20) thrown at [src/hotspot/share/interpreter/linkResolver.cpp, line 839]
Event: 46.864 Thread 0x000001abc038c800 Exception <a 'java/lang/IncompatibleClassChangeError'{0x000000008b9915b0}: Found class java.lang.Object, but interface was expected> (0x000000008b9915b0) thrown at [src/hotspot/share/interpreter/linkResolver.cpp, line 839]
Event: 47.107 Thread 0x000001abc038c800 Exception <a 'java/lang/NoSuchMethodError'{0x000000008a7e20e8}: 'void java.lang.invoke.DirectMethodHandle$Holder.invokeSpecial(java.lang.Object, java.lang.Object, int)'> (0x000000008a7e20e8) thrown at [src/hotspot/share/interpreter/linkResolver.cpp, line 773]
Event: 47.207 Thread 0x000001abc038c800 Exception <a 'sun/nio/fs/WindowsException'{0x000000008a206128}> (0x000000008a206128) thrown at [src/hotspot/share/prims/jni.cpp, line 617]
Event: 47.245 Thread 0x000001abc0386000 Exception <a 'sun/nio/fs/WindowsException'{0x000000008a083960}> (0x000000008a083960) thrown at [src/hotspot/share/prims/jni.cpp, line 617]
Event: 48.886 Thread 0x000001abc2bea000 Exception <a 'java/lang/NoSuchMethodError'{0x000000008cd1b300}: 'java.lang.Object java.lang.invoke.DirectMethodHandle$Holder.invokeSpecial(java.lang.Object, java.lang.Object, java.lang.Object, java.lang.Object, java.lang.Object, java.lang.Object, java.lang.Object, java.lang.Object, java.lang.Object, java.lang.Object, java.lang.Object)'> (0x000000008cd1b300) thrown at [src/hotspot/share/interpreter/linkResolver.cpp, line 773]
Event: 48.887 Thread 0x000001abc2bea000 Exception <a 'java/lang/NoSuchMethodError'{0x000000008cd27498}: 'java.lang.Object java.lang.invoke.Invokers$Holder.linkToTargetMethod(java.lang.Object, java.lang.Object, java.lang.Object, java.lang.Object, java.lang.Object, java.lang.Object, java.lang.Object, java.lang.Object, java.lang.Object, java.lang.Object)'> (0x000000008cd27498) thrown at [src/hotspot/share/interpreter/linkResolver.cpp, line 773]
Event: 48.908 Thread 0x000001abc2bea000 Exception <a 'java/lang/IncompatibleClassChangeError'{0x000000008cdb4988}: Found class java.lang.Object, but interface was expected> (0x000000008cdb4988) thrown at [src/hotspot/share/interpreter/linkResolver.cpp, line 839]
Event: 49.160 Thread 0x000001abc2be7800 Exception <a 'sun/nio/fs/WindowsException'{0x000000008ab0ac28}> (0x000000008ab0ac28) thrown at [src/hotspot/share/prims/jni.cpp, line 617]
Event: 49.163 Thread 0x000001abc2be7800 Exception <a 'sun/nio/fs/WindowsException'{0x000000008ab32c70}> (0x000000008ab32c70) thrown at [src/hotspot/share/prims/jni.cpp, line 617]
Event: 49.163 Thread 0x000001abc2be7800 Exception <a 'sun/nio/fs/WindowsException'{0x000000008ab32d60}> (0x000000008ab32d60) thrown at [src/hotspot/share/prims/jni.cpp, line 617]
Event: 49.540 Thread 0x000001abc0388800 Exception <a 'sun/nio/fs/WindowsException'{0x000000008c904328}> (0x000000008c904328) thrown at [src/hotspot/share/prims/jni.cpp, line 617]
Event: 49.827 Thread 0x000001abc0388800 Exception <a 'sun/nio/fs/WindowsException'{0x000000008b3fbc30}> (0x000000008b3fbc30) thrown at [src/hotspot/share/prims/jni.cpp, line 617]

Events (20 events):
Event: 49.770 loading class com/android/tools/r8/graph/K
Event: 49.770 loading class com/android/tools/r8/graph/K done
Event: 49.770 loading class com/android/tools/r8/internal/JO
Event: 49.770 loading class com/android/tools/r8/internal/JO done
Event: 49.770 loading class com/android/tools/r8/graph/O
Event: 49.770 loading class com/android/tools/r8/graph/O done
Event: 49.770 loading class com/android/tools/r8/graph/K
Event: 49.770 loading class com/android/tools/r8/graph/K done
Event: 49.770 loading class com/android/tools/r8/internal/Um
Event: 49.770 loading class com/android/tools/r8/internal/Um done
Event: 50.022 Executing VM operation: ICBufferFull
Event: 50.023 Executing VM operation: ICBufferFull done
Event: 50.064 Executing VM operation: G1CollectForAllocation
Event: 50.071 Executing VM operation: G1CollectForAllocation done
Event: 50.995 Executing VM operation: G1CollectForAllocation
Event: 51.001 Executing VM operation: G1CollectForAllocation done
Event: 51.809 Executing VM operation: G1CollectForAllocation
Event: 51.818 Executing VM operation: G1CollectForAllocation done
Event: 52.407 Executing VM operation: G1CollectForAllocation
Event: 52.414 Executing VM operation: G1CollectForAllocation done


Dynamic libraries:
0x00007ff6615d0000 - 0x00007ff6615da000 	D:\Perkuliahan\Aplikasi Tugas\Android Studio\jbr\bin\java.exe
0x00007ff8e7ed0000 - 0x00007ff8e80c8000 	C:\WINDOWS\SYSTEM32\ntdll.dll
0x00007ff8e6060000 - 0x00007ff8e611f000 	C:\WINDOWS\System32\KERNEL32.DLL
0x00007ff8e57e0000 - 0x00007ff8e5ad6000 	C:\WINDOWS\System32\KERNELBASE.dll
0x00007ff8e56e0000 - 0x00007ff8e57e0000 	C:\WINDOWS\System32\ucrtbase.dll
0x00007ff8e0a80000 - 0x00007ff8e0a97000 	D:\Perkuliahan\Aplikasi Tugas\Android Studio\jbr\bin\jli.dll
0x00007ff8e0a60000 - 0x00007ff8e0a7b000 	D:\Perkuliahan\Aplikasi Tugas\Android Studio\jbr\bin\VCRUNTIME140.dll
0x00007ff8e6700000 - 0x00007ff8e689d000 	C:\WINDOWS\System32\USER32.dll
0x00007ff8e5c40000 - 0x00007ff8e5c62000 	C:\WINDOWS\System32\win32u.dll
0x00007ff8e7500000 - 0x00007ff8e752c000 	C:\WINDOWS\System32\GDI32.dll
0x00007ff8d2600000 - 0x00007ff8d289a000 	C:\WINDOWS\WinSxS\amd64_microsoft.windows.common-controls_6595b64144ccf1df_6.0.19041.1110_none_60b5254171f9507e\COMCTL32.dll
0x00007ff8e5c70000 - 0x00007ff8e5d85000 	C:\WINDOWS\System32\gdi32full.dll
0x00007ff8e6250000 - 0x00007ff8e62ee000 	C:\WINDOWS\System32\msvcrt.dll
0x00007ff8e55b0000 - 0x00007ff8e564d000 	C:\WINDOWS\System32\msvcp_win.dll
0x00007ff8e6c90000 - 0x00007ff8e6cc0000 	C:\WINDOWS\System32\IMM32.DLL
0x00007ff8e0a50000 - 0x00007ff8e0a5c000 	D:\Perkuliahan\Aplikasi Tugas\Android Studio\jbr\bin\vcruntime140_1.dll
0x00007ff8de680000 - 0x00007ff8de70d000 	D:\Perkuliahan\Aplikasi Tugas\Android Studio\jbr\bin\msvcp140.dll
0x00007ff8708d0000 - 0x00007ff87148c000 	D:\Perkuliahan\Aplikasi Tugas\Android Studio\jbr\bin\server\jvm.dll
0x00007ff8e7d10000 - 0x00007ff8e7dbf000 	C:\WINDOWS\System32\ADVAPI32.dll
0x00007ff8e7190000 - 0x00007ff8e722c000 	C:\WINDOWS\System32\sechost.dll
0x00007ff8e5f30000 - 0x00007ff8e6056000 	C:\WINDOWS\System32\RPCRT4.dll
0x00007ff8e6540000 - 0x00007ff8e6548000 	C:\WINDOWS\System32\PSAPI.DLL
0x00007ff8d2180000 - 0x00007ff8d21a7000 	C:\WINDOWS\SYSTEM32\WINMM.dll
0x00007ff8e02e0000 - 0x00007ff8e02e9000 	C:\WINDOWS\SYSTEM32\WSOCK32.dll
0x00007ff8dd950000 - 0x00007ff8dd95a000 	C:\WINDOWS\SYSTEM32\VERSION.dll
0x00007ff8e7230000 - 0x00007ff8e729b000 	C:\WINDOWS\System32\WS2_32.dll
0x00007ff8e3e20000 - 0x00007ff8e3e32000 	C:\WINDOWS\SYSTEM32\kernel.appcore.dll
0x00007ff8dfd30000 - 0x00007ff8dfd40000 	D:\Perkuliahan\Aplikasi Tugas\Android Studio\jbr\bin\verify.dll
0x00007ff8e3b20000 - 0x00007ff8e3d04000 	C:\WINDOWS\SYSTEM32\DBGHELP.DLL
0x00007ff8ca3f0000 - 0x00007ff8ca424000 	C:\WINDOWS\SYSTEM32\dbgcore.DLL
0x00007ff8e5650000 - 0x00007ff8e56d2000 	C:\WINDOWS\System32\bcryptPrimitives.dll
0x00007ff8aba40000 - 0x00007ff8aba68000 	D:\Perkuliahan\Aplikasi Tugas\Android Studio\jbr\bin\java.dll
0x00007ff8dfd20000 - 0x00007ff8dfd2a000 	D:\Perkuliahan\Aplikasi Tugas\Android Studio\jbr\bin\jimage.dll
0x00007ff8dca10000 - 0x00007ff8dca28000 	D:\Perkuliahan\Aplikasi Tugas\Android Studio\jbr\bin\zip.dll
0x00007ff8e7530000 - 0x00007ff8e7c74000 	C:\WINDOWS\System32\SHELL32.dll
0x00007ff8e32b0000 - 0x00007ff8e3a43000 	C:\WINDOWS\SYSTEM32\windows.storage.dll
0x00007ff8e6930000 - 0x00007ff8e6c84000 	C:\WINDOWS\System32\combase.dll
0x00007ff8e5000000 - 0x00007ff8e502e000 	C:\WINDOWS\SYSTEM32\Wldp.dll
0x00007ff8e7de0000 - 0x00007ff8e7e8d000 	C:\WINDOWS\System32\SHCORE.dll
0x00007ff8e7130000 - 0x00007ff8e7185000 	C:\WINDOWS\System32\shlwapi.dll
0x00007ff8e54f0000 - 0x00007ff8e550f000 	C:\WINDOWS\SYSTEM32\profapi.dll
0x00007ff8bbc90000 - 0x00007ff8bbca9000 	D:\Perkuliahan\Aplikasi Tugas\Android Studio\jbr\bin\net.dll
0x00007ff8d9d90000 - 0x00007ff8d9e9a000 	C:\WINDOWS\SYSTEM32\WINHTTP.dll
0x00007ff8e4d60000 - 0x00007ff8e4dca000 	C:\WINDOWS\system32\mswsock.dll
0x00007ff8bbb00000 - 0x00007ff8bbb13000 	D:\Perkuliahan\Aplikasi Tugas\Android Studio\jbr\bin\nio.dll
0x00007ff8e0aa0000 - 0x00007ff8e0ac7000 	C:\Users\HIDAYAT\.gradle\native\e1d6ef7f7dcc3fd88c89a11ec53ec762bb8ba0a96d01ffa2cd45eb1d1d8dd5c5\windows-amd64\native-platform.dll
0x00007ff8cd5c0000 - 0x00007ff8cd704000 	C:\Users\HIDAYAT\.gradle\native\0d407fdbe67a94daf76414ababcb853783967236a71b16ec16e742cd7a986fd3\windows-amd64\native-platform-file-events.dll
0x00007ff8cbc20000 - 0x00007ff8cbc2a000 	D:\Perkuliahan\Aplikasi Tugas\Android Studio\jbr\bin\management.dll
0x00007ff8becc0000 - 0x00007ff8beccb000 	D:\Perkuliahan\Aplikasi Tugas\Android Studio\jbr\bin\management_ext.dll
0x00007ff8e4f60000 - 0x00007ff8e4f78000 	C:\WINDOWS\SYSTEM32\CRYPTSP.dll
0x00007ff8e4610000 - 0x00007ff8e4644000 	C:\WINDOWS\system32\rsaenh.dll
0x00007ff8e5f00000 - 0x00007ff8e5f27000 	C:\WINDOWS\System32\bcrypt.dll
0x00007ff8e54b0000 - 0x00007ff8e54de000 	C:\WINDOWS\SYSTEM32\USERENV.dll
0x00007ff8e4f50000 - 0x00007ff8e4f5c000 	C:\WINDOWS\SYSTEM32\CRYPTBASE.dll
0x00007ff8e4a00000 - 0x00007ff8e4a3c000 	C:\WINDOWS\SYSTEM32\IPHLPAPI.DLL
0x00007ff8e74f0000 - 0x00007ff8e74f8000 	C:\WINDOWS\System32\NSI.dll
0x00007ff8dc7a0000 - 0x00007ff8dc7b7000 	C:\WINDOWS\SYSTEM32\dhcpcsvc6.DLL
0x00007ff8dd0b0000 - 0x00007ff8dd0cd000 	C:\WINDOWS\SYSTEM32\dhcpcsvc.DLL
0x00007ff8e4a40000 - 0x00007ff8e4b0a000 	C:\WINDOWS\SYSTEM32\DNSAPI.dll
0x00007ff8e4730000 - 0x00007ff8e4763000 	C:\WINDOWS\SYSTEM32\ntmarta.dll
0x00007ff8a8870000 - 0x00007ff8a8897000 	D:\Perkuliahan\Aplikasi Tugas\Android Studio\jbr\bin\sunec.dll
0x000000006cf30000 - 0x000000006cf56000 	C:\Program Files\Bonjour\mdnsNSP.dll
0x00007ff8d2ab0000 - 0x00007ff8d2aba000 	C:\Windows\System32\rasadhlp.dll
0x00007ff8d2de0000 - 0x00007ff8d2e62000 	C:\WINDOWS\System32\fwpuclnt.dll

dbghelp: loaded successfully - version: 4.0.5 - missing functions: none
symbol engine: initialized successfully - sym options: 0x614 - pdb path: .;D:\Perkuliahan\Aplikasi Tugas\Android Studio\jbr\bin;C:\WINDOWS\SYSTEM32;C:\WINDOWS\WinSxS\amd64_microsoft.windows.common-controls_6595b64144ccf1df_6.0.19041.1110_none_60b5254171f9507e;D:\Perkuliahan\Aplikasi Tugas\Android Studio\jbr\bin\server;C:\Users\HIDAYAT\.gradle\native\e1d6ef7f7dcc3fd88c89a11ec53ec762bb8ba0a96d01ffa2cd45eb1d1d8dd5c5\windows-amd64;C:\Users\HIDAYAT\.gradle\native\0d407fdbe67a94daf76414ababcb853783967236a71b16ec16e742cd7a986fd3\windows-amd64;C:\Program Files\Bonjour

VM Arguments:
jvm_args: --add-opens=java.base/java.util=ALL-UNNAMED --add-opens=java.base/java.lang=ALL-UNNAMED --add-opens=java.base/java.lang.invoke=ALL-UNNAMED --add-opens=java.base/java.util=ALL-UNNAMED --add-opens=java.prefs/java.util.prefs=ALL-UNNAMED --add-opens=java.prefs/java.util.prefs=ALL-UNNAMED --add-opens=java.base/java.nio.charset=ALL-UNNAMED --add-opens=java.base/java.net=ALL-UNNAMED --add-opens=java.base/java.util.concurrent.atomic=ALL-UNNAMED -Xmx2048m -Dfile.encoding=UTF-8 -Duser.country=ID -Duser.language=en -Duser.variant 
java_command: org.gradle.launcher.daemon.bootstrap.GradleDaemon 7.5
java_class_path (initial): C:\Users\HIDAYAT\.gradle\wrapper\dists\gradle-7.5-bin\f1w0cc9nuo0eivz97x2xlu9sv\gradle-7.5\lib\gradle-launcher-7.5.jar
Launcher Type: SUN_STANDARD

[Global flags]
     intx CICompilerCount                          = 3                                         {product} {ergonomic}
     uint ConcGCThreads                            = 1                                         {product} {ergonomic}
     uint G1ConcRefinementThreads                  = 4                                         {product} {ergonomic}
   size_t G1HeapRegionSize                         = 1048576                                   {product} {ergonomic}
    uintx GCDrainStackTargetSize                   = 64                                        {product} {ergonomic}
   size_t InitialHeapSize                          = 134217728                                 {product} {ergonomic}
   size_t MarkStackSize                            = 4194304                                   {product} {ergonomic}
   size_t MaxHeapSize                              = 2147483648                                {product} {command line}
   size_t MaxNewSize                               = 1287651328                                {product} {ergonomic}
   size_t MinHeapDeltaBytes                        = 1048576                                   {product} {ergonomic}
    uintx NonNMethodCodeHeapSize                   = 5830732                                {pd product} {ergonomic}
    uintx NonProfiledCodeHeapSize                  = 122913754                              {pd product} {ergonomic}
    uintx ProfiledCodeHeapSize                     = 122913754                              {pd product} {ergonomic}
    uintx ReservedCodeCacheSize                    = 251658240                              {pd product} {ergonomic}
     bool SegmentedCodeCache                       = true                                      {product} {ergonomic}
     bool UseCompressedClassPointers               = true                                 {lp64_product} {ergonomic}
     bool UseCompressedOops                        = true                                 {lp64_product} {ergonomic}
     bool UseG1GC                                  = true                                      {product} {ergonomic}
     bool UseLargePagesIndividualAllocation        = false                                  {pd product} {ergonomic}

Logging:
Log output configuration:
 #0: stdout all=warning uptime,level,tags
 #1: stderr all=off uptime,level,tags

Environment Variables:
PATH=C:\Program Files\Common Files\Oracle\Java\javapath;C:\Program Files (x86)\Common Files\Oracle\Java\javapath;C:\Program Files (x86)\Intel\iCLS Client\;C:\Program Files\Intel\iCLS Client\;C:\Windows\system32;C:\Windows;C:\Windows\System32\Wbem;C:\Windows\System32\WindowsPowerShell\v1.0\;C:\Program Files (x86)\Intel\Intel(R) Management Engine Components\DAL;C:\Program Files\Intel\Intel(R) Management Engine Components\DAL;C:\Program Files (x86)\Intel\Intel(R) Management Engine Components\IPT;C:\Program Files\Intel\Intel(R) Management Engine Components\IPT;C:\WINDOWS\system32;C:\WINDOWS;C:\WINDOWS\System32\Wbem;C:\WINDOWS\System32\WindowsPowerShell\v1.0\;C:\Program Files (x86)\NVIDIA Corporation\PhysX\Common;C:\WINDOWS\System32\OpenSSH\;C:\Program Files\Intel\WiFi\bin\;C:\Program Files\Common Files\Intel\WirelessCommon\;C:\Program Files\NVIDIA Corporation\NVIDIA NvDLISR;C:\WINDOWS\system32;C:\WINDOWS;C:\WINDOWS\System32\Wbem;C:\WINDOWS\System32\WindowsPowerShell\v1.0\;C:\WINDOWS\System32\OpenSSH\;C:\Program Files\IBM\SPSS\Statistics\24\JRE\bin;D:\Perkuliahan\Aplikasi Tugas\Git\cmd;C:\Program Files\MySQL\MySQL Shell 8.0\bin\;C:\Users\HIDAYAT\AppData\Local\Microsoft\WindowsApps;;E:\Other\Fiddler;C:\Users\HIDAYAT\AppData\Local\Microsoft\WindowsApps;C:\Users\HIDAYAT\AppData\Local\Programs\Microsoft VS Code\bin;D:\Perkuliahan\Microsoft VS Code\bin
USERNAME=HIDAYAT
OS=Windows_NT
PROCESSOR_IDENTIFIER=Intel64 Family 6 Model 142 Stepping 9, GenuineIntel



---------------  S Y S T E M  ---------------

OS: Windows 10 , 64 bit Build 19041 (10.0.19041.3031)
OS uptime: 0 days 2:04 hours

CPU:total 4 (initial active 4) (2 cores per cpu, 2 threads per core) family 6 model 142 stepping 9 microcode 0xb4, cmov, cx8, fxsr, mmx, sse, sse2, sse3, ssse3, sse4.1, sse4.2, popcnt, avx, avx2, aes, clmul, erms, 3dnowpref, lzcnt, ht, tsc, tscinvbit, bmi1, bmi2, adx, fma

Memory: 4k page, system-wide physical 8077M (437M free)
TotalPageFile size 10125M (AvailPageFile size 6M)
current process WorkingSet (physical memory assigned to process): 609M, peak: 612M
current process commit charge ("private bytes"): 642M, peak: 647M

vm_info: OpenJDK 64-Bit Server VM (11.0.15+0-b2043.56-9505619) for windows-amd64 JRE (11.0.15+0-b2043.56-9505619), built on Jan 19 2023 02:48:00 by "builduser" with unknown MS VC++:1929

END.
